{"numFailedTestSuites":2,"numFailedTests":6,"numPassedTestSuites":1,"numPassedTests":33,"numPendingTestSuites":0,"numPendingTests":0,"numRuntimeErrorTestSuites":0,"numTodoTests":0,"numTotalTestSuites":3,"numTotalTests":39,"openHandles":[],"snapshot":{"added":0,"didUpdate":false,"failure":false,"filesAdded":0,"filesRemoved":0,"filesRemovedList":[],"filesUnmatched":0,"filesUpdated":0,"matched":0,"total":0,"unchecked":0,"uncheckedKeysByFile":[],"unmatched":0,"updated":0},"startTime":1768443362993,"success":false,"testResults":[{"assertionResults":[{"ancestorTitles":["Solver V4 Shared Utilities","getCombinations"],"duration":4,"failing":false,"failureDetails":[],"failureMessages":[],"fullName":"Solver V4 Shared Utilities getCombinations should return correct combinations of size 2","invocations":1,"location":null,"numPassingAsserts":4,"retryReasons":[],"startAt":1768443363505,"status":"passed","title":"should return correct combinations of size 2"},{"ancestorTitles":["Solver V4 Shared Utilities","getCombinations"],"duration":1,"failing":false,"failureDetails":[],"failureMessages":[],"fullName":"Solver V4 Shared Utilities getCombinations should return correct combinations of size 3","invocations":1,"location":null,"numPassingAsserts":5,"retryReasons":[],"startAt":1768443363509,"status":"passed","title":"should return correct combinations of size 3"},{"ancestorTitles":["Solver V4 Shared Utilities","getChainLengthPenalty"],"duration":1,"failing":false,"failureDetails":[],"failureMessages":[],"fullName":"Solver V4 Shared Utilities getChainLengthPenalty should return 0.0 for lengths <= 4","invocations":1,"location":null,"numPassingAsserts":2,"retryReasons":[],"startAt":1768443363510,"status":"passed","title":"should return 0.0 for lengths <= 4"},{"ancestorTitles":["Solver V4 Shared Utilities","getChainLengthPenalty"],"duration":0,"failing":false,"failureDetails":[],"failureMessages":[],"fullName":"Solver V4 Shared Utilities getChainLengthPenalty should return 0.1 for lengths 5 and 6","invocations":1,"location":null,"numPassingAsserts":2,"retryReasons":[],"startAt":1768443363511,"status":"passed","title":"should return 0.1 for lengths 5 and 6"},{"ancestorTitles":["Solver V4 Shared Utilities","getChainLengthPenalty"],"duration":1,"failing":false,"failureDetails":[],"failureMessages":[],"fullName":"Solver V4 Shared Utilities getChainLengthPenalty should return 0.2 for lengths 7 and 8","invocations":1,"location":null,"numPassingAsserts":2,"retryReasons":[],"startAt":1768443363511,"status":"passed","title":"should return 0.2 for lengths 7 and 8"},{"ancestorTitles":["Solver V4 Shared Utilities","getChainLengthPenalty"],"duration":2,"failing":false,"failureDetails":[],"failureMessages":[],"fullName":"Solver V4 Shared Utilities getChainLengthPenalty should return 0.3 for lengths 9 to 12","invocations":1,"location":null,"numPassingAsserts":2,"retryReasons":[],"startAt":1768443363512,"status":"passed","title":"should return 0.3 for lengths 9 to 12"},{"ancestorTitles":["Solver V4 Shared Utilities","getChainLengthPenalty"],"duration":0,"failing":false,"failureDetails":[],"failureMessages":[],"fullName":"Solver V4 Shared Utilities getChainLengthPenalty should match SE logarithmic-like growth example 14 -> 0.4","invocations":1,"location":null,"numPassingAsserts":1,"retryReasons":[],"startAt":1768443363514,"status":"passed","title":"should match SE logarithmic-like growth example 14 -> 0.4"},{"ancestorTitles":["Solver V4 Shared Utilities","getChainLengthPenalty"],"duration":0,"failing":false,"failureDetails":[],"failureMessages":[],"fullName":"Solver V4 Shared Utilities getChainLengthPenalty should reach higher penalties correctly","invocations":1,"location":null,"numPassingAsserts":2,"retryReasons":[],"startAt":1768443363514,"status":"passed","title":"should reach higher penalties correctly"},{"ancestorTitles":["Solver V4 Shared Utilities","GridModelV4 Utility Methods"],"duration":0,"failing":false,"failureDetails":[],"failureMessages":[],"fullName":"Solver V4 Shared Utilities GridModelV4 Utility Methods countSetBits should correctly count bits","invocations":1,"location":null,"numPassingAsserts":4,"retryReasons":[],"startAt":1768443363515,"status":"passed","title":"countSetBits should correctly count bits"},{"ancestorTitles":["Solver V4 Shared Utilities","GridModelV4 Utility Methods"],"duration":1,"failing":false,"failureDetails":[],"failureMessages":[],"fullName":"Solver V4 Shared Utilities GridModelV4 Utility Methods getVals should return correct array of candidate digits","invocations":1,"location":null,"numPassingAsserts":4,"retryReasons":[],"startAt":1768443363515,"status":"passed","title":"getVals should return correct array of candidate digits"},{"ancestorTitles":["Solver V4 Shared Utilities","House and Peer Utilities"],"duration":0,"failing":false,"failureDetails":[],"failureMessages":[],"fullName":"Solver V4 Shared Utilities House and Peer Utilities getHouseCells should return correct indices","invocations":1,"location":null,"numPassingAsserts":3,"retryReasons":[],"startAt":1768443363516,"status":"passed","title":"getHouseCells should return correct indices"},{"ancestorTitles":["Solver V4 Shared Utilities","House and Peer Utilities"],"duration":1,"failing":false,"failureDetails":[],"failureMessages":[],"fullName":"Solver V4 Shared Utilities House and Peer Utilities getPeers should return 20 unique peers for a cell","invocations":1,"location":null,"numPassingAsserts":6,"retryReasons":[],"startAt":1768443363516,"status":"passed","title":"getPeers should return 20 unique peers for a cell"},{"ancestorTitles":["Solver V4 Shared Utilities","House and Peer Utilities"],"duration":0,"failing":false,"failureDetails":[],"failureMessages":[],"fullName":"Solver V4 Shared Utilities House and Peer Utilities sees should correctly detect if two cells share a house","invocations":1,"location":null,"numPassingAsserts":4,"retryReasons":[],"startAt":1768443363517,"status":"passed","title":"sees should correctly detect if two cells share a house"},{"ancestorTitles":["Solver V4 Shared Utilities","House and Peer Utilities"],"duration":1,"failing":false,"failureDetails":[],"failureMessages":[],"fullName":"Solver V4 Shared Utilities House and Peer Utilities getCommonHouse should return the common house index or -1","invocations":1,"location":null,"numPassingAsserts":4,"retryReasons":[],"startAt":1768443363517,"status":"passed","title":"getCommonHouse should return the common house index or -1"},{"ancestorTitles":["Solver V4 Shared Utilities","House and Peer Utilities"],"duration":0,"failing":false,"failureDetails":[],"failureMessages":[],"fullName":"Solver V4 Shared Utilities House and Peer Utilities getCommonPeers should return the intersection of peers","invocations":1,"location":null,"numPassingAsserts":4,"retryReasons":[],"startAt":1768443363518,"status":"passed","title":"getCommonPeers should return the intersection of peers"}],"endTime":1768443363519,"message":"","name":"C:\\Users\\dmbai\\MDL\\SudokuApp\\utils\\v2\\__tests__\\shared-v4.test.ts","startTime":1768443363280,"status":"passed","summary":""},{"assertionResults":[{"ancestorTitles":["V4 Strategy Unit Tests","HiddenSingleStrategy"],"duration":5,"failing":false,"failureDetails":[],"failureMessages":[],"fullName":"V4 Strategy Unit Tests HiddenSingleStrategy should find a Hidden Single in a Row","invocations":1,"location":null,"numPassingAsserts":3,"retryReasons":[],"startAt":1768443363505,"status":"passed","title":"should find a Hidden Single in a Row"},{"ancestorTitles":["V4 Strategy Unit Tests","NakedSingleStrategy"],"duration":1,"failing":false,"failureDetails":[],"failureMessages":[],"fullName":"V4 Strategy Unit Tests NakedSingleStrategy should find a Naked Single","invocations":1,"location":null,"numPassingAsserts":3,"retryReasons":[],"startAt":1768443363510,"status":"passed","title":"should find a Naked Single"},{"ancestorTitles":["V4 Strategy Unit Tests","PointingStrategy (Intersection)"],"duration":1,"failing":false,"failureDetails":[],"failureMessages":[],"fullName":"V4 Strategy Unit Tests PointingStrategy (Intersection) should find a Pointing Pair","invocations":1,"location":null,"numPassingAsserts":3,"retryReasons":[],"startAt":1768443363511,"status":"passed","title":"should find a Pointing Pair"},{"ancestorTitles":["V4 Strategy Unit Tests","ClaimingStrategy (Intersection)"],"duration":1,"failing":false,"failureDetails":[],"failureMessages":[],"fullName":"V4 Strategy Unit Tests ClaimingStrategy (Intersection) should find a Claiming Pair (Line-Box)","invocations":1,"location":null,"numPassingAsserts":3,"retryReasons":[],"startAt":1768443363512,"status":"passed","title":"should find a Claiming Pair (Line-Box)"},{"ancestorTitles":["V4 Strategy Unit Tests","NakedSubsetStrategy"],"duration":2,"failing":false,"failureDetails":[],"failureMessages":[],"fullName":"V4 Strategy Unit Tests NakedSubsetStrategy should find a Naked Pair","invocations":1,"location":null,"numPassingAsserts":2,"retryReasons":[],"startAt":1768443363513,"status":"passed","title":"should find a Naked Pair"},{"ancestorTitles":["V4 Strategy Unit Tests","NakedSubsetStrategy"],"duration":0,"failing":false,"failureDetails":[],"failureMessages":[],"fullName":"V4 Strategy Unit Tests NakedSubsetStrategy should find a Naked Triplet","invocations":1,"location":null,"numPassingAsserts":3,"retryReasons":[],"startAt":1768443363516,"status":"passed","title":"should find a Naked Triplet"},{"ancestorTitles":["V4 Strategy Unit Tests","NakedSubsetStrategy"],"duration":1,"failing":false,"failureDetails":[],"failureMessages":[],"fullName":"V4 Strategy Unit Tests NakedSubsetStrategy should find a Naked Quad","invocations":1,"location":null,"numPassingAsserts":3,"retryReasons":[],"startAt":1768443363516,"status":"passed","title":"should find a Naked Quad"},{"ancestorTitles":["V4 Strategy Unit Tests","FishStrategy"],"duration":1,"failing":false,"failureDetails":[],"failureMessages":[],"fullName":"V4 Strategy Unit Tests FishStrategy should find an X-Wing","invocations":1,"location":null,"numPassingAsserts":2,"retryReasons":[],"startAt":1768443363517,"status":"passed","title":"should find an X-Wing"},{"ancestorTitles":["V4 Strategy Unit Tests","FishStrategy"],"duration":1,"failing":false,"failureDetails":[],"failureMessages":[],"fullName":"V4 Strategy Unit Tests FishStrategy should find a Swordfish","invocations":1,"location":null,"numPassingAsserts":3,"retryReasons":[],"startAt":1768443363518,"status":"passed","title":"should find a Swordfish"},{"ancestorTitles":["V4 Strategy Unit Tests","XYZWingStrategy"],"duration":1,"failing":false,"failureDetails":[],"failureMessages":[],"fullName":"V4 Strategy Unit Tests XYZWingStrategy should find an XYZ-Wing","invocations":1,"location":null,"numPassingAsserts":4,"retryReasons":[],"startAt":1768443363519,"status":"passed","title":"should find an XYZ-Wing"},{"ancestorTitles":["V4 Strategy Unit Tests","SkyscraperStrategy"],"duration":1,"failing":false,"failureDetails":[{"matcherResult":{"message":"\u001b[2mexpect(\u001b[22m\u001b[31mreceived\u001b[39m\u001b[2m).\u001b[22mnot\u001b[2m.\u001b[22mtoBeNull\u001b[2m()\u001b[22m\n\nReceived: \u001b[31mnull\u001b[39m","pass":true}}],"failureMessages":["Error: \u001b[2mexpect(\u001b[22m\u001b[31mreceived\u001b[39m\u001b[2m).\u001b[22mnot\u001b[2m.\u001b[22mtoBeNull\u001b[2m()\u001b[22m\n\nReceived: \u001b[31mnull\u001b[39m\n    at Object.toBeNull (C:\\Users\\dmbai\\MDL\\SudokuApp\\utils\\v2\\__tests__\\strategies-v4.test.ts:221:30)\n    at Promise.finally.completed (C:\\Users\\dmbai\\MDL\\SudokuApp\\node_modules\\jest-circus\\build\\jestAdapterInit.js:1557:28)\n    at new Promise (<anonymous>)\n    at callAsyncCircusFn (C:\\Users\\dmbai\\MDL\\SudokuApp\\node_modules\\jest-circus\\build\\jestAdapterInit.js:1497:10)\n    at _callCircusTest (C:\\Users\\dmbai\\MDL\\SudokuApp\\node_modules\\jest-circus\\build\\jestAdapterInit.js:1007:40)\n    at processTicksAndRejections (node:internal/process/task_queues:105:5)\n    at _runTest (C:\\Users\\dmbai\\MDL\\SudokuApp\\node_modules\\jest-circus\\build\\jestAdapterInit.js:947:3)\n    at C:\\Users\\dmbai\\MDL\\SudokuApp\\node_modules\\jest-circus\\build\\jestAdapterInit.js:849:7\n    at _runTestsForDescribeBlock (C:\\Users\\dmbai\\MDL\\SudokuApp\\node_modules\\jest-circus\\build\\jestAdapterInit.js:862:11)\n    at _runTestsForDescribeBlock (C:\\Users\\dmbai\\MDL\\SudokuApp\\node_modules\\jest-circus\\build\\jestAdapterInit.js:857:11)\n    at _runTestsForDescribeBlock (C:\\Users\\dmbai\\MDL\\SudokuApp\\node_modules\\jest-circus\\build\\jestAdapterInit.js:857:11)\n    at run (C:\\Users\\dmbai\\MDL\\SudokuApp\\node_modules\\jest-circus\\build\\jestAdapterInit.js:761:3)\n    at runAndTransformResultsToJestFormat (C:\\Users\\dmbai\\MDL\\SudokuApp\\node_modules\\jest-circus\\build\\jestAdapterInit.js:1918:21)\n    at jestAdapter (C:\\Users\\dmbai\\MDL\\SudokuApp\\node_modules\\jest-circus\\build\\runner.js:101:19)\n    at runTestInternal (C:\\Users\\dmbai\\MDL\\SudokuApp\\node_modules\\jest-runner\\build\\testWorker.js:275:16)\n    at runTest (C:\\Users\\dmbai\\MDL\\SudokuApp\\node_modules\\jest-runner\\build\\testWorker.js:343:7)\n    at Object.worker (C:\\Users\\dmbai\\MDL\\SudokuApp\\node_modules\\jest-runner\\build\\testWorker.js:497:12)"],"fullName":"V4 Strategy Unit Tests SkyscraperStrategy should find a Skyscraper","invocations":1,"location":null,"numPassingAsserts":0,"retryReasons":[],"startAt":1768443363520,"status":"failed","title":"should find a Skyscraper"},{"ancestorTitles":["V4 Strategy Unit Tests","TwoStringKiteStrategy"],"duration":1,"failing":false,"failureDetails":[{"matcherResult":{"message":"\u001b[2mexpect(\u001b[22m\u001b[31mreceived\u001b[39m\u001b[2m).\u001b[22mnot\u001b[2m.\u001b[22mtoBeNull\u001b[2m()\u001b[22m\n\nReceived: \u001b[31mnull\u001b[39m","pass":true}}],"failureMessages":["Error: \u001b[2mexpect(\u001b[22m\u001b[31mreceived\u001b[39m\u001b[2m).\u001b[22mnot\u001b[2m.\u001b[22mtoBeNull\u001b[2m()\u001b[22m\n\nReceived: \u001b[31mnull\u001b[39m\n    at Object.toBeNull (C:\\Users\\dmbai\\MDL\\SudokuApp\\utils\\v2\\__tests__\\strategies-v4.test.ts:246:30)\n    at Promise.finally.completed (C:\\Users\\dmbai\\MDL\\SudokuApp\\node_modules\\jest-circus\\build\\jestAdapterInit.js:1557:28)\n    at new Promise (<anonymous>)\n    at callAsyncCircusFn (C:\\Users\\dmbai\\MDL\\SudokuApp\\node_modules\\jest-circus\\build\\jestAdapterInit.js:1497:10)\n    at _callCircusTest (C:\\Users\\dmbai\\MDL\\SudokuApp\\node_modules\\jest-circus\\build\\jestAdapterInit.js:1007:40)\n    at processTicksAndRejections (node:internal/process/task_queues:105:5)\n    at _runTest (C:\\Users\\dmbai\\MDL\\SudokuApp\\node_modules\\jest-circus\\build\\jestAdapterInit.js:947:3)\n    at C:\\Users\\dmbai\\MDL\\SudokuApp\\node_modules\\jest-circus\\build\\jestAdapterInit.js:849:7\n    at _runTestsForDescribeBlock (C:\\Users\\dmbai\\MDL\\SudokuApp\\node_modules\\jest-circus\\build\\jestAdapterInit.js:862:11)\n    at _runTestsForDescribeBlock (C:\\Users\\dmbai\\MDL\\SudokuApp\\node_modules\\jest-circus\\build\\jestAdapterInit.js:857:11)\n    at _runTestsForDescribeBlock (C:\\Users\\dmbai\\MDL\\SudokuApp\\node_modules\\jest-circus\\build\\jestAdapterInit.js:857:11)\n    at run (C:\\Users\\dmbai\\MDL\\SudokuApp\\node_modules\\jest-circus\\build\\jestAdapterInit.js:761:3)\n    at runAndTransformResultsToJestFormat (C:\\Users\\dmbai\\MDL\\SudokuApp\\node_modules\\jest-circus\\build\\jestAdapterInit.js:1918:21)\n    at jestAdapter (C:\\Users\\dmbai\\MDL\\SudokuApp\\node_modules\\jest-circus\\build\\runner.js:101:19)\n    at runTestInternal (C:\\Users\\dmbai\\MDL\\SudokuApp\\node_modules\\jest-runner\\build\\testWorker.js:275:16)\n    at runTest (C:\\Users\\dmbai\\MDL\\SudokuApp\\node_modules\\jest-runner\\build\\testWorker.js:343:7)\n    at Object.worker (C:\\Users\\dmbai\\MDL\\SudokuApp\\node_modules\\jest-runner\\build\\testWorker.js:497:12)"],"fullName":"V4 Strategy Unit Tests TwoStringKiteStrategy should find a Two-String Kite","invocations":1,"location":null,"numPassingAsserts":0,"retryReasons":[],"startAt":1768443363532,"status":"failed","title":"should find a Two-String Kite"},{"ancestorTitles":["V4 Strategy Unit Tests","UniqueRectangleStrategy"],"duration":0,"failing":false,"failureDetails":[],"failureMessages":[],"fullName":"V4 Strategy Unit Tests UniqueRectangleStrategy should find a Unique Rectangle Type 1","invocations":1,"location":null,"numPassingAsserts":4,"retryReasons":[],"startAt":1768443363534,"status":"passed","title":"should find a Unique Rectangle Type 1"},{"ancestorTitles":["V4 Strategy Unit Tests","BUGType1Strategy"],"duration":1,"failing":false,"failureDetails":[],"failureMessages":[],"fullName":"V4 Strategy Unit Tests BUGType1Strategy should find a BUG Type 1","invocations":1,"location":null,"numPassingAsserts":3,"retryReasons":[],"startAt":1768443363534,"status":"passed","title":"should find a BUG Type 1"},{"ancestorTitles":["V4 Strategy Unit Tests","AICStrategy"],"duration":3,"failing":false,"failureDetails":[{"matcherResult":{"actual":false,"expected":true,"message":"\u001b[2mexpect(\u001b[22m\u001b[31mreceived\u001b[39m\u001b[2m).\u001b[22mtoBe\u001b[2m(\u001b[22m\u001b[32mexpected\u001b[39m\u001b[2m) // Object.is equality\u001b[22m\n\nExpected: \u001b[32mtrue\u001b[39m\nReceived: \u001b[31mfalse\u001b[39m","name":"toBe","pass":false}}],"failureMessages":["Error: \u001b[2mexpect(\u001b[22m\u001b[31mreceived\u001b[39m\u001b[2m).\u001b[22mtoBe\u001b[2m(\u001b[22m\u001b[32mexpected\u001b[39m\u001b[2m) // Object.is equality\u001b[22m\n\nExpected: \u001b[32mtrue\u001b[39m\nReceived: \u001b[31mfalse\u001b[39m\n    at Object.toBe (C:\\Users\\dmbai\\MDL\\SudokuApp\\utils\\v2\\__tests__\\strategies-v4.test.ts:416:104)\n    at Promise.finally.completed (C:\\Users\\dmbai\\MDL\\SudokuApp\\node_modules\\jest-circus\\build\\jestAdapterInit.js:1557:28)\n    at new Promise (<anonymous>)\n    at callAsyncCircusFn (C:\\Users\\dmbai\\MDL\\SudokuApp\\node_modules\\jest-circus\\build\\jestAdapterInit.js:1497:10)\n    at _callCircusTest (C:\\Users\\dmbai\\MDL\\SudokuApp\\node_modules\\jest-circus\\build\\jestAdapterInit.js:1007:40)\n    at processTicksAndRejections (node:internal/process/task_queues:105:5)\n    at _runTest (C:\\Users\\dmbai\\MDL\\SudokuApp\\node_modules\\jest-circus\\build\\jestAdapterInit.js:947:3)\n    at C:\\Users\\dmbai\\MDL\\SudokuApp\\node_modules\\jest-circus\\build\\jestAdapterInit.js:849:7\n    at _runTestsForDescribeBlock (C:\\Users\\dmbai\\MDL\\SudokuApp\\node_modules\\jest-circus\\build\\jestAdapterInit.js:862:11)\n    at _runTestsForDescribeBlock (C:\\Users\\dmbai\\MDL\\SudokuApp\\node_modules\\jest-circus\\build\\jestAdapterInit.js:857:11)\n    at _runTestsForDescribeBlock (C:\\Users\\dmbai\\MDL\\SudokuApp\\node_modules\\jest-circus\\build\\jestAdapterInit.js:857:11)\n    at run (C:\\Users\\dmbai\\MDL\\SudokuApp\\node_modules\\jest-circus\\build\\jestAdapterInit.js:761:3)\n    at runAndTransformResultsToJestFormat (C:\\Users\\dmbai\\MDL\\SudokuApp\\node_modules\\jest-circus\\build\\jestAdapterInit.js:1918:21)\n    at jestAdapter (C:\\Users\\dmbai\\MDL\\SudokuApp\\node_modules\\jest-circus\\build\\runner.js:101:19)\n    at runTestInternal (C:\\Users\\dmbai\\MDL\\SudokuApp\\node_modules\\jest-runner\\build\\testWorker.js:275:16)\n    at runTest (C:\\Users\\dmbai\\MDL\\SudokuApp\\node_modules\\jest-runner\\build\\testWorker.js:343:7)\n    at Object.worker (C:\\Users\\dmbai\\MDL\\SudokuApp\\node_modules\\jest-runner\\build\\testWorker.js:497:12)"],"fullName":"V4 Strategy Unit Tests AICStrategy should find a Simple X-Chain (Turbot Fish)","invocations":1,"location":null,"numPassingAsserts":2,"retryReasons":[],"startAt":1768443363535,"status":"failed","title":"should find a Simple X-Chain (Turbot Fish)"},{"ancestorTitles":["V4 Strategy Unit Tests","HiddenSubsetStrategy"],"duration":1,"failing":false,"failureDetails":[],"failureMessages":[],"fullName":"V4 Strategy Unit Tests HiddenSubsetStrategy should find a Hidden Pair","invocations":1,"location":null,"numPassingAsserts":3,"retryReasons":[],"startAt":1768443363538,"status":"passed","title":"should find a Hidden Pair"},{"ancestorTitles":["V4 Strategy Unit Tests","HiddenSubsetStrategy"],"duration":1,"failing":false,"failureDetails":[],"failureMessages":[],"fullName":"V4 Strategy Unit Tests HiddenSubsetStrategy should find a Hidden Triplet","invocations":1,"location":null,"numPassingAsserts":3,"retryReasons":[],"startAt":1768443363539,"status":"passed","title":"should find a Hidden Triplet"},{"ancestorTitles":["V4 Strategy Unit Tests","HiddenSubsetStrategy"],"duration":0,"failing":false,"failureDetails":[],"failureMessages":[],"fullName":"V4 Strategy Unit Tests HiddenSubsetStrategy should find a Hidden Quad","invocations":1,"location":null,"numPassingAsserts":3,"retryReasons":[],"startAt":1768443363540,"status":"passed","title":"should find a Hidden Quad"},{"ancestorTitles":["V4 Strategy Unit Tests","XYWingStrategy"],"duration":1,"failing":false,"failureDetails":[],"failureMessages":[],"fullName":"V4 Strategy Unit Tests XYWingStrategy should find an XY-Wing","invocations":1,"location":null,"numPassingAsserts":4,"retryReasons":[],"startAt":1768443363540,"status":"passed","title":"should find an XY-Wing"},{"ancestorTitles":["V4 Strategy Unit Tests","FishStrategy (Jellyfish)"],"duration":0,"failing":false,"failureDetails":[],"failureMessages":[],"fullName":"V4 Strategy Unit Tests FishStrategy (Jellyfish) should find a Jellyfish","invocations":1,"location":null,"numPassingAsserts":3,"retryReasons":[],"startAt":1768443363541,"status":"passed","title":"should find a Jellyfish"},{"ancestorTitles":["V4 Strategy Unit Tests","CellForcingStrategy"],"duration":21,"failing":false,"failureDetails":[{"matcherResult":{"message":"\u001b[2mexpect(\u001b[22m\u001b[31mreceived\u001b[39m\u001b[2m).\u001b[22mtoContain\u001b[2m(\u001b[22m\u001b[32mexpected\u001b[39m\u001b[2m) // indexOf\u001b[22m\n\nExpected substring: \u001b[32m\"Contradiction\"\u001b[39m\nReceived string:    \u001b[31m\"Cell Forcing Chain\"\u001b[39m","pass":false}}],"failureMessages":["Error: \u001b[2mexpect(\u001b[22m\u001b[31mreceived\u001b[39m\u001b[2m).\u001b[22mtoContain\u001b[2m(\u001b[22m\u001b[32mexpected\u001b[39m\u001b[2m) // indexOf\u001b[22m\n\nExpected substring: \u001b[32m\"Contradiction\"\u001b[39m\nReceived string:    \u001b[31m\"Cell Forcing Chain\"\u001b[39m\n    at Object.toContain (C:\\Users\\dmbai\\MDL\\SudokuApp\\utils\\v2\\__tests__\\strategies-v4.test.ts:563:37)\n    at Promise.finally.completed (C:\\Users\\dmbai\\MDL\\SudokuApp\\node_modules\\jest-circus\\build\\jestAdapterInit.js:1557:28)\n    at new Promise (<anonymous>)\n    at callAsyncCircusFn (C:\\Users\\dmbai\\MDL\\SudokuApp\\node_modules\\jest-circus\\build\\jestAdapterInit.js:1497:10)\n    at _callCircusTest (C:\\Users\\dmbai\\MDL\\SudokuApp\\node_modules\\jest-circus\\build\\jestAdapterInit.js:1007:40)\n    at processTicksAndRejections (node:internal/process/task_queues:105:5)\n    at _runTest (C:\\Users\\dmbai\\MDL\\SudokuApp\\node_modules\\jest-circus\\build\\jestAdapterInit.js:947:3)\n    at C:\\Users\\dmbai\\MDL\\SudokuApp\\node_modules\\jest-circus\\build\\jestAdapterInit.js:849:7\n    at _runTestsForDescribeBlock (C:\\Users\\dmbai\\MDL\\SudokuApp\\node_modules\\jest-circus\\build\\jestAdapterInit.js:862:11)\n    at _runTestsForDescribeBlock (C:\\Users\\dmbai\\MDL\\SudokuApp\\node_modules\\jest-circus\\build\\jestAdapterInit.js:857:11)\n    at _runTestsForDescribeBlock (C:\\Users\\dmbai\\MDL\\SudokuApp\\node_modules\\jest-circus\\build\\jestAdapterInit.js:857:11)\n    at run (C:\\Users\\dmbai\\MDL\\SudokuApp\\node_modules\\jest-circus\\build\\jestAdapterInit.js:761:3)\n    at runAndTransformResultsToJestFormat (C:\\Users\\dmbai\\MDL\\SudokuApp\\node_modules\\jest-circus\\build\\jestAdapterInit.js:1918:21)\n    at jestAdapter (C:\\Users\\dmbai\\MDL\\SudokuApp\\node_modules\\jest-circus\\build\\runner.js:101:19)\n    at runTestInternal (C:\\Users\\dmbai\\MDL\\SudokuApp\\node_modules\\jest-runner\\build\\testWorker.js:275:16)\n    at runTest (C:\\Users\\dmbai\\MDL\\SudokuApp\\node_modules\\jest-runner\\build\\testWorker.js:343:7)\n    at Object.worker (C:\\Users\\dmbai\\MDL\\SudokuApp\\node_modules\\jest-runner\\build\\testWorker.js:497:12)"],"fullName":"V4 Strategy Unit Tests CellForcingStrategy should find a Bivalue Contradiction (Forcing Chain Rule 1)","invocations":1,"location":null,"numPassingAsserts":1,"retryReasons":[],"startAt":1768443363541,"status":"failed","title":"should find a Bivalue Contradiction (Forcing Chain Rule 1)"},{"ancestorTitles":["V4 Strategy Unit Tests","CellForcingStrategy"],"duration":1,"failing":false,"failureDetails":[],"failureMessages":[],"fullName":"V4 Strategy Unit Tests CellForcingStrategy should find a Deep Contradiction (Forcing Chain Rule 3/Deep)","invocations":1,"location":null,"numPassingAsserts":0,"retryReasons":[],"startAt":1768443363562,"status":"passed","title":"should find a Deep Contradiction (Forcing Chain Rule 3/Deep)"}],"endTime":1768443363592,"message":"\u001b[1m\u001b[31m  \u001b[1m● \u001b[22m\u001b[1mV4 Strategy Unit Tests › SkyscraperStrategy › should find a Skyscraper\u001b[39m\u001b[22m\n\n    \u001b[2mexpect(\u001b[22m\u001b[31mreceived\u001b[39m\u001b[2m).\u001b[22mnot\u001b[2m.\u001b[22mtoBeNull\u001b[2m()\u001b[22m\n\n    Received: \u001b[31mnull\u001b[39m\n\u001b[2m\u001b[22m\n\u001b[2m    \u001b[0m \u001b[90m 219 |\u001b[39m             \u001b[36mconst\u001b[39m strategy \u001b[33m=\u001b[39m \u001b[36mnew\u001b[39m \u001b[33mSkyscraperStrategy\u001b[39m()\u001b[33m;\u001b[39m\u001b[22m\n\u001b[2m     \u001b[90m 220 |\u001b[39m             \u001b[36mconst\u001b[39m step \u001b[33m=\u001b[39m strategy\u001b[33m.\u001b[39mfind(grid)\u001b[33m;\u001b[39m\u001b[22m\n\u001b[2m    \u001b[31m\u001b[1m>\u001b[22m\u001b[2m\u001b[39m\u001b[90m 221 |\u001b[39m             expect(step)\u001b[33m.\u001b[39mnot\u001b[33m.\u001b[39mtoBeNull()\u001b[33m;\u001b[39m\u001b[22m\n\u001b[2m     \u001b[90m     |\u001b[39m                              \u001b[31m\u001b[1m^\u001b[22m\u001b[2m\u001b[39m\u001b[22m\n\u001b[2m     \u001b[90m 222 |\u001b[39m             expect(step\u001b[33m!\u001b[39m\u001b[33m.\u001b[39mtechnique)\u001b[33m.\u001b[39mtoBe(\u001b[32m'Skyscraper'\u001b[39m)\u001b[33m;\u001b[39m\u001b[22m\n\u001b[2m     \u001b[90m 223 |\u001b[39m             expect(step\u001b[33m!\u001b[39m\u001b[33m.\u001b[39mhighlights\u001b[33m.\u001b[39msome(h \u001b[33m=>\u001b[39m h\u001b[33m.\u001b[39mtype \u001b[33m===\u001b[39m \u001b[32m'elimination'\u001b[39m \u001b[33m&&\u001b[39m h\u001b[33m.\u001b[39mrow \u001b[33m===\u001b[39m \u001b[35m0\u001b[39m \u001b[33m&&\u001b[39m h\u001b[33m.\u001b[39mcol \u001b[33m===\u001b[39m \u001b[35m4\u001b[39m))\u001b[33m.\u001b[39mtoBe(\u001b[36mtrue\u001b[39m)\u001b[33m;\u001b[39m\u001b[22m\n\u001b[2m     \u001b[90m 224 |\u001b[39m         })\u001b[33m;\u001b[39m\u001b[0m\u001b[22m\n\u001b[2m\u001b[22m\n\u001b[2m      \u001b[2mat Object.toBeNull (\u001b[22m\u001b[2m\u001b[0m\u001b[36mutils/v2/__tests__/strategies-v4.test.ts\u001b[39m\u001b[0m\u001b[2m:221:30)\u001b[22m\u001b[2m\u001b[22m\n\n\u001b[1m\u001b[31m  \u001b[1m● \u001b[22m\u001b[1mV4 Strategy Unit Tests › TwoStringKiteStrategy › should find a Two-String Kite\u001b[39m\u001b[22m\n\n    \u001b[2mexpect(\u001b[22m\u001b[31mreceived\u001b[39m\u001b[2m).\u001b[22mnot\u001b[2m.\u001b[22mtoBeNull\u001b[2m()\u001b[22m\n\n    Received: \u001b[31mnull\u001b[39m\n\u001b[2m\u001b[22m\n\u001b[2m    \u001b[0m \u001b[90m 244 |\u001b[39m             \u001b[36mconst\u001b[39m strategy \u001b[33m=\u001b[39m \u001b[36mnew\u001b[39m \u001b[33mTwoStringKiteStrategy\u001b[39m()\u001b[33m;\u001b[39m\u001b[22m\n\u001b[2m     \u001b[90m 245 |\u001b[39m             \u001b[36mconst\u001b[39m step \u001b[33m=\u001b[39m strategy\u001b[33m.\u001b[39mfind(grid)\u001b[33m;\u001b[39m\u001b[22m\n\u001b[2m    \u001b[31m\u001b[1m>\u001b[22m\u001b[2m\u001b[39m\u001b[90m 246 |\u001b[39m             expect(step)\u001b[33m.\u001b[39mnot\u001b[33m.\u001b[39mtoBeNull()\u001b[33m;\u001b[39m\u001b[22m\n\u001b[2m     \u001b[90m     |\u001b[39m                              \u001b[31m\u001b[1m^\u001b[22m\u001b[2m\u001b[39m\u001b[22m\n\u001b[2m     \u001b[90m 247 |\u001b[39m             expect(step\u001b[33m!\u001b[39m\u001b[33m.\u001b[39mtechnique)\u001b[33m.\u001b[39mtoBe(\u001b[32m'Two-String Kite'\u001b[39m)\u001b[33m;\u001b[39m\u001b[22m\n\u001b[2m     \u001b[90m 248 |\u001b[39m             expect(step\u001b[33m!\u001b[39m\u001b[33m.\u001b[39mhighlights\u001b[33m.\u001b[39msome(h \u001b[33m=>\u001b[39m h\u001b[33m.\u001b[39mtype \u001b[33m===\u001b[39m \u001b[32m'elimination'\u001b[39m \u001b[33m&&\u001b[39m h\u001b[33m.\u001b[39mrow \u001b[33m===\u001b[39m \u001b[35m8\u001b[39m \u001b[33m&&\u001b[39m h\u001b[33m.\u001b[39mcol \u001b[33m===\u001b[39m \u001b[35m8\u001b[39m))\u001b[33m.\u001b[39mtoBe(\u001b[36mtrue\u001b[39m)\u001b[33m;\u001b[39m\u001b[22m\n\u001b[2m     \u001b[90m 249 |\u001b[39m         })\u001b[33m;\u001b[39m\u001b[0m\u001b[22m\n\u001b[2m\u001b[22m\n\u001b[2m      \u001b[2mat Object.toBeNull (\u001b[22m\u001b[2m\u001b[0m\u001b[36mutils/v2/__tests__/strategies-v4.test.ts\u001b[39m\u001b[0m\u001b[2m:246:30)\u001b[22m\u001b[2m\u001b[22m\n\n\u001b[1m\u001b[31m  \u001b[1m● \u001b[22m\u001b[1mV4 Strategy Unit Tests › AICStrategy › should find a Simple X-Chain (Turbot Fish)\u001b[39m\u001b[22m\n\n    \u001b[2mexpect(\u001b[22m\u001b[31mreceived\u001b[39m\u001b[2m).\u001b[22mtoBe\u001b[2m(\u001b[22m\u001b[32mexpected\u001b[39m\u001b[2m) // Object.is equality\u001b[22m\n\n    Expected: \u001b[32mtrue\u001b[39m\n    Received: \u001b[31mfalse\u001b[39m\n\u001b[2m\u001b[22m\n\u001b[2m    \u001b[0m \u001b[90m 414 |\u001b[39m             \u001b[90m// The unit test directly calls AICStrategy.find, avoiding order issues.\u001b[39m\u001b[22m\n\u001b[2m     \u001b[90m 415 |\u001b[39m             expect(step\u001b[33m!\u001b[39m\u001b[33m.\u001b[39mtechnique)\u001b[33m.\u001b[39mtoMatch(\u001b[35m/Forcing.*Chain/\u001b[39m)\u001b[33m;\u001b[39m\u001b[22m\n\u001b[2m    \u001b[31m\u001b[1m>\u001b[22m\u001b[2m\u001b[39m\u001b[90m 416 |\u001b[39m             expect(step\u001b[33m!\u001b[39m\u001b[33m.\u001b[39mhighlights\u001b[33m.\u001b[39msome(h \u001b[33m=>\u001b[39m h\u001b[33m.\u001b[39mtype \u001b[33m===\u001b[39m \u001b[32m'elimination'\u001b[39m \u001b[33m&&\u001b[39m h\u001b[33m.\u001b[39mrow \u001b[33m===\u001b[39m \u001b[35m0\u001b[39m \u001b[33m&&\u001b[39m h\u001b[33m.\u001b[39mcol \u001b[33m===\u001b[39m \u001b[35m2\u001b[39m))\u001b[33m.\u001b[39mtoBe(\u001b[36mtrue\u001b[39m)\u001b[33m;\u001b[39m\u001b[22m\n\u001b[2m     \u001b[90m     |\u001b[39m                                                                                                        \u001b[31m\u001b[1m^\u001b[22m\u001b[2m\u001b[39m\u001b[22m\n\u001b[2m     \u001b[90m 417 |\u001b[39m         })\u001b[33m;\u001b[39m\u001b[22m\n\u001b[2m     \u001b[90m 418 |\u001b[39m     })\u001b[33m;\u001b[39m\u001b[22m\n\u001b[2m     \u001b[90m 419 |\u001b[39m\u001b[0m\u001b[22m\n\u001b[2m\u001b[22m\n\u001b[2m      \u001b[2mat Object.toBe (\u001b[22m\u001b[2m\u001b[0m\u001b[36mutils/v2/__tests__/strategies-v4.test.ts\u001b[39m\u001b[0m\u001b[2m:416:104)\u001b[22m\u001b[2m\u001b[22m\n\n\u001b[1m\u001b[31m  \u001b[1m● \u001b[22m\u001b[1mV4 Strategy Unit Tests › CellForcingStrategy › should find a Bivalue Contradiction (Forcing Chain Rule 1)\u001b[39m\u001b[22m\n\n    \u001b[2mexpect(\u001b[22m\u001b[31mreceived\u001b[39m\u001b[2m).\u001b[22mtoContain\u001b[2m(\u001b[22m\u001b[32mexpected\u001b[39m\u001b[2m) // indexOf\u001b[22m\n\n    Expected substring: \u001b[32m\"Contradiction\"\u001b[39m\n    Received string:    \u001b[31m\"Cell Forcing Chain\"\u001b[39m\n\u001b[2m\u001b[22m\n\u001b[2m    \u001b[0m \u001b[90m 561 |\u001b[39m             expect(step)\u001b[33m.\u001b[39mnot\u001b[33m.\u001b[39mtoBeNull()\u001b[33m;\u001b[39m\u001b[22m\n\u001b[2m     \u001b[90m 562 |\u001b[39m             \u001b[90m// It might return 'Contradiction Forcing Chain' (7.5)\u001b[39m\u001b[22m\n\u001b[2m    \u001b[31m\u001b[1m>\u001b[22m\u001b[2m\u001b[39m\u001b[90m 563 |\u001b[39m             expect(step\u001b[33m!\u001b[39m\u001b[33m.\u001b[39mtechnique)\u001b[33m.\u001b[39mtoContain(\u001b[32m'Contradiction'\u001b[39m)\u001b[33m;\u001b[39m\u001b[22m\n\u001b[2m     \u001b[90m     |\u001b[39m                                     \u001b[31m\u001b[1m^\u001b[22m\u001b[2m\u001b[39m\u001b[22m\n\u001b[2m     \u001b[90m 564 |\u001b[39m             expect(step\u001b[33m!\u001b[39m\u001b[33m.\u001b[39mexplanation)\u001b[33m.\u001b[39mtoContain(\u001b[32m'Cell (1,1) cannot be 1'\u001b[39m)\u001b[33m;\u001b[39m\u001b[22m\n\u001b[2m     \u001b[90m 565 |\u001b[39m         })\u001b[33m;\u001b[39m\u001b[22m\n\u001b[2m     \u001b[90m 566 |\u001b[39m\u001b[0m\u001b[22m\n\u001b[2m\u001b[22m\n\u001b[2m      \u001b[2mat Object.toContain (\u001b[22m\u001b[2m\u001b[0m\u001b[36mutils/v2/__tests__/strategies-v4.test.ts\u001b[39m\u001b[0m\u001b[2m:563:37)\u001b[22m\u001b[2m\u001b[22m\n","name":"C:\\Users\\dmbai\\MDL\\SudokuApp\\utils\\v2\\__tests__\\strategies-v4.test.ts","startTime":1768443363279,"status":"failed","summary":""},{"assertionResults":[{"ancestorTitles":["SudokuGraderV4"],"duration":14,"failing":false,"failureDetails":[{"matcherResult":{"actual":1.2,"expected":1.5,"message":"\u001b[2mexpect(\u001b[22m\u001b[31mreceived\u001b[39m\u001b[2m).\u001b[22mtoBe\u001b[2m(\u001b[22m\u001b[32mexpected\u001b[39m\u001b[2m) // Object.is equality\u001b[22m\n\nExpected: \u001b[32m1.5\u001b[39m\nReceived: \u001b[31m1.2\u001b[39m","name":"toBe","pass":false}}],"failureMessages":["Error: \u001b[2mexpect(\u001b[22m\u001b[31mreceived\u001b[39m\u001b[2m).\u001b[22mtoBe\u001b[2m(\u001b[22m\u001b[32mexpected\u001b[39m\u001b[2m) // Object.is equality\u001b[22m\n\nExpected: \u001b[32m1.5\u001b[39m\nReceived: \u001b[31m1.2\u001b[39m\n    at Object.toBe (C:\\Users\\dmbai\\MDL\\SudokuApp\\utils\\v2\\__tests__\\solver-v4.test.ts:8:31)\n    at Promise.finally.completed (C:\\Users\\dmbai\\MDL\\SudokuApp\\node_modules\\jest-circus\\build\\jestAdapterInit.js:1557:28)\n    at new Promise (<anonymous>)\n    at callAsyncCircusFn (C:\\Users\\dmbai\\MDL\\SudokuApp\\node_modules\\jest-circus\\build\\jestAdapterInit.js:1497:10)\n    at _callCircusTest (C:\\Users\\dmbai\\MDL\\SudokuApp\\node_modules\\jest-circus\\build\\jestAdapterInit.js:1007:40)\n    at processTicksAndRejections (node:internal/process/task_queues:105:5)\n    at _runTest (C:\\Users\\dmbai\\MDL\\SudokuApp\\node_modules\\jest-circus\\build\\jestAdapterInit.js:947:3)\n    at C:\\Users\\dmbai\\MDL\\SudokuApp\\node_modules\\jest-circus\\build\\jestAdapterInit.js:849:7\n    at _runTestsForDescribeBlock (C:\\Users\\dmbai\\MDL\\SudokuApp\\node_modules\\jest-circus\\build\\jestAdapterInit.js:862:11)\n    at _runTestsForDescribeBlock (C:\\Users\\dmbai\\MDL\\SudokuApp\\node_modules\\jest-circus\\build\\jestAdapterInit.js:857:11)\n    at run (C:\\Users\\dmbai\\MDL\\SudokuApp\\node_modules\\jest-circus\\build\\jestAdapterInit.js:761:3)\n    at runAndTransformResultsToJestFormat (C:\\Users\\dmbai\\MDL\\SudokuApp\\node_modules\\jest-circus\\build\\jestAdapterInit.js:1918:21)\n    at jestAdapter (C:\\Users\\dmbai\\MDL\\SudokuApp\\node_modules\\jest-circus\\build\\runner.js:101:19)\n    at runTestInternal (C:\\Users\\dmbai\\MDL\\SudokuApp\\node_modules\\jest-runner\\build\\testWorker.js:275:16)\n    at runTest (C:\\Users\\dmbai\\MDL\\SudokuApp\\node_modules\\jest-runner\\build\\testWorker.js:343:7)\n    at Object.worker (C:\\Users\\dmbai\\MDL\\SudokuApp\\node_modules\\jest-runner\\build\\testWorker.js:497:12)"],"fullName":"SudokuGraderV4 Easy Puzzle (SE ~1.5)","invocations":1,"location":null,"numPassingAsserts":0,"retryReasons":[],"startAt":1768443363496,"status":"failed","title":"Easy Puzzle (SE ~1.5)"},{"ancestorTitles":["SudokuGraderV4"],"duration":301,"failing":false,"failureDetails":[{}],"failureMessages":["Error: Expected 3.6, got 2.6. Steps: Hidden Single (Block):1.2, Hidden Single (Block):1.2, Hidden Single (Block):1.2, Hidden Single (Line):1.5, Pointing Pair:2.6\n    at Object.<anonymous> (C:\\Users\\dmbai\\MDL\\SudokuApp\\utils\\v2\\__tests__\\solver-v4.test.ts:17:19)\n    at Promise.finally.completed (C:\\Users\\dmbai\\MDL\\SudokuApp\\node_modules\\jest-circus\\build\\jestAdapterInit.js:1557:28)\n    at new Promise (<anonymous>)\n    at callAsyncCircusFn (C:\\Users\\dmbai\\MDL\\SudokuApp\\node_modules\\jest-circus\\build\\jestAdapterInit.js:1497:10)\n    at _callCircusTest (C:\\Users\\dmbai\\MDL\\SudokuApp\\node_modules\\jest-circus\\build\\jestAdapterInit.js:1007:40)\n    at processTicksAndRejections (node:internal/process/task_queues:105:5)\n    at _runTest (C:\\Users\\dmbai\\MDL\\SudokuApp\\node_modules\\jest-circus\\build\\jestAdapterInit.js:947:3)\n    at C:\\Users\\dmbai\\MDL\\SudokuApp\\node_modules\\jest-circus\\build\\jestAdapterInit.js:849:7\n    at _runTestsForDescribeBlock (C:\\Users\\dmbai\\MDL\\SudokuApp\\node_modules\\jest-circus\\build\\jestAdapterInit.js:862:11)\n    at _runTestsForDescribeBlock (C:\\Users\\dmbai\\MDL\\SudokuApp\\node_modules\\jest-circus\\build\\jestAdapterInit.js:857:11)\n    at run (C:\\Users\\dmbai\\MDL\\SudokuApp\\node_modules\\jest-circus\\build\\jestAdapterInit.js:761:3)\n    at runAndTransformResultsToJestFormat (C:\\Users\\dmbai\\MDL\\SudokuApp\\node_modules\\jest-circus\\build\\jestAdapterInit.js:1918:21)\n    at jestAdapter (C:\\Users\\dmbai\\MDL\\SudokuApp\\node_modules\\jest-circus\\build\\runner.js:101:19)\n    at runTestInternal (C:\\Users\\dmbai\\MDL\\SudokuApp\\node_modules\\jest-runner\\build\\testWorker.js:275:16)\n    at runTest (C:\\Users\\dmbai\\MDL\\SudokuApp\\node_modules\\jest-runner\\build\\testWorker.js:343:7)\n    at Object.worker (C:\\Users\\dmbai\\MDL\\SudokuApp\\node_modules\\jest-runner\\build\\testWorker.js:497:12)"],"fullName":"SudokuGraderV4 Naked Triplet (Requires Naked Triplet)","invocations":1,"location":null,"numPassingAsserts":0,"retryReasons":[],"startAt":1768443363513,"status":"failed","title":"Naked Triplet (Requires Naked Triplet)"}],"endTime":1768443363826,"message":"\u001b[1m\u001b[31m  \u001b[1m● \u001b[22m\u001b[1mSudokuGraderV4 › Easy Puzzle (SE ~1.5)\u001b[39m\u001b[22m\n\n    \u001b[2mexpect(\u001b[22m\u001b[31mreceived\u001b[39m\u001b[2m).\u001b[22mtoBe\u001b[2m(\u001b[22m\u001b[32mexpected\u001b[39m\u001b[2m) // Object.is equality\u001b[22m\n\n    Expected: \u001b[32m1.5\u001b[39m\n    Received: \u001b[31m1.2\u001b[39m\n\u001b[2m\u001b[22m\n\u001b[2m    \u001b[0m \u001b[90m  6 |\u001b[39m         \u001b[36mconst\u001b[39m result \u001b[33m=\u001b[39m gradePuzzleV4(puzzle)\u001b[33m;\u001b[39m\u001b[22m\n\u001b[2m     \u001b[90m  7 |\u001b[39m         console\u001b[33m.\u001b[39mlog(\u001b[32m`Easy Rating: ${result.rating}`\u001b[39m)\u001b[33m;\u001b[39m\u001b[22m\n\u001b[2m    \u001b[31m\u001b[1m>\u001b[22m\u001b[2m\u001b[39m\u001b[90m  8 |\u001b[39m         expect(result\u001b[33m.\u001b[39mrating)\u001b[33m.\u001b[39mtoBe(\u001b[35m1.5\u001b[39m)\u001b[33m;\u001b[39m\u001b[22m\n\u001b[2m     \u001b[90m    |\u001b[39m                               \u001b[31m\u001b[1m^\u001b[22m\u001b[2m\u001b[39m\u001b[22m\n\u001b[2m     \u001b[90m  9 |\u001b[39m     })\u001b[33m;\u001b[39m\u001b[22m\n\u001b[2m     \u001b[90m 10 |\u001b[39m\u001b[22m\n\u001b[2m     \u001b[90m 11 |\u001b[39m     test(\u001b[32m'Naked Triplet (Requires Naked Triplet)'\u001b[39m\u001b[33m,\u001b[39m () \u001b[33m=>\u001b[39m {\u001b[0m\u001b[22m\n\u001b[2m\u001b[22m\n\u001b[2m      \u001b[2mat Object.toBe (\u001b[22m\u001b[2m\u001b[0m\u001b[36mutils/v2/__tests__/solver-v4.test.ts\u001b[39m\u001b[0m\u001b[2m:8:31)\u001b[22m\u001b[2m\u001b[22m\n\n\u001b[1m\u001b[31m  \u001b[1m● \u001b[22m\u001b[1mSudokuGraderV4 › Naked Triplet (Requires Naked Triplet)\u001b[39m\u001b[22m\n\n    Expected 3.6, got 2.6. Steps: Hidden Single (Block):1.2, Hidden Single (Block):1.2, Hidden Single (Block):1.2, Hidden Single (Line):1.5, Pointing Pair:2.6\n\u001b[2m\u001b[22m\n\u001b[2m    \u001b[0m \u001b[90m 15 |\u001b[39m         console\u001b[33m.\u001b[39mlog(\u001b[32m`Naked Triplet Rating: ${result.rating}`\u001b[39m)\u001b[33m;\u001b[39m\u001b[22m\n\u001b[2m     \u001b[90m 16 |\u001b[39m         \u001b[36mif\u001b[39m (result\u001b[33m.\u001b[39mrating \u001b[33m!==\u001b[39m \u001b[35m3.6\u001b[39m) {\u001b[22m\n\u001b[2m    \u001b[31m\u001b[1m>\u001b[22m\u001b[2m\u001b[39m\u001b[90m 17 |\u001b[39m             \u001b[36mthrow\u001b[39m \u001b[36mnew\u001b[39m \u001b[33mError\u001b[39m(\u001b[32m`Expected 3.6, got ${result.rating}. Steps: ${result.steps.map(s => s.technique + ':' + s.difficulty).join(', ')}`\u001b[39m)\u001b[33m;\u001b[39m\u001b[22m\n\u001b[2m     \u001b[90m    |\u001b[39m                   \u001b[31m\u001b[1m^\u001b[22m\u001b[2m\u001b[39m\u001b[22m\n\u001b[2m     \u001b[90m 18 |\u001b[39m         }\u001b[22m\n\u001b[2m     \u001b[90m 19 |\u001b[39m         expect(result\u001b[33m.\u001b[39mrating)\u001b[33m.\u001b[39mtoBe(\u001b[35m3.6\u001b[39m)\u001b[33m;\u001b[39m\u001b[22m\n\u001b[2m     \u001b[90m 20 |\u001b[39m     })\u001b[33m;\u001b[39m\u001b[0m\u001b[22m\n\u001b[2m\u001b[22m\n\u001b[2m      \u001b[2mat Object.<anonymous> (\u001b[22m\u001b[2m\u001b[0m\u001b[36mutils/v2/__tests__/solver-v4.test.ts\u001b[39m\u001b[0m\u001b[2m:17:19)\u001b[22m\u001b[2m\u001b[22m\n","name":"C:\\Users\\dmbai\\MDL\\SudokuApp\\utils\\v2\\__tests__\\solver-v4.test.ts","startTime":1768443363275,"status":"failed","summary":""}],"wasInterrupted":false}
