{"numFailedTestSuites":1,"numFailedTests":4,"numPassedTestSuites":0,"numPassedTests":9,"numPendingTestSuites":0,"numPendingTests":0,"numRuntimeErrorTestSuites":0,"numTodoTests":0,"numTotalTestSuites":1,"numTotalTests":13,"openHandles":[],"snapshot":{"added":0,"didUpdate":false,"failure":false,"filesAdded":0,"filesRemoved":0,"filesRemovedList":[],"filesUnmatched":0,"filesUpdated":0,"matched":0,"total":0,"unchecked":0,"uncheckedKeysByFile":[],"unmatched":0,"updated":0},"startTime":1768443213236,"success":false,"testResults":[{"assertionResults":[{"ancestorTitles":["Solver V4 Shared Utilities","getChainLengthPenalty"],"duration":2,"failing":false,"failureDetails":[],"failureMessages":[],"fullName":"Solver V4 Shared Utilities getChainLengthPenalty should return 0.0 for lengths <= 4","invocations":1,"location":null,"numPassingAsserts":2,"retryReasons":[],"startAt":1768443214066,"status":"passed","title":"should return 0.0 for lengths <= 4"},{"ancestorTitles":["Solver V4 Shared Utilities","getChainLengthPenalty"],"duration":0,"failing":false,"failureDetails":[],"failureMessages":[],"fullName":"Solver V4 Shared Utilities getChainLengthPenalty should return 0.1 for lengths 5 and 6","invocations":1,"location":null,"numPassingAsserts":2,"retryReasons":[],"startAt":1768443214070,"status":"passed","title":"should return 0.1 for lengths 5 and 6"},{"ancestorTitles":["Solver V4 Shared Utilities","getChainLengthPenalty"],"duration":0,"failing":false,"failureDetails":[],"failureMessages":[],"fullName":"Solver V4 Shared Utilities getChainLengthPenalty should return 0.2 for lengths 7 and 8","invocations":1,"location":null,"numPassingAsserts":2,"retryReasons":[],"startAt":1768443214071,"status":"passed","title":"should return 0.2 for lengths 7 and 8"},{"ancestorTitles":["Solver V4 Shared Utilities","getChainLengthPenalty"],"duration":0,"failing":false,"failureDetails":[],"failureMessages":[],"fullName":"Solver V4 Shared Utilities getChainLengthPenalty should return 0.3 for lengths 9 to 12","invocations":1,"location":null,"numPassingAsserts":2,"retryReasons":[],"startAt":1768443214072,"status":"passed","title":"should return 0.3 for lengths 9 to 12"},{"ancestorTitles":["Solver V4 Shared Utilities","getChainLengthPenalty"],"duration":1,"failing":false,"failureDetails":[],"failureMessages":[],"fullName":"Solver V4 Shared Utilities getChainLengthPenalty should match SE logarithmic-like growth example 14 -> 0.4","invocations":1,"location":null,"numPassingAsserts":1,"retryReasons":[],"startAt":1768443214072,"status":"passed","title":"should match SE logarithmic-like growth example 14 -> 0.4"},{"ancestorTitles":["Solver V4 Shared Utilities","getChainLengthPenalty"],"duration":0,"failing":false,"failureDetails":[],"failureMessages":[],"fullName":"Solver V4 Shared Utilities getChainLengthPenalty should reach higher penalties correctly","invocations":1,"location":null,"numPassingAsserts":2,"retryReasons":[],"startAt":1768443214073,"status":"passed","title":"should reach higher penalties correctly"},{"ancestorTitles":["Solver V4 Shared Utilities","GridModelV4 Utility Methods"],"duration":0,"failing":false,"failureDetails":[],"failureMessages":[],"fullName":"Solver V4 Shared Utilities GridModelV4 Utility Methods countSetBits should correctly count bits","invocations":1,"location":null,"numPassingAsserts":4,"retryReasons":[],"startAt":1768443214074,"status":"passed","title":"countSetBits should correctly count bits"},{"ancestorTitles":["Solver V4 Shared Utilities","GridModelV4 Utility Methods"],"duration":1,"failing":false,"failureDetails":[],"failureMessages":[],"fullName":"Solver V4 Shared Utilities GridModelV4 Utility Methods getVals should return correct array of candidate digits","invocations":1,"location":null,"numPassingAsserts":4,"retryReasons":[],"startAt":1768443214074,"status":"passed","title":"getVals should return correct array of candidate digits"},{"ancestorTitles":["Solver V4 Shared Utilities","House and Peer Utilities"],"duration":0,"failing":false,"failureDetails":[],"failureMessages":[],"fullName":"Solver V4 Shared Utilities House and Peer Utilities getHouseCells should return correct indices","invocations":1,"location":null,"numPassingAsserts":3,"retryReasons":[],"startAt":1768443214076,"status":"passed","title":"getHouseCells should return correct indices"},{"ancestorTitles":["Solver V4 Shared Utilities","House and Peer Utilities"],"duration":0,"failing":false,"failureDetails":[{}],"failureMessages":["TypeError: (0 , _solverV.getPeers) is not a function\n    at Object.<anonymous> (C:\\Users\\dmbai\\MDL\\SudokuApp\\utils\\v2\\__tests__\\shared-v4.test.ts:69:31)\n    at Promise.finally.completed (C:\\Users\\dmbai\\MDL\\SudokuApp\\node_modules\\jest-circus\\build\\jestAdapterInit.js:1557:28)\n    at new Promise (<anonymous>)\n    at callAsyncCircusFn (C:\\Users\\dmbai\\MDL\\SudokuApp\\node_modules\\jest-circus\\build\\jestAdapterInit.js:1497:10)\n    at _callCircusTest (C:\\Users\\dmbai\\MDL\\SudokuApp\\node_modules\\jest-circus\\build\\jestAdapterInit.js:1007:40)\n    at _runTest (C:\\Users\\dmbai\\MDL\\SudokuApp\\node_modules\\jest-circus\\build\\jestAdapterInit.js:947:3)\n    at C:\\Users\\dmbai\\MDL\\SudokuApp\\node_modules\\jest-circus\\build\\jestAdapterInit.js:849:7\n    at _runTestsForDescribeBlock (C:\\Users\\dmbai\\MDL\\SudokuApp\\node_modules\\jest-circus\\build\\jestAdapterInit.js:862:11)\n    at _runTestsForDescribeBlock (C:\\Users\\dmbai\\MDL\\SudokuApp\\node_modules\\jest-circus\\build\\jestAdapterInit.js:857:11)\n    at _runTestsForDescribeBlock (C:\\Users\\dmbai\\MDL\\SudokuApp\\node_modules\\jest-circus\\build\\jestAdapterInit.js:857:11)\n    at run (C:\\Users\\dmbai\\MDL\\SudokuApp\\node_modules\\jest-circus\\build\\jestAdapterInit.js:761:3)\n    at runAndTransformResultsToJestFormat (C:\\Users\\dmbai\\MDL\\SudokuApp\\node_modules\\jest-circus\\build\\jestAdapterInit.js:1918:21)\n    at jestAdapter (C:\\Users\\dmbai\\MDL\\SudokuApp\\node_modules\\jest-circus\\build\\runner.js:101:19)\n    at runTestInternal (C:\\Users\\dmbai\\MDL\\SudokuApp\\node_modules\\jest-runner\\build\\index.js:275:16)\n    at runTest (C:\\Users\\dmbai\\MDL\\SudokuApp\\node_modules\\jest-runner\\build\\index.js:343:7)"],"fullName":"Solver V4 Shared Utilities House and Peer Utilities getPeers should return 20 unique peers for a cell","invocations":1,"location":null,"numPassingAsserts":0,"retryReasons":[],"startAt":1768443214077,"status":"failed","title":"getPeers should return 20 unique peers for a cell"},{"ancestorTitles":["Solver V4 Shared Utilities","House and Peer Utilities"],"duration":1,"failing":false,"failureDetails":[{}],"failureMessages":["TypeError: (0 , _solverV.sees) is not a function\n    at Object.<anonymous> (C:\\Users\\dmbai\\MDL\\SudokuApp\\utils\\v2\\__tests__\\shared-v4.test.ts:79:24)\n    at Promise.finally.completed (C:\\Users\\dmbai\\MDL\\SudokuApp\\node_modules\\jest-circus\\build\\jestAdapterInit.js:1557:28)\n    at new Promise (<anonymous>)\n    at callAsyncCircusFn (C:\\Users\\dmbai\\MDL\\SudokuApp\\node_modules\\jest-circus\\build\\jestAdapterInit.js:1497:10)\n    at _callCircusTest (C:\\Users\\dmbai\\MDL\\SudokuApp\\node_modules\\jest-circus\\build\\jestAdapterInit.js:1007:40)\n    at _runTest (C:\\Users\\dmbai\\MDL\\SudokuApp\\node_modules\\jest-circus\\build\\jestAdapterInit.js:947:3)\n    at C:\\Users\\dmbai\\MDL\\SudokuApp\\node_modules\\jest-circus\\build\\jestAdapterInit.js:849:7\n    at _runTestsForDescribeBlock (C:\\Users\\dmbai\\MDL\\SudokuApp\\node_modules\\jest-circus\\build\\jestAdapterInit.js:862:11)\n    at _runTestsForDescribeBlock (C:\\Users\\dmbai\\MDL\\SudokuApp\\node_modules\\jest-circus\\build\\jestAdapterInit.js:857:11)\n    at _runTestsForDescribeBlock (C:\\Users\\dmbai\\MDL\\SudokuApp\\node_modules\\jest-circus\\build\\jestAdapterInit.js:857:11)\n    at run (C:\\Users\\dmbai\\MDL\\SudokuApp\\node_modules\\jest-circus\\build\\jestAdapterInit.js:761:3)\n    at runAndTransformResultsToJestFormat (C:\\Users\\dmbai\\MDL\\SudokuApp\\node_modules\\jest-circus\\build\\jestAdapterInit.js:1918:21)\n    at jestAdapter (C:\\Users\\dmbai\\MDL\\SudokuApp\\node_modules\\jest-circus\\build\\runner.js:101:19)\n    at runTestInternal (C:\\Users\\dmbai\\MDL\\SudokuApp\\node_modules\\jest-runner\\build\\index.js:275:16)\n    at runTest (C:\\Users\\dmbai\\MDL\\SudokuApp\\node_modules\\jest-runner\\build\\index.js:343:7)"],"fullName":"Solver V4 Shared Utilities House and Peer Utilities sees should correctly detect if two cells share a house","invocations":1,"location":null,"numPassingAsserts":0,"retryReasons":[],"startAt":1768443214083,"status":"failed","title":"sees should correctly detect if two cells share a house"},{"ancestorTitles":["Solver V4 Shared Utilities","House and Peer Utilities"],"duration":0,"failing":false,"failureDetails":[{}],"failureMessages":["TypeError: (0 , _solverV.getCommonHouse) is not a function\n    at Object.<anonymous> (C:\\Users\\dmbai\\MDL\\SudokuApp\\utils\\v2\\__tests__\\shared-v4.test.ts:86:34)\n    at Promise.finally.completed (C:\\Users\\dmbai\\MDL\\SudokuApp\\node_modules\\jest-circus\\build\\jestAdapterInit.js:1557:28)\n    at new Promise (<anonymous>)\n    at callAsyncCircusFn (C:\\Users\\dmbai\\MDL\\SudokuApp\\node_modules\\jest-circus\\build\\jestAdapterInit.js:1497:10)\n    at _callCircusTest (C:\\Users\\dmbai\\MDL\\SudokuApp\\node_modules\\jest-circus\\build\\jestAdapterInit.js:1007:40)\n    at _runTest (C:\\Users\\dmbai\\MDL\\SudokuApp\\node_modules\\jest-circus\\build\\jestAdapterInit.js:947:3)\n    at C:\\Users\\dmbai\\MDL\\SudokuApp\\node_modules\\jest-circus\\build\\jestAdapterInit.js:849:7\n    at _runTestsForDescribeBlock (C:\\Users\\dmbai\\MDL\\SudokuApp\\node_modules\\jest-circus\\build\\jestAdapterInit.js:862:11)\n    at _runTestsForDescribeBlock (C:\\Users\\dmbai\\MDL\\SudokuApp\\node_modules\\jest-circus\\build\\jestAdapterInit.js:857:11)\n    at _runTestsForDescribeBlock (C:\\Users\\dmbai\\MDL\\SudokuApp\\node_modules\\jest-circus\\build\\jestAdapterInit.js:857:11)\n    at run (C:\\Users\\dmbai\\MDL\\SudokuApp\\node_modules\\jest-circus\\build\\jestAdapterInit.js:761:3)\n    at runAndTransformResultsToJestFormat (C:\\Users\\dmbai\\MDL\\SudokuApp\\node_modules\\jest-circus\\build\\jestAdapterInit.js:1918:21)\n    at jestAdapter (C:\\Users\\dmbai\\MDL\\SudokuApp\\node_modules\\jest-circus\\build\\runner.js:101:19)\n    at runTestInternal (C:\\Users\\dmbai\\MDL\\SudokuApp\\node_modules\\jest-runner\\build\\index.js:275:16)\n    at runTest (C:\\Users\\dmbai\\MDL\\SudokuApp\\node_modules\\jest-runner\\build\\index.js:343:7)"],"fullName":"Solver V4 Shared Utilities House and Peer Utilities getCommonHouse should return the common house index or -1","invocations":1,"location":null,"numPassingAsserts":0,"retryReasons":[],"startAt":1768443214084,"status":"failed","title":"getCommonHouse should return the common house index or -1"},{"ancestorTitles":["Solver V4 Shared Utilities","House and Peer Utilities"],"duration":0,"failing":false,"failureDetails":[{}],"failureMessages":["TypeError: (0 , _solverV.getCommonPeers) is not a function\n    at Object.<anonymous> (C:\\Users\\dmbai\\MDL\\SudokuApp\\utils\\v2\\__tests__\\shared-v4.test.ts:93:42)\n    at Promise.finally.completed (C:\\Users\\dmbai\\MDL\\SudokuApp\\node_modules\\jest-circus\\build\\jestAdapterInit.js:1557:28)\n    at new Promise (<anonymous>)\n    at callAsyncCircusFn (C:\\Users\\dmbai\\MDL\\SudokuApp\\node_modules\\jest-circus\\build\\jestAdapterInit.js:1497:10)\n    at _callCircusTest (C:\\Users\\dmbai\\MDL\\SudokuApp\\node_modules\\jest-circus\\build\\jestAdapterInit.js:1007:40)\n    at _runTest (C:\\Users\\dmbai\\MDL\\SudokuApp\\node_modules\\jest-circus\\build\\jestAdapterInit.js:947:3)\n    at C:\\Users\\dmbai\\MDL\\SudokuApp\\node_modules\\jest-circus\\build\\jestAdapterInit.js:849:7\n    at _runTestsForDescribeBlock (C:\\Users\\dmbai\\MDL\\SudokuApp\\node_modules\\jest-circus\\build\\jestAdapterInit.js:862:11)\n    at _runTestsForDescribeBlock (C:\\Users\\dmbai\\MDL\\SudokuApp\\node_modules\\jest-circus\\build\\jestAdapterInit.js:857:11)\n    at _runTestsForDescribeBlock (C:\\Users\\dmbai\\MDL\\SudokuApp\\node_modules\\jest-circus\\build\\jestAdapterInit.js:857:11)\n    at run (C:\\Users\\dmbai\\MDL\\SudokuApp\\node_modules\\jest-circus\\build\\jestAdapterInit.js:761:3)\n    at runAndTransformResultsToJestFormat (C:\\Users\\dmbai\\MDL\\SudokuApp\\node_modules\\jest-circus\\build\\jestAdapterInit.js:1918:21)\n    at jestAdapter (C:\\Users\\dmbai\\MDL\\SudokuApp\\node_modules\\jest-circus\\build\\runner.js:101:19)\n    at runTestInternal (C:\\Users\\dmbai\\MDL\\SudokuApp\\node_modules\\jest-runner\\build\\index.js:275:16)\n    at runTest (C:\\Users\\dmbai\\MDL\\SudokuApp\\node_modules\\jest-runner\\build\\index.js:343:7)"],"fullName":"Solver V4 Shared Utilities House and Peer Utilities getCommonPeers should return the intersection of peers","invocations":1,"location":null,"numPassingAsserts":0,"retryReasons":[],"startAt":1768443214085,"status":"failed","title":"getCommonPeers should return the intersection of peers"}],"endTime":1768443214100,"message":"\u001b[1m\u001b[31m  \u001b[1m● \u001b[22m\u001b[1mSolver V4 Shared Utilities › House and Peer Utilities › getPeers should return 20 unique peers for a cell\u001b[39m\u001b[22m\n\n    TypeError: (0 , _solverV.getPeers) is not a function\n\u001b[2m\u001b[22m\n\u001b[2m    \u001b[0m \u001b[90m 67 |\u001b[39m\u001b[22m\n\u001b[2m     \u001b[90m 68 |\u001b[39m         it(\u001b[32m'getPeers should return 20 unique peers for a cell'\u001b[39m\u001b[33m,\u001b[39m () \u001b[33m=>\u001b[39m {\u001b[22m\n\u001b[2m    \u001b[31m\u001b[1m>\u001b[22m\u001b[2m\u001b[39m\u001b[90m 69 |\u001b[39m             \u001b[36mconst\u001b[39m p \u001b[33m=\u001b[39m getPeers(\u001b[35m0\u001b[39m)\u001b[33m;\u001b[39m\u001b[22m\n\u001b[2m     \u001b[90m    |\u001b[39m                               \u001b[31m\u001b[1m^\u001b[22m\u001b[2m\u001b[39m\u001b[22m\n\u001b[2m     \u001b[90m 70 |\u001b[39m             expect(p\u001b[33m.\u001b[39mlength)\u001b[33m.\u001b[39mtoBe(\u001b[35m20\u001b[39m)\u001b[33m;\u001b[39m\u001b[22m\n\u001b[2m     \u001b[90m 71 |\u001b[39m             expect(\u001b[36mnew\u001b[39m \u001b[33mSet\u001b[39m(p)\u001b[33m.\u001b[39msize)\u001b[33m.\u001b[39mtoBe(\u001b[35m20\u001b[39m)\u001b[33m;\u001b[39m\u001b[22m\n\u001b[2m     \u001b[90m 72 |\u001b[39m             expect(p)\u001b[33m.\u001b[39mtoContain(\u001b[35m1\u001b[39m)\u001b[33m;\u001b[39m\u001b[0m\u001b[22m\n\u001b[2m\u001b[22m\n\u001b[2m      \u001b[2mat Object.<anonymous> (\u001b[22m\u001b[2m\u001b[0m\u001b[36mutils/v2/__tests__/shared-v4.test.ts\u001b[39m\u001b[0m\u001b[2m:69:31)\u001b[22m\u001b[2m\u001b[22m\n\n\u001b[1m\u001b[31m  \u001b[1m● \u001b[22m\u001b[1mSolver V4 Shared Utilities › House and Peer Utilities › sees should correctly detect if two cells share a house\u001b[39m\u001b[22m\n\n    TypeError: (0 , _solverV.sees) is not a function\n\u001b[2m\u001b[22m\n\u001b[2m    \u001b[0m \u001b[90m 77 |\u001b[39m\u001b[22m\n\u001b[2m     \u001b[90m 78 |\u001b[39m         it(\u001b[32m'sees should correctly detect if two cells share a house'\u001b[39m\u001b[33m,\u001b[39m () \u001b[33m=>\u001b[39m {\u001b[22m\n\u001b[2m    \u001b[31m\u001b[1m>\u001b[22m\u001b[2m\u001b[39m\u001b[90m 79 |\u001b[39m             expect(sees(\u001b[35m0\u001b[39m\u001b[33m,\u001b[39m \u001b[35m1\u001b[39m))\u001b[33m.\u001b[39mtoBe(\u001b[36mtrue\u001b[39m)\u001b[33m;\u001b[39m\u001b[22m\n\u001b[2m     \u001b[90m    |\u001b[39m                        \u001b[31m\u001b[1m^\u001b[22m\u001b[2m\u001b[39m\u001b[22m\n\u001b[2m     \u001b[90m 80 |\u001b[39m             expect(sees(\u001b[35m0\u001b[39m\u001b[33m,\u001b[39m \u001b[35m9\u001b[39m))\u001b[33m.\u001b[39mtoBe(\u001b[36mtrue\u001b[39m)\u001b[33m;\u001b[39m\u001b[22m\n\u001b[2m     \u001b[90m 81 |\u001b[39m             expect(sees(\u001b[35m0\u001b[39m\u001b[33m,\u001b[39m \u001b[35m10\u001b[39m))\u001b[33m.\u001b[39mtoBe(\u001b[36mtrue\u001b[39m)\u001b[33m;\u001b[39m\u001b[22m\n\u001b[2m     \u001b[90m 82 |\u001b[39m             expect(sees(\u001b[35m0\u001b[39m\u001b[33m,\u001b[39m \u001b[35m22\u001b[39m))\u001b[33m.\u001b[39mtoBe(\u001b[36mfalse\u001b[39m)\u001b[33m;\u001b[39m\u001b[0m\u001b[22m\n\u001b[2m\u001b[22m\n\u001b[2m      \u001b[2mat Object.<anonymous> (\u001b[22m\u001b[2m\u001b[0m\u001b[36mutils/v2/__tests__/shared-v4.test.ts\u001b[39m\u001b[0m\u001b[2m:79:24)\u001b[22m\u001b[2m\u001b[22m\n\n\u001b[1m\u001b[31m  \u001b[1m● \u001b[22m\u001b[1mSolver V4 Shared Utilities › House and Peer Utilities › getCommonHouse should return the common house index or -1\u001b[39m\u001b[22m\n\n    TypeError: (0 , _solverV.getCommonHouse) is not a function\n\u001b[2m\u001b[22m\n\u001b[2m    \u001b[0m \u001b[90m 84 |\u001b[39m\u001b[22m\n\u001b[2m     \u001b[90m 85 |\u001b[39m         it(\u001b[32m'getCommonHouse should return the common house index or -1'\u001b[39m\u001b[33m,\u001b[39m () \u001b[33m=>\u001b[39m {\u001b[22m\n\u001b[2m    \u001b[31m\u001b[1m>\u001b[22m\u001b[2m\u001b[39m\u001b[90m 86 |\u001b[39m             expect(getCommonHouse(\u001b[35m0\u001b[39m\u001b[33m,\u001b[39m \u001b[35m1\u001b[39m))\u001b[33m.\u001b[39mtoBe(\u001b[35m0\u001b[39m)\u001b[33m;\u001b[39m\u001b[22m\n\u001b[2m     \u001b[90m    |\u001b[39m                                  \u001b[31m\u001b[1m^\u001b[22m\u001b[2m\u001b[39m\u001b[22m\n\u001b[2m     \u001b[90m 87 |\u001b[39m             expect(getCommonHouse(\u001b[35m0\u001b[39m\u001b[33m,\u001b[39m \u001b[35m9\u001b[39m))\u001b[33m.\u001b[39mtoBe(\u001b[35m9\u001b[39m)\u001b[33m;\u001b[39m\u001b[22m\n\u001b[2m     \u001b[90m 88 |\u001b[39m             expect(getCommonHouse(\u001b[35m0\u001b[39m\u001b[33m,\u001b[39m \u001b[35m10\u001b[39m))\u001b[33m.\u001b[39mtoBe(\u001b[35m18\u001b[39m)\u001b[33m;\u001b[39m\u001b[22m\n\u001b[2m     \u001b[90m 89 |\u001b[39m             expect(getCommonHouse(\u001b[35m0\u001b[39m\u001b[33m,\u001b[39m \u001b[35m22\u001b[39m))\u001b[33m.\u001b[39mtoBe(\u001b[33m-\u001b[39m\u001b[35m1\u001b[39m)\u001b[33m;\u001b[39m\u001b[0m\u001b[22m\n\u001b[2m\u001b[22m\n\u001b[2m      \u001b[2mat Object.<anonymous> (\u001b[22m\u001b[2m\u001b[0m\u001b[36mutils/v2/__tests__/shared-v4.test.ts\u001b[39m\u001b[0m\u001b[2m:86:34)\u001b[22m\u001b[2m\u001b[22m\n\n\u001b[1m\u001b[31m  \u001b[1m● \u001b[22m\u001b[1mSolver V4 Shared Utilities › House and Peer Utilities › getCommonPeers should return the intersection of peers\u001b[39m\u001b[22m\n\n    TypeError: (0 , _solverV.getCommonPeers) is not a function\n\u001b[2m\u001b[22m\n\u001b[2m    \u001b[0m \u001b[90m 91 |\u001b[39m\u001b[22m\n\u001b[2m     \u001b[90m 92 |\u001b[39m         it(\u001b[32m'getCommonPeers should return the intersection of peers'\u001b[39m\u001b[33m,\u001b[39m () \u001b[33m=>\u001b[39m {\u001b[22m\n\u001b[2m    \u001b[31m\u001b[1m>\u001b[22m\u001b[2m\u001b[39m\u001b[90m 93 |\u001b[39m             \u001b[36mconst\u001b[39m common \u001b[33m=\u001b[39m getCommonPeers(\u001b[35m0\u001b[39m\u001b[33m,\u001b[39m \u001b[35m1\u001b[39m)\u001b[33m;\u001b[39m\u001b[22m\n\u001b[2m     \u001b[90m    |\u001b[39m                                          \u001b[31m\u001b[1m^\u001b[22m\u001b[2m\u001b[39m\u001b[22m\n\u001b[2m     \u001b[90m 94 |\u001b[39m             expect(common)\u001b[33m.\u001b[39mtoContain(\u001b[35m2\u001b[39m)\u001b[33m;\u001b[39m\u001b[22m\n\u001b[2m     \u001b[90m 95 |\u001b[39m             expect(common)\u001b[33m.\u001b[39mtoContain(\u001b[35m9\u001b[39m)\u001b[33m;\u001b[39m\u001b[22m\n\u001b[2m     \u001b[90m 96 |\u001b[39m             expect(common)\u001b[33m.\u001b[39mtoContain(\u001b[35m10\u001b[39m)\u001b[33m;\u001b[39m\u001b[0m\u001b[22m\n\u001b[2m\u001b[22m\n\u001b[2m      \u001b[2mat Object.<anonymous> (\u001b[22m\u001b[2m\u001b[0m\u001b[36mutils/v2/__tests__/shared-v4.test.ts\u001b[39m\u001b[0m\u001b[2m:93:42)\u001b[22m\u001b[2m\u001b[22m\n","name":"C:\\Users\\dmbai\\MDL\\SudokuApp\\utils\\v2\\__tests__\\shared-v4.test.ts","startTime":1768443213286,"status":"failed","summary":""}],"wasInterrupted":false}
