{"C:\\Users\\dmbai\\MDL\\SudokuApp\\expo-env.d.ts": {"path":"C:\\Users\\dmbai\\MDL\\SudokuApp\\expo-env.d.ts","statementMap":{},"fnMap":{},"branchMap":{},"s":{},"f":{},"b":{}}
,"C:\\Users\\dmbai\\MDL\\SudokuApp\\repro_hang.ts": {"path":"C:\\Users\\dmbai\\MDL\\SudokuApp\\repro_hang.ts","statementMap":{"0":{"start":{"line":4,"column":0},"end":{"line":4,"column":38}},"1":{"start":{"line":5,"column":0},"end":{"line":10,"column":1}},"2":{"start":{"line":6,"column":30},"end":{"line":6,"column":52}},"3":{"start":{"line":7,"column":4},"end":{"line":7,"column":41}},"4":{"start":{"line":9,"column":4},"end":{"line":9,"column":31}}},"fnMap":{},"branchMap":{},"s":{"0":0,"1":0,"2":0,"3":0,"4":0},"f":{},"b":{}}
,"C:\\Users\\dmbai\\MDL\\SudokuApp\\repro_perf.ts": {"path":"C:\\Users\\dmbai\\MDL\\SudokuApp\\repro_perf.ts","statementMap":{"0":{"start":{"line":4,"column":18},"end":{"line":10,"column":1}},"1":{"start":{"line":5,"column":4},"end":{"line":5,"column":54}},"2":{"start":{"line":6,"column":18},"end":{"line":6,"column":28}},"3":{"start":{"line":7,"column":23},"end":{"line":7,"column":49}},"4":{"start":{"line":8,"column":16},"end":{"line":8,"column":26}},"5":{"start":{"line":9,"column":4},"end":{"line":9,"column":70}},"6":{"start":{"line":13,"column":0},"end":{"line":13,"column":38}},"7":{"start":{"line":14,"column":0},"end":{"line":16,"column":1}},"8":{"start":{"line":14,"column":13},"end":{"line":14,"column":14}},"9":{"start":{"line":15,"column":4},"end":{"line":15,"column":22}},"10":{"start":{"line":17,"column":0},"end":{"line":19,"column":1}},"11":{"start":{"line":17,"column":13},"end":{"line":17,"column":14}},"12":{"start":{"line":18,"column":4},"end":{"line":18,"column":24}}},"fnMap":{"0":{"name":"(anonymous_0)","decl":{"start":{"line":4,"column":18},"end":{"line":4,"column":19}},"loc":{"start":{"line":4,"column":53},"end":{"line":10,"column":1}},"line":4}},"branchMap":{},"s":{"0":0,"1":0,"2":0,"3":0,"4":0,"5":0,"6":0,"7":0,"8":0,"9":0,"10":0,"11":0,"12":0},"f":{"0":0},"b":{}}
,"C:\\Users\\dmbai\\MDL\\SudokuApp\\.expo\\types\\router.d.ts": {"path":"C:\\Users\\dmbai\\MDL\\SudokuApp\\.expo\\types\\router.d.ts","statementMap":{},"fnMap":{},"branchMap":{},"s":{},"f":{},"b":{}}
,"C:\\Users\\dmbai\\MDL\\SudokuApp\\app\\+not-found.tsx": {"path":"C:\\Users\\dmbai\\MDL\\SudokuApp\\app\\+not-found.tsx","statementMap":{"0":{"start":{"line":6,"column":4},"end":{"line":16,"column":6}},"1":{"start":{"line":19,"column":15},"end":{"line":38,"column":2}}},"fnMap":{"0":{"name":"NotFoundScreen","decl":{"start":{"line":5,"column":24},"end":{"line":5,"column":38}},"loc":{"start":{"line":5,"column":41},"end":{"line":17,"column":1}},"line":5}},"branchMap":{},"s":{"0":0,"1":0},"f":{"0":0},"b":{}}
,"C:\\Users\\dmbai\\MDL\\SudokuApp\\app\\_layout.tsx": {"path":"C:\\Users\\dmbai\\MDL\\SudokuApp\\app\\_layout.tsx","statementMap":{"0":{"start":{"line":19,"column":0},"end":{"line":19,"column":36}},"1":{"start":{"line":21,"column":33},"end":{"line":23,"column":1}},"2":{"start":{"line":26,"column":2},"end":{"line":32,"column":4}},"3":{"start":{"line":36,"column":22},"end":{"line":36,"column":38}},"4":{"start":{"line":37,"column":17},"end":{"line":37,"column":28}},"5":{"start":{"line":40,"column":26},"end":{"line":40,"column":57}},"6":{"start":{"line":41,"column":23},"end":{"line":41,"column":51}},"7":{"start":{"line":42,"column":23},"end":{"line":42,"column":51}},"8":{"start":{"line":44,"column":2},"end":{"line":46,"column":9}},"9":{"start":{"line":45,"column":4},"end":{"line":45,"column":29}},"10":{"start":{"line":48,"column":22},"end":{"line":48,"column":73}},"11":{"start":{"line":50,"column":2},"end":{"line":128,"column":4}},"12":{"start":{"line":131,"column":15},"end":{"line":176,"column":2}}},"fnMap":{"0":{"name":"RootLayout","decl":{"start":{"line":25,"column":24},"end":{"line":25,"column":34}},"loc":{"start":{"line":25,"column":37},"end":{"line":33,"column":1}},"line":25},"1":{"name":"RootLayoutContent","decl":{"start":{"line":35,"column":9},"end":{"line":35,"column":26}},"loc":{"start":{"line":35,"column":29},"end":{"line":129,"column":1}},"line":35},"2":{"name":"(anonymous_2)","decl":{"start":{"line":44,"column":12},"end":{"line":44,"column":13}},"loc":{"start":{"line":44,"column":18},"end":{"line":46,"column":3}},"line":44}},"branchMap":{"0":{"loc":{"start":{"line":48,"column":22},"end":{"line":48,"column":73}},"type":"cond-expr","locations":[{"start":{"line":48,"column":47},"end":{"line":48,"column":58}},{"start":{"line":48,"column":61},"end":{"line":48,"column":73}}],"line":48},"1":{"loc":{"start":{"line":52,"column":28},"end":{"line":74,"column":7}},"type":"cond-expr","locations":[{"start":{"line":52,"column":53},"end":{"line":63,"column":7}},{"start":{"line":63,"column":10},"end":{"line":74,"column":7}}],"line":52}},"s":{"0":0,"1":0,"2":0,"3":0,"4":0,"5":0,"6":0,"7":0,"8":0,"9":0,"10":0,"11":0,"12":0},"f":{"0":0,"1":0,"2":0},"b":{"0":[0,0],"1":[0,0]}}
,"C:\\Users\\dmbai\\MDL\\SudokuApp\\app\\donate.tsx": {"path":"C:\\Users\\dmbai\\MDL\\SudokuApp\\app\\donate.tsx","statementMap":{"0":{"start":{"line":7,"column":28},"end":{"line":9,"column":5}},"1":{"start":{"line":8,"column":8},"end":{"line":8,"column":61}},"2":{"start":{"line":11,"column":4},"end":{"line":31,"column":6}},"3":{"start":{"line":34,"column":15},"end":{"line":76,"column":2}}},"fnMap":{"0":{"name":"DonateScreen","decl":{"start":{"line":6,"column":24},"end":{"line":6,"column":36}},"loc":{"start":{"line":6,"column":39},"end":{"line":32,"column":1}},"line":6},"1":{"name":"(anonymous_1)","decl":{"start":{"line":7,"column":28},"end":{"line":7,"column":29}},"loc":{"start":{"line":7,"column":34},"end":{"line":9,"column":5}},"line":7}},"branchMap":{},"s":{"0":0,"1":0,"2":0,"3":0},"f":{"0":0,"1":0},"b":{}}
,"C:\\Users\\dmbai\\MDL\\SudokuApp\\app\\modal.tsx": {"path":"C:\\Users\\dmbai\\MDL\\SudokuApp\\app\\modal.tsx","statementMap":{"0":{"start":{"line":8,"column":2},"end":{"line":15,"column":4}},"1":{"start":{"line":18,"column":15},"end":{"line":29,"column":2}}},"fnMap":{"0":{"name":"ModalScreen","decl":{"start":{"line":7,"column":24},"end":{"line":7,"column":35}},"loc":{"start":{"line":7,"column":38},"end":{"line":16,"column":1}},"line":7}},"branchMap":{},"s":{"0":0,"1":0},"f":{"0":0},"b":{}}
,"C:\\Users\\dmbai\\MDL\\SudokuApp\\app\\new-game.tsx": {"path":"C:\\Users\\dmbai\\MDL\\SudokuApp\\app\\new-game.tsx","statementMap":{"0":{"start":{"line":9,"column":19},"end":{"line":9,"column":30}},"1":{"start":{"line":10,"column":44},"end":{"line":10,"column":59}},"2":{"start":{"line":12,"column":28},"end":{"line":12,"column":59}},"3":{"start":{"line":13,"column":22},"end":{"line":13,"column":47}},"4":{"start":{"line":14,"column":25},"end":{"line":14,"column":53}},"5":{"start":{"line":15,"column":31},"end":{"line":15,"column":65}},"6":{"start":{"line":17,"column":25},"end":{"line":43,"column":5}},"7":{"start":{"line":18,"column":8},"end":{"line":18,"column":30}},"8":{"start":{"line":20,"column":8},"end":{"line":42,"column":16}},"9":{"start":{"line":21,"column":12},"end":{"line":41,"column":13}},"10":{"start":{"line":22,"column":55},"end":{"line":22,"column":81}},"11":{"start":{"line":24,"column":40},"end":{"line":24,"column":88}},"12":{"start":{"line":24,"column":60},"end":{"line":24,"column":87}},"13":{"start":{"line":24,"column":76},"end":{"line":24,"column":86}},"14":{"start":{"line":26,"column":16},"end":{"line":33,"column":19}},"15":{"start":{"line":34,"column":16},"end":{"line":34,"column":35}},"16":{"start":{"line":37,"column":16},"end":{"line":37,"column":36}},"17":{"start":{"line":39,"column":16},"end":{"line":39,"column":65}},"18":{"start":{"line":40,"column":16},"end":{"line":40,"column":39}},"19":{"start":{"line":45,"column":4},"end":{"line":62,"column":6}},"20":{"start":{"line":50,"column":20},"end":{"line":57,"column":39}},"21":{"start":{"line":53,"column":39},"end":{"line":53,"column":57}},"22":{"start":{"line":65,"column":15},"end":{"line":104,"column":2}}},"fnMap":{"0":{"name":"NewGameScreen","decl":{"start":{"line":8,"column":24},"end":{"line":8,"column":37}},"loc":{"start":{"line":8,"column":40},"end":{"line":63,"column":1}},"line":8},"1":{"name":"(anonymous_1)","decl":{"start":{"line":17,"column":25},"end":{"line":17,"column":26}},"loc":{"start":{"line":17,"column":59},"end":{"line":43,"column":5}},"line":17},"2":{"name":"(anonymous_2)","decl":{"start":{"line":20,"column":19},"end":{"line":20,"column":20}},"loc":{"start":{"line":20,"column":31},"end":{"line":42,"column":9}},"line":20},"3":{"name":"(anonymous_3)","decl":{"start":{"line":24,"column":53},"end":{"line":24,"column":54}},"loc":{"start":{"line":24,"column":60},"end":{"line":24,"column":87}},"line":24},"4":{"name":"(anonymous_4)","decl":{"start":{"line":24,"column":68},"end":{"line":24,"column":69}},"loc":{"start":{"line":24,"column":76},"end":{"line":24,"column":86}},"line":24},"5":{"name":"(anonymous_5)","decl":{"start":{"line":49,"column":91},"end":{"line":49,"column":92}},"loc":{"start":{"line":50,"column":20},"end":{"line":57,"column":39}},"line":50},"6":{"name":"(anonymous_6)","decl":{"start":{"line":53,"column":33},"end":{"line":53,"column":34}},"loc":{"start":{"line":53,"column":39},"end":{"line":53,"column":57}},"line":53}},"branchMap":{"0":{"loc":{"start":{"line":52,"column":82},"end":{"line":52,"column":119}},"type":"binary-expr","locations":[{"start":{"line":52,"column":82},"end":{"line":52,"column":94}},{"start":{"line":52,"column":98},"end":{"line":52,"column":119}}],"line":52},"1":{"loc":{"start":{"line":60,"column":13},"end":{"line":60,"column":106}},"type":"binary-expr","locations":[{"start":{"line":60,"column":13},"end":{"line":60,"column":25}},{"start":{"line":60,"column":29},"end":{"line":60,"column":106}}],"line":60}},"s":{"0":0,"1":0,"2":0,"3":0,"4":0,"5":0,"6":0,"7":0,"8":0,"9":0,"10":0,"11":0,"12":0,"13":0,"14":0,"15":0,"16":0,"17":0,"18":0,"19":0,"20":0,"21":0,"22":0},"f":{"0":0,"1":0,"2":0,"3":0,"4":0,"5":0,"6":0},"b":{"0":[0,0],"1":[0,0]}}
,"C:\\Users\\dmbai\\MDL\\SudokuApp\\app\\settings.tsx": {"path":"C:\\Users\\dmbai\\MDL\\SudokuApp\\app\\settings.tsx","statementMap":{"0":{"start":{"line":26,"column":8},"end":{"line":26,"column":21}},"1":{"start":{"line":28,"column":28},"end":{"line":28,"column":59}},"2":{"start":{"line":29,"column":25},"end":{"line":29,"column":53}},"3":{"start":{"line":30,"column":22},"end":{"line":30,"column":47}},"4":{"start":{"line":31,"column":31},"end":{"line":31,"column":65}},"5":{"start":{"line":32,"column":25},"end":{"line":32,"column":53}},"6":{"start":{"line":34,"column":4},"end":{"line":193,"column":6}},"7":{"start":{"line":157,"column":55},"end":{"line":157,"column":99}},"8":{"start":{"line":164,"column":55},"end":{"line":164,"column":100}},"9":{"start":{"line":196,"column":15},"end":{"line":252,"column":2}}},"fnMap":{"0":{"name":"SettingsScreen","decl":{"start":{"line":8,"column":24},"end":{"line":8,"column":38}},"loc":{"start":{"line":8,"column":41},"end":{"line":194,"column":1}},"line":8},"1":{"name":"(anonymous_1)","decl":{"start":{"line":157,"column":49},"end":{"line":157,"column":50}},"loc":{"start":{"line":157,"column":55},"end":{"line":157,"column":99}},"line":157},"2":{"name":"(anonymous_2)","decl":{"start":{"line":164,"column":49},"end":{"line":164,"column":50}},"loc":{"start":{"line":164,"column":55},"end":{"line":164,"column":100}},"line":164}},"branchMap":{"0":{"loc":{"start":{"line":146,"column":21},"end":{"line":189,"column":21}},"type":"binary-expr","locations":[{"start":{"line":146,"column":21},"end":{"line":146,"column":40}},{"start":{"line":147,"column":24},"end":{"line":188,"column":27}}],"line":146}},"s":{"0":0,"1":0,"2":0,"3":0,"4":0,"5":0,"6":0,"7":0,"8":0,"9":0},"f":{"0":0,"1":0,"2":0},"b":{"0":[0,0]}}
,"C:\\Users\\dmbai\\MDL\\SudokuApp\\app\\statistics.tsx": {"path":"C:\\Users\\dmbai\\MDL\\SudokuApp\\app\\statistics.tsx","statementMap":{"0":{"start":{"line":9,"column":34},"end":{"line":9,"column":44}},"1":{"start":{"line":11,"column":28},"end":{"line":11,"column":59}},"2":{"start":{"line":12,"column":25},"end":{"line":12,"column":53}},"3":{"start":{"line":13,"column":22},"end":{"line":13,"column":47}},"4":{"start":{"line":14,"column":31},"end":{"line":14,"column":65}},"5":{"start":{"line":15,"column":25},"end":{"line":15,"column":53}},"6":{"start":{"line":16,"column":24},"end":{"line":16,"column":51}},"7":{"start":{"line":17,"column":23},"end":{"line":17,"column":49}},"8":{"start":{"line":20,"column":28},"end":{"line":25,"column":5}},"9":{"start":{"line":27,"column":4},"end":{"line":65,"column":6}},"10":{"start":{"line":47,"column":24},"end":{"line":53,"column":31}},"11":{"start":{"line":58,"column":82},"end":{"line":58,"column":87}},"12":{"start":{"line":68,"column":15},"end":{"line":149,"column":2}}},"fnMap":{"0":{"name":"StatisticsScreen","decl":{"start":{"line":8,"column":24},"end":{"line":8,"column":40}},"loc":{"start":{"line":8,"column":43},"end":{"line":66,"column":1}},"line":8},"1":{"name":"(anonymous_1)","decl":{"start":{"line":46,"column":41},"end":{"line":46,"column":42}},"loc":{"start":{"line":47,"column":24},"end":{"line":53,"column":31}},"line":47},"2":{"name":"(anonymous_2)","decl":{"start":{"line":58,"column":72},"end":{"line":58,"column":73}},"loc":{"start":{"line":58,"column":82},"end":{"line":58,"column":87}},"line":58}},"branchMap":{},"s":{"0":0,"1":0,"2":0,"3":0,"4":0,"5":0,"6":0,"7":0,"8":0,"9":0,"10":0,"11":0,"12":0},"f":{"0":0,"1":0,"2":0},"b":{}}
,"C:\\Users\\dmbai\\MDL\\SudokuApp\\app\\(tabs)\\_layout.tsx": {"path":"C:\\Users\\dmbai\\MDL\\SudokuApp\\app\\(tabs)\\_layout.tsx","statementMap":{"0":{"start":{"line":11,"column":24},"end":{"line":11,"column":40}},"1":{"start":{"line":12,"column":19},"end":{"line":12,"column":30}},"2":{"start":{"line":13,"column":25},"end":{"line":13,"column":53}},"3":{"start":{"line":14,"column":22},"end":{"line":14,"column":57}},"4":{"start":{"line":15,"column":25},"end":{"line":15,"column":53}},"5":{"start":{"line":16,"column":24},"end":{"line":16,"column":51}},"6":{"start":{"line":18,"column":4},"end":{"line":66,"column":6}},"7":{"start":{"line":50,"column":24},"end":{"line":53,"column":31}},"8":{"start":{"line":61,"column":38},"end":{"line":61,"column":126}},"9":{"start":{"line":62,"column":38},"end":{"line":62,"column":55}}},"fnMap":{"0":{"name":"TabLayout","decl":{"start":{"line":10,"column":24},"end":{"line":10,"column":33}},"loc":{"start":{"line":10,"column":36},"end":{"line":67,"column":1}},"line":10},"1":{"name":"(anonymous_1)","decl":{"start":{"line":49,"column":33},"end":{"line":49,"column":34}},"loc":{"start":{"line":50,"column":24},"end":{"line":53,"column":31}},"line":50},"2":{"name":"(anonymous_2)","decl":{"start":{"line":61,"column":32},"end":{"line":61,"column":33}},"loc":{"start":{"line":61,"column":38},"end":{"line":61,"column":126}},"line":61},"3":{"name":"(anonymous_3)","decl":{"start":{"line":62,"column":32},"end":{"line":62,"column":33}},"loc":{"start":{"line":62,"column":38},"end":{"line":62,"column":55}},"line":62}},"branchMap":{"0":{"loc":{"start":{"line":14,"column":29},"end":{"line":14,"column":51}},"type":"binary-expr","locations":[{"start":{"line":14,"column":29},"end":{"line":14,"column":40}},{"start":{"line":14,"column":44},"end":{"line":14,"column":51}}],"line":14}},"s":{"0":0,"1":0,"2":0,"3":0,"4":0,"5":0,"6":0,"7":0,"8":0,"9":0},"f":{"0":0,"1":0,"2":0,"3":0},"b":{"0":[0,0]}}
,"C:\\Users\\dmbai\\MDL\\SudokuApp\\app\\(tabs)\\index.tsx": {"path":"C:\\Users\\dmbai\\MDL\\SudokuApp\\app\\(tabs)\\index.tsx","statementMap":{"0":{"start":{"line":6,"column":4},"end":{"line":8,"column":6}},"1":{"start":{"line":11,"column":15},"end":{"line":11,"column":36}}},"fnMap":{"0":{"name":"HomeScreen","decl":{"start":{"line":5,"column":24},"end":{"line":5,"column":34}},"loc":{"start":{"line":5,"column":37},"end":{"line":9,"column":1}},"line":5}},"branchMap":{},"s":{"0":0,"1":0},"f":{"0":0},"b":{}}
,"C:\\Users\\dmbai\\MDL\\SudokuApp\\components\\Button.tsx": {"path":"C:\\Users\\dmbai\\MDL\\SudokuApp\\components\\Button.tsx","statementMap":{"0":{"start":{"line":10,"column":38},"end":{"line":16,"column":1}},"1":{"start":{"line":11,"column":2},"end":{"line":15,"column":4}},"2":{"start":{"line":18,"column":15},"end":{"line":30,"column":2}}},"fnMap":{"0":{"name":"(anonymous_0)","decl":{"start":{"line":10,"column":38},"end":{"line":10,"column":39}},"loc":{"start":{"line":10,"column":62},"end":{"line":16,"column":1}},"line":10}},"branchMap":{},"s":{"0":0,"1":0,"2":0},"f":{"0":0},"b":{}}
,"C:\\Users\\dmbai\\MDL\\SudokuApp\\components\\Cell.tsx": {"path":"C:\\Users\\dmbai\\MDL\\SudokuApp\\components\\Cell.tsx","statementMap":{"0":{"start":{"line":27,"column":34},"end":{"line":228,"column":1}},"1":{"start":{"line":48,"column":23},"end":{"line":48,"column":60}},"2":{"start":{"line":49,"column":21},"end":{"line":49,"column":58}},"3":{"start":{"line":51,"column":20},"end":{"line":51,"column":45}},"4":{"start":{"line":52,"column":29},"end":{"line":52,"column":63}},"5":{"start":{"line":53,"column":26},"end":{"line":53,"column":54}},"6":{"start":{"line":54,"column":23},"end":{"line":54,"column":51}},"7":{"start":{"line":55,"column":27},"end":{"line":55,"column":54}},"8":{"start":{"line":56,"column":26},"end":{"line":56,"column":57}},"9":{"start":{"line":57,"column":25},"end":{"line":57,"column":55}},"10":{"start":{"line":58,"column":25},"end":{"line":58,"column":55}},"11":{"start":{"line":59,"column":31},"end":{"line":59,"column":67}},"12":{"start":{"line":60,"column":21},"end":{"line":60,"column":47}},"13":{"start":{"line":61,"column":26},"end":{"line":61,"column":57}},"14":{"start":{"line":62,"column":32},"end":{"line":62,"column":69}},"15":{"start":{"line":64,"column":2},"end":{"line":112,"column":25}},"16":{"start":{"line":65,"column":4},"end":{"line":111,"column":5}},"17":{"start":{"line":67,"column":6},"end":{"line":67,"column":31}},"18":{"start":{"line":68,"column":6},"end":{"line":68,"column":29}},"19":{"start":{"line":70,"column":29},"end":{"line":70,"column":75}},"20":{"start":{"line":71,"column":31},"end":{"line":71,"column":79}},"21":{"start":{"line":72,"column":28},"end":{"line":72,"column":61}},"22":{"start":{"line":73,"column":32},"end":{"line":73,"column":77}},"23":{"start":{"line":76,"column":25},"end":{"line":78,"column":7}},"24":{"start":{"line":80,"column":6},"end":{"line":96,"column":7}},"25":{"start":{"line":81,"column":8},"end":{"line":87,"column":10}},"26":{"start":{"line":89,"column":8},"end":{"line":95,"column":10}},"27":{"start":{"line":98,"column":24},"end":{"line":98,"column":53}},"28":{"start":{"line":99,"column":6},"end":{"line":103,"column":9}},"29":{"start":{"line":101,"column":8},"end":{"line":101,"column":31}},"30":{"start":{"line":102,"column":8},"end":{"line":102,"column":33}},"31":{"start":{"line":105,"column":6},"end":{"line":110,"column":8}},"32":{"start":{"line":106,"column":8},"end":{"line":106,"column":25}},"33":{"start":{"line":108,"column":8},"end":{"line":108,"column":31}},"34":{"start":{"line":109,"column":8},"end":{"line":109,"column":33}},"35":{"start":{"line":114,"column":27},"end":{"line":114,"column":67}},"36":{"start":{"line":115,"column":28},"end":{"line":115,"column":68}},"37":{"start":{"line":116,"column":22},"end":{"line":116,"column":91}},"38":{"start":{"line":117,"column":28},"end":{"line":117,"column":97}},"39":{"start":{"line":119,"column":29},"end":{"line":127,"column":3}},"40":{"start":{"line":120,"column":4},"end":{"line":120,"column":45}},"41":{"start":{"line":120,"column":22},"end":{"line":120,"column":45}},"42":{"start":{"line":121,"column":4},"end":{"line":121,"column":57}},"43":{"start":{"line":121,"column":28},"end":{"line":121,"column":57}},"44":{"start":{"line":122,"column":4},"end":{"line":122,"column":45}},"45":{"start":{"line":122,"column":20},"end":{"line":122,"column":45}},"46":{"start":{"line":123,"column":4},"end":{"line":123,"column":42}},"47":{"start":{"line":123,"column":20},"end":{"line":123,"column":42}},"48":{"start":{"line":124,"column":4},"end":{"line":124,"column":55}},"49":{"start":{"line":124,"column":27},"end":{"line":124,"column":55}},"50":{"start":{"line":125,"column":4},"end":{"line":125,"column":84}},"51":{"start":{"line":125,"column":62},"end":{"line":125,"column":84}},"52":{"start":{"line":126,"column":4},"end":{"line":126,"column":27}},"53":{"start":{"line":130,"column":22},"end":{"line":130,"column":68}},"54":{"start":{"line":131,"column":24},"end":{"line":131,"column":72}},"55":{"start":{"line":132,"column":20},"end":{"line":132,"column":52}},"56":{"start":{"line":133,"column":19},"end":{"line":133,"column":80}},"57":{"start":{"line":136,"column":23},"end":{"line":139,"column":4}},"58":{"start":{"line":141,"column":2},"end":{"line":227,"column":4}},"59":{"start":{"line":207,"column":16},"end":{"line":220,"column":23}},"60":{"start":{"line":209,"column":32},"end":{"line":209,"column":45}},"61":{"start":{"line":210,"column":20},"end":{"line":218,"column":22}},"62":{"start":{"line":230,"column":15},"end":{"line":267,"column":2}}},"fnMap":{"0":{"name":"(anonymous_0)","decl":{"start":{"line":27,"column":34},"end":{"line":27,"column":35}},"loc":{"start":{"line":46,"column":6},"end":{"line":228,"column":1}},"line":46},"1":{"name":"(anonymous_1)","decl":{"start":{"line":64,"column":12},"end":{"line":64,"column":13}},"loc":{"start":{"line":64,"column":18},"end":{"line":112,"column":3}},"line":64},"2":{"name":"(anonymous_2)","decl":{"start":{"line":99,"column":22},"end":{"line":99,"column":23}},"loc":{"start":{"line":99,"column":28},"end":{"line":103,"column":7}},"line":99},"3":{"name":"(anonymous_3)","decl":{"start":{"line":105,"column":13},"end":{"line":105,"column":14}},"loc":{"start":{"line":105,"column":19},"end":{"line":110,"column":7}},"line":105},"4":{"name":"(anonymous_4)","decl":{"start":{"line":119,"column":29},"end":{"line":119,"column":30}},"loc":{"start":{"line":119,"column":35},"end":{"line":127,"column":3}},"line":119},"5":{"name":"(anonymous_5)","decl":{"start":{"line":206,"column":29},"end":{"line":206,"column":30}},"loc":{"start":{"line":207,"column":16},"end":{"line":220,"column":23}},"line":207},"6":{"name":"(anonymous_6)","decl":{"start":{"line":208,"column":33},"end":{"line":208,"column":34}},"loc":{"start":{"line":208,"column":40},"end":{"line":219,"column":19}},"line":208}},"branchMap":{"0":{"loc":{"start":{"line":43,"column":2},"end":{"line":43,"column":25}},"type":"default-arg","locations":[{"start":{"line":43,"column":18},"end":{"line":43,"column":25}}],"line":43},"1":{"loc":{"start":{"line":65,"column":4},"end":{"line":111,"column":5}},"type":"if","locations":[{"start":{"line":65,"column":4},"end":{"line":111,"column":5}},{"start":{},"end":{}}],"line":65},"2":{"loc":{"start":{"line":65,"column":8},"end":{"line":65,"column":56}},"type":"binary-expr","locations":[{"start":{"line":65,"column":8},"end":{"line":65,"column":24}},{"start":{"line":65,"column":28},"end":{"line":65,"column":56}}],"line":65},"3":{"loc":{"start":{"line":70,"column":29},"end":{"line":70,"column":75}},"type":"binary-expr","locations":[{"start":{"line":70,"column":29},"end":{"line":70,"column":68}},{"start":{"line":70,"column":72},"end":{"line":70,"column":75}}],"line":70},"4":{"loc":{"start":{"line":71,"column":31},"end":{"line":71,"column":79}},"type":"binary-expr","locations":[{"start":{"line":71,"column":31},"end":{"line":71,"column":72}},{"start":{"line":71,"column":76},"end":{"line":71,"column":79}}],"line":71},"5":{"loc":{"start":{"line":73,"column":32},"end":{"line":73,"column":77}},"type":"binary-expr","locations":[{"start":{"line":73,"column":32},"end":{"line":73,"column":70}},{"start":{"line":73,"column":74},"end":{"line":73,"column":77}}],"line":73},"6":{"loc":{"start":{"line":77,"column":23},"end":{"line":77,"column":42}},"type":"binary-expr","locations":[{"start":{"line":77,"column":23},"end":{"line":77,"column":37}},{"start":{"line":77,"column":41},"end":{"line":77,"column":42}}],"line":77},"7":{"loc":{"start":{"line":80,"column":6},"end":{"line":96,"column":7}},"type":"if","locations":[{"start":{"line":80,"column":6},"end":{"line":96,"column":7}},{"start":{"line":88,"column":13},"end":{"line":96,"column":7}}],"line":80},"8":{"loc":{"start":{"line":114,"column":27},"end":{"line":114,"column":67}},"type":"cond-expr","locations":[{"start":{"line":114,"column":62},"end":{"line":114,"column":63}},{"start":{"line":114,"column":66},"end":{"line":114,"column":67}}],"line":114},"9":{"loc":{"start":{"line":114,"column":27},"end":{"line":114,"column":59}},"type":"binary-expr","locations":[{"start":{"line":114,"column":27},"end":{"line":114,"column":46}},{"start":{"line":114,"column":50},"end":{"line":114,"column":59}}],"line":114},"10":{"loc":{"start":{"line":115,"column":28},"end":{"line":115,"column":68}},"type":"cond-expr","locations":[{"start":{"line":115,"column":63},"end":{"line":115,"column":64}},{"start":{"line":115,"column":67},"end":{"line":115,"column":68}}],"line":115},"11":{"loc":{"start":{"line":115,"column":28},"end":{"line":115,"column":60}},"type":"binary-expr","locations":[{"start":{"line":115,"column":28},"end":{"line":115,"column":47}},{"start":{"line":115,"column":51},"end":{"line":115,"column":60}}],"line":115},"12":{"loc":{"start":{"line":116,"column":22},"end":{"line":116,"column":91}},"type":"cond-expr","locations":[{"start":{"line":116,"column":57},"end":{"line":116,"column":72}},{"start":{"line":116,"column":75},"end":{"line":116,"column":91}}],"line":116},"13":{"loc":{"start":{"line":116,"column":22},"end":{"line":116,"column":54}},"type":"binary-expr","locations":[{"start":{"line":116,"column":22},"end":{"line":116,"column":41}},{"start":{"line":116,"column":45},"end":{"line":116,"column":54}}],"line":116},"14":{"loc":{"start":{"line":117,"column":28},"end":{"line":117,"column":97}},"type":"cond-expr","locations":[{"start":{"line":117,"column":63},"end":{"line":117,"column":78}},{"start":{"line":117,"column":81},"end":{"line":117,"column":97}}],"line":117},"15":{"loc":{"start":{"line":117,"column":28},"end":{"line":117,"column":60}},"type":"binary-expr","locations":[{"start":{"line":117,"column":28},"end":{"line":117,"column":47}},{"start":{"line":117,"column":51},"end":{"line":117,"column":60}}],"line":117},"16":{"loc":{"start":{"line":120,"column":4},"end":{"line":120,"column":45}},"type":"if","locations":[{"start":{"line":120,"column":4},"end":{"line":120,"column":45}},{"start":{},"end":{}}],"line":120},"17":{"loc":{"start":{"line":121,"column":4},"end":{"line":121,"column":57}},"type":"if","locations":[{"start":{"line":121,"column":4},"end":{"line":121,"column":57}},{"start":{},"end":{}}],"line":121},"18":{"loc":{"start":{"line":122,"column":4},"end":{"line":122,"column":45}},"type":"if","locations":[{"start":{"line":122,"column":4},"end":{"line":122,"column":45}},{"start":{},"end":{}}],"line":122},"19":{"loc":{"start":{"line":123,"column":4},"end":{"line":123,"column":42}},"type":"if","locations":[{"start":{"line":123,"column":4},"end":{"line":123,"column":42}},{"start":{},"end":{}}],"line":123},"20":{"loc":{"start":{"line":124,"column":4},"end":{"line":124,"column":55}},"type":"if","locations":[{"start":{"line":124,"column":4},"end":{"line":124,"column":55}},{"start":{},"end":{}}],"line":124},"21":{"loc":{"start":{"line":125,"column":4},"end":{"line":125,"column":84}},"type":"if","locations":[{"start":{"line":125,"column":4},"end":{"line":125,"column":84}},{"start":{},"end":{}}],"line":125},"22":{"loc":{"start":{"line":125,"column":8},"end":{"line":125,"column":60}},"type":"binary-expr","locations":[{"start":{"line":125,"column":8},"end":{"line":125,"column":22}},{"start":{"line":125,"column":26},"end":{"line":125,"column":40}},{"start":{"line":125,"column":44},"end":{"line":125,"column":60}}],"line":125},"23":{"loc":{"start":{"line":130,"column":22},"end":{"line":130,"column":68}},"type":"binary-expr","locations":[{"start":{"line":130,"column":22},"end":{"line":130,"column":61}},{"start":{"line":130,"column":65},"end":{"line":130,"column":68}}],"line":130},"24":{"loc":{"start":{"line":131,"column":24},"end":{"line":131,"column":72}},"type":"binary-expr","locations":[{"start":{"line":131,"column":24},"end":{"line":131,"column":65}},{"start":{"line":131,"column":69},"end":{"line":131,"column":72}}],"line":131},"25":{"loc":{"start":{"line":132,"column":20},"end":{"line":132,"column":52}},"type":"binary-expr","locations":[{"start":{"line":132,"column":20},"end":{"line":132,"column":45}},{"start":{"line":132,"column":49},"end":{"line":132,"column":52}}],"line":132},"26":{"loc":{"start":{"line":133,"column":49},"end":{"line":133,"column":78}},"type":"binary-expr","locations":[{"start":{"line":133,"column":49},"end":{"line":133,"column":71}},{"start":{"line":133,"column":75},"end":{"line":133,"column":78}}],"line":133},"27":{"loc":{"start":{"line":144,"column":16},"end":{"line":144,"column":41}},"type":"cond-expr","locations":[{"start":{"line":144,"column":35},"end":{"line":144,"column":37}},{"start":{"line":144,"column":40},"end":{"line":144,"column":41}}],"line":144},"28":{"loc":{"start":{"line":177,"column":12},"end":{"line":187,"column":13}},"type":"binary-expr","locations":[{"start":{"line":177,"column":12},"end":{"line":177,"column":42}},{"start":{"line":177,"column":46},"end":{"line":187,"column":13}}],"line":177},"29":{"loc":{"start":{"line":190,"column":11},"end":{"line":223,"column":11}},"type":"cond-expr","locations":[{"start":{"line":191,"column":12},"end":{"line":203,"column":19}},{"start":{"line":205,"column":12},"end":{"line":222,"column":19}}],"line":190},"30":{"loc":{"start":{"line":196,"column":25},"end":{"line":196,"column":61}},"type":"cond-expr","locations":[{"start":{"line":196,"column":37},"end":{"line":196,"column":46}},{"start":{"line":196,"column":49},"end":{"line":196,"column":61}}],"line":196},"31":{"loc":{"start":{"line":197,"column":30},"end":{"line":197,"column":55}},"type":"cond-expr","locations":[{"start":{"line":197,"column":42},"end":{"line":197,"column":47}},{"start":{"line":197,"column":50},"end":{"line":197,"column":55}}],"line":197},"32":{"loc":{"start":{"line":199,"column":16},"end":{"line":199,"column":51}},"type":"binary-expr","locations":[{"start":{"line":199,"column":16},"end":{"line":199,"column":26}},{"start":{"line":199,"column":30},"end":{"line":199,"column":51}}],"line":199},"33":{"loc":{"start":{"line":212,"column":25},"end":{"line":216,"column":25}},"type":"binary-expr","locations":[{"start":{"line":212,"column":25},"end":{"line":212,"column":30}},{"start":{"line":212,"column":34},"end":{"line":212,"column":53}},{"start":{"line":213,"column":26},"end":{"line":215,"column":33}}],"line":212}},"s":{"0":0,"1":0,"2":0,"3":0,"4":0,"5":0,"6":0,"7":0,"8":0,"9":0,"10":0,"11":0,"12":0,"13":0,"14":0,"15":0,"16":0,"17":0,"18":0,"19":0,"20":0,"21":0,"22":0,"23":0,"24":0,"25":0,"26":0,"27":0,"28":0,"29":0,"30":0,"31":0,"32":0,"33":0,"34":0,"35":0,"36":0,"37":0,"38":0,"39":0,"40":0,"41":0,"42":0,"43":0,"44":0,"45":0,"46":0,"47":0,"48":0,"49":0,"50":0,"51":0,"52":0,"53":0,"54":0,"55":0,"56":0,"57":0,"58":0,"59":0,"60":0,"61":0,"62":0},"f":{"0":0,"1":0,"2":0,"3":0,"4":0,"5":0,"6":0},"b":{"0":[0],"1":[0,0],"2":[0,0],"3":[0,0],"4":[0,0],"5":[0,0],"6":[0,0],"7":[0,0],"8":[0,0],"9":[0,0],"10":[0,0],"11":[0,0],"12":[0,0],"13":[0,0],"14":[0,0],"15":[0,0],"16":[0,0],"17":[0,0],"18":[0,0],"19":[0,0],"20":[0,0],"21":[0,0],"22":[0,0,0],"23":[0,0],"24":[0,0],"25":[0,0],"26":[0,0],"27":[0,0],"28":[0,0],"29":[0,0],"30":[0,0],"31":[0,0],"32":[0,0],"33":[0,0,0]}}
,"C:\\Users\\dmbai\\MDL\\SudokuApp\\components\\ConfettiRain.tsx": {"path":"C:\\Users\\dmbai\\MDL\\SudokuApp\\components\\ConfettiRain.tsx","statementMap":{"0":{"start":{"line":22,"column":52},"end":{"line":69,"column":1}},"1":{"start":{"line":23,"column":23},"end":{"line":23,"column":42}},"2":{"start":{"line":24,"column":20},"end":{"line":24,"column":37}},"3":{"start":{"line":25,"column":20},"end":{"line":25,"column":37}},"4":{"start":{"line":26,"column":20},"end":{"line":26,"column":37}},"5":{"start":{"line":28,"column":4},"end":{"line":48,"column":11}},"6":{"start":{"line":30,"column":8},"end":{"line":33,"column":10}},"7":{"start":{"line":38,"column":8},"end":{"line":38,"column":86}},"8":{"start":{"line":39,"column":8},"end":{"line":39,"column":86}},"9":{"start":{"line":40,"column":8},"end":{"line":40,"column":86}},"10":{"start":{"line":42,"column":8},"end":{"line":47,"column":9}},"11":{"start":{"line":43,"column":12},"end":{"line":43,"column":40}},"12":{"start":{"line":44,"column":12},"end":{"line":44,"column":37}},"13":{"start":{"line":45,"column":12},"end":{"line":45,"column":37}},"14":{"start":{"line":46,"column":12},"end":{"line":46,"column":37}},"15":{"start":{"line":50,"column":18},"end":{"line":58,"column":7}},"16":{"start":{"line":50,"column":42},"end":{"line":58,"column":5}},"17":{"start":{"line":60,"column":4},"end":{"line":68,"column":6}},"18":{"start":{"line":76,"column":50},"end":{"line":110,"column":1}},"19":{"start":{"line":80,"column":30},"end":{"line":80,"column":51}},"20":{"start":{"line":81,"column":32},"end":{"line":81,"column":51}},"21":{"start":{"line":83,"column":4},"end":{"line":93,"column":31}},"22":{"start":{"line":84,"column":26},"end":{"line":91,"column":11}},"23":{"start":{"line":84,"column":71},"end":{"line":91,"column":9}},"24":{"start":{"line":92,"column":8},"end":{"line":92,"column":29}},"25":{"start":{"line":95,"column":4},"end":{"line":109,"column":6}},"26":{"start":{"line":98,"column":16},"end":{"line":106,"column":18}},"27":{"start":{"line":112,"column":15},"end":{"line":119,"column":2}}},"fnMap":{"0":{"name":"(anonymous_0)","decl":{"start":{"line":22,"column":52},"end":{"line":22,"column":53}},"loc":{"start":{"line":22,"column":112},"end":{"line":69,"column":1}},"line":22},"1":{"name":"(anonymous_1)","decl":{"start":{"line":28,"column":14},"end":{"line":28,"column":15}},"loc":{"start":{"line":28,"column":20},"end":{"line":48,"column":5}},"line":28},"2":{"name":"(anonymous_2)","decl":{"start":{"line":42,"column":15},"end":{"line":42,"column":16}},"loc":{"start":{"line":42,"column":21},"end":{"line":47,"column":9}},"line":42},"3":{"name":"(anonymous_3)","decl":{"start":{"line":50,"column":35},"end":{"line":50,"column":36}},"loc":{"start":{"line":50,"column":42},"end":{"line":58,"column":5}},"line":50},"4":{"name":"(anonymous_4)","decl":{"start":{"line":76,"column":50},"end":{"line":76,"column":51}},"loc":{"start":{"line":79,"column":6},"end":{"line":110,"column":1}},"line":79},"5":{"name":"(anonymous_5)","decl":{"start":{"line":83,"column":14},"end":{"line":83,"column":15}},"loc":{"start":{"line":83,"column":20},"end":{"line":93,"column":5}},"line":83},"6":{"name":"(anonymous_6)","decl":{"start":{"line":84,"column":60},"end":{"line":84,"column":61}},"loc":{"start":{"line":84,"column":71},"end":{"line":91,"column":9}},"line":84},"7":{"name":"(anonymous_7)","decl":{"start":{"line":97,"column":24},"end":{"line":97,"column":25}},"loc":{"start":{"line":98,"column":16},"end":{"line":106,"column":18}},"line":98}},"branchMap":{"0":{"loc":{"start":{"line":77,"column":4},"end":{"line":77,"column":14}},"type":"default-arg","locations":[{"start":{"line":77,"column":12},"end":{"line":77,"column":14}}],"line":77},"1":{"loc":{"start":{"line":78,"column":4},"end":{"line":78,"column":46}},"type":"default-arg","locations":[{"start":{"line":78,"column":13},"end":{"line":78,"column":46}}],"line":78}},"s":{"0":0,"1":0,"2":0,"3":0,"4":0,"5":0,"6":0,"7":0,"8":0,"9":0,"10":0,"11":0,"12":0,"13":0,"14":0,"15":0,"16":0,"17":0,"18":0,"19":0,"20":0,"21":0,"22":0,"23":0,"24":0,"25":0,"26":0,"27":0},"f":{"0":0,"1":0,"2":0,"3":0,"4":0,"5":0,"6":0,"7":0},"b":{"0":[0],"1":[0]}}
,"C:\\Users\\dmbai\\MDL\\SudokuApp\\components\\FailureOverlay.tsx": {"path":"C:\\Users\\dmbai\\MDL\\SudokuApp\\components\\FailureOverlay.tsx","statementMap":{"0":{"start":{"line":20,"column":25},"end":{"line":20,"column":67}},"1":{"start":{"line":22,"column":25},"end":{"line":43,"column":1}},"2":{"start":{"line":45,"column":54},"end":{"line":147,"column":1}},"3":{"start":{"line":46,"column":25},"end":{"line":46,"column":53}},"4":{"start":{"line":47,"column":25},"end":{"line":47,"column":53}},"5":{"start":{"line":48,"column":22},"end":{"line":48,"column":47}},"6":{"start":{"line":49,"column":23},"end":{"line":49,"column":49}},"7":{"start":{"line":52,"column":26},"end":{"line":54,"column":10}},"8":{"start":{"line":53,"column":8},"end":{"line":53,"column":85}},"9":{"start":{"line":57,"column":24},"end":{"line":57,"column":41}},"10":{"start":{"line":58,"column":22},"end":{"line":58,"column":41}},"11":{"start":{"line":59,"column":24},"end":{"line":59,"column":41}},"12":{"start":{"line":60,"column":23},"end":{"line":60,"column":42}},"13":{"start":{"line":61,"column":25},"end":{"line":61,"column":42}},"14":{"start":{"line":62,"column":30},"end":{"line":62,"column":48}},"15":{"start":{"line":63,"column":27},"end":{"line":63,"column":44}},"16":{"start":{"line":65,"column":4},"end":{"line":80,"column":11}},"17":{"start":{"line":67,"column":8},"end":{"line":67,"column":61}},"18":{"start":{"line":70,"column":8},"end":{"line":70,"column":77}},"19":{"start":{"line":71,"column":8},"end":{"line":71,"column":89}},"20":{"start":{"line":74,"column":8},"end":{"line":74,"column":78}},"21":{"start":{"line":75,"column":8},"end":{"line":75,"column":90}},"22":{"start":{"line":78,"column":8},"end":{"line":78,"column":80}},"23":{"start":{"line":79,"column":8},"end":{"line":79,"column":81}},"24":{"start":{"line":82,"column":22},"end":{"line":84,"column":7}},"25":{"start":{"line":82,"column":46},"end":{"line":84,"column":5}},"26":{"start":{"line":86,"column":22},"end":{"line":89,"column":7}},"27":{"start":{"line":86,"column":46},"end":{"line":89,"column":5}},"28":{"start":{"line":91,"column":23},"end":{"line":94,"column":7}},"29":{"start":{"line":91,"column":47},"end":{"line":94,"column":5}},"30":{"start":{"line":96,"column":25},"end":{"line":99,"column":7}},"31":{"start":{"line":96,"column":49},"end":{"line":99,"column":5}},"32":{"start":{"line":101,"column":4},"end":{"line":146,"column":6}},"33":{"start":{"line":149,"column":15},"end":{"line":236,"column":2}}},"fnMap":{"0":{"name":"(anonymous_0)","decl":{"start":{"line":45,"column":54},"end":{"line":45,"column":55}},"loc":{"start":{"line":45,"column":84},"end":{"line":147,"column":1}},"line":45},"1":{"name":"(anonymous_1)","decl":{"start":{"line":52,"column":40},"end":{"line":52,"column":41}},"loc":{"start":{"line":52,"column":46},"end":{"line":54,"column":5}},"line":52},"2":{"name":"(anonymous_2)","decl":{"start":{"line":65,"column":14},"end":{"line":65,"column":15}},"loc":{"start":{"line":65,"column":20},"end":{"line":80,"column":5}},"line":65},"3":{"name":"(anonymous_3)","decl":{"start":{"line":82,"column":39},"end":{"line":82,"column":40}},"loc":{"start":{"line":82,"column":46},"end":{"line":84,"column":5}},"line":82},"4":{"name":"(anonymous_4)","decl":{"start":{"line":86,"column":39},"end":{"line":86,"column":40}},"loc":{"start":{"line":86,"column":46},"end":{"line":89,"column":5}},"line":86},"5":{"name":"(anonymous_5)","decl":{"start":{"line":91,"column":40},"end":{"line":91,"column":41}},"loc":{"start":{"line":91,"column":47},"end":{"line":94,"column":5}},"line":91},"6":{"name":"(anonymous_6)","decl":{"start":{"line":96,"column":42},"end":{"line":96,"column":43}},"loc":{"start":{"line":96,"column":49},"end":{"line":99,"column":5}},"line":96}},"branchMap":{},"s":{"0":0,"1":0,"2":0,"3":0,"4":0,"5":0,"6":0,"7":0,"8":0,"9":0,"10":0,"11":0,"12":0,"13":0,"14":0,"15":0,"16":0,"17":0,"18":0,"19":0,"20":0,"21":0,"22":0,"23":0,"24":0,"25":0,"26":0,"27":0,"28":0,"29":0,"30":0,"31":0,"32":0,"33":0},"f":{"0":0,"1":0,"2":0,"3":0,"4":0,"5":0,"6":0},"b":{}}
,"C:\\Users\\dmbai\\MDL\\SudokuApp\\components\\HamburgerMenu.tsx": {"path":"C:\\Users\\dmbai\\MDL\\SudokuApp\\components\\HamburgerMenu.tsx","statementMap":{"0":{"start":{"line":8,"column":29},"end":{"line":60,"column":1}},"1":{"start":{"line":9,"column":34},"end":{"line":9,"column":49}},"2":{"start":{"line":10,"column":19},"end":{"line":10,"column":30}},"3":{"start":{"line":12,"column":25},"end":{"line":12,"column":53}},"4":{"start":{"line":13,"column":25},"end":{"line":13,"column":53}},"5":{"start":{"line":14,"column":22},"end":{"line":14,"column":47}},"6":{"start":{"line":15,"column":24},"end":{"line":15,"column":51}},"7":{"start":{"line":17,"column":24},"end":{"line":20,"column":5}},"8":{"start":{"line":18,"column":8},"end":{"line":18,"column":26}},"9":{"start":{"line":19,"column":8},"end":{"line":19,"column":34}},"10":{"start":{"line":22,"column":4},"end":{"line":59,"column":6}},"11":{"start":{"line":24,"column":45},"end":{"line":24,"column":61}},"12":{"start":{"line":32,"column":38},"end":{"line":32,"column":55}},"13":{"start":{"line":34,"column":57},"end":{"line":34,"column":74}},"14":{"start":{"line":40,"column":51},"end":{"line":40,"column":75}},"15":{"start":{"line":48,"column":51},"end":{"line":48,"column":73}},"16":{"start":{"line":62,"column":15},"end":{"line":100,"column":2}}},"fnMap":{"0":{"name":"(anonymous_0)","decl":{"start":{"line":8,"column":29},"end":{"line":8,"column":30}},"loc":{"start":{"line":8,"column":35},"end":{"line":60,"column":1}},"line":8},"1":{"name":"(anonymous_1)","decl":{"start":{"line":17,"column":24},"end":{"line":17,"column":25}},"loc":{"start":{"line":17,"column":43},"end":{"line":20,"column":5}},"line":17},"2":{"name":"(anonymous_2)","decl":{"start":{"line":24,"column":39},"end":{"line":24,"column":40}},"loc":{"start":{"line":24,"column":45},"end":{"line":24,"column":61}},"line":24},"3":{"name":"(anonymous_3)","decl":{"start":{"line":32,"column":32},"end":{"line":32,"column":33}},"loc":{"start":{"line":32,"column":38},"end":{"line":32,"column":55}},"line":32},"4":{"name":"(anonymous_4)","decl":{"start":{"line":34,"column":51},"end":{"line":34,"column":52}},"loc":{"start":{"line":34,"column":57},"end":{"line":34,"column":74}},"line":34},"5":{"name":"(anonymous_5)","decl":{"start":{"line":40,"column":45},"end":{"line":40,"column":46}},"loc":{"start":{"line":40,"column":51},"end":{"line":40,"column":75}},"line":40},"6":{"name":"(anonymous_6)","decl":{"start":{"line":48,"column":45},"end":{"line":48,"column":46}},"loc":{"start":{"line":48,"column":51},"end":{"line":48,"column":73}},"line":48}},"branchMap":{},"s":{"0":0,"1":0,"2":0,"3":0,"4":0,"5":0,"6":0,"7":0,"8":0,"9":0,"10":0,"11":0,"12":0,"13":0,"14":0,"15":0,"16":0},"f":{"0":0,"1":0,"2":0,"3":0,"4":0,"5":0,"6":0},"b":{}}
,"C:\\Users\\dmbai\\MDL\\SudokuApp\\components\\Header.tsx": {"path":"C:\\Users\\dmbai\\MDL\\SudokuApp\\components\\Header.tsx","statementMap":{"0":{"start":{"line":9,"column":38},"end":{"line":19,"column":1}},"1":{"start":{"line":10,"column":17},"end":{"line":10,"column":36}},"2":{"start":{"line":12,"column":2},"end":{"line":18,"column":4}},"3":{"start":{"line":21,"column":15},"end":{"line":38,"column":2}}},"fnMap":{"0":{"name":"(anonymous_0)","decl":{"start":{"line":9,"column":38},"end":{"line":9,"column":39}},"loc":{"start":{"line":9,"column":53},"end":{"line":19,"column":1}},"line":9}},"branchMap":{"0":{"loc":{"start":{"line":30,"column":16},"end":{"line":30,"column":63}},"type":"cond-expr","locations":[{"start":{"line":30,"column":40},"end":{"line":30,"column":48}},{"start":{"line":30,"column":51},"end":{"line":30,"column":63}}],"line":30},"1":{"loc":{"start":{"line":35,"column":16},"end":{"line":35,"column":53}},"type":"cond-expr","locations":[{"start":{"line":35,"column":40},"end":{"line":35,"column":45}},{"start":{"line":35,"column":48},"end":{"line":35,"column":53}}],"line":35}},"s":{"0":0,"1":0,"2":0,"3":0},"f":{"0":0},"b":{"0":[0,0],"1":[0,0]}}
,"C:\\Users\\dmbai\\MDL\\SudokuApp\\components\\SudokuBoard.tsx": {"path":"C:\\Users\\dmbai\\MDL\\SudokuApp\\components\\SudokuBoard.tsx","statementMap":{"0":{"start":{"line":21,"column":30},"end":{"line":583,"column":1}},"1":{"start":{"line":22,"column":28},"end":{"line":22,"column":52}},"2":{"start":{"line":23,"column":42},"end":{"line":23,"column":67}},"3":{"start":{"line":24,"column":28},"end":{"line":24,"column":54}},"4":{"start":{"line":25,"column":42},"end":{"line":25,"column":93}},"5":{"start":{"line":26,"column":44},"end":{"line":26,"column":88}},"6":{"start":{"line":27,"column":38},"end":{"line":27,"column":95}},"7":{"start":{"line":28,"column":38},"end":{"line":28,"column":62}},"8":{"start":{"line":29,"column":34},"end":{"line":29,"column":49}},"9":{"start":{"line":30,"column":34},"end":{"line":30,"column":49}},"10":{"start":{"line":31,"column":34},"end":{"line":31,"column":45}},"11":{"start":{"line":32,"column":34},"end":{"line":32,"column":58}},"12":{"start":{"line":33,"column":30},"end":{"line":33,"column":49}},"13":{"start":{"line":34,"column":17},"end":{"line":34,"column":28}},"14":{"start":{"line":36,"column":178},"end":{"line":36,"column":191}},"15":{"start":{"line":37,"column":61},"end":{"line":37,"column":71}},"16":{"start":{"line":38,"column":32},"end":{"line":38,"column":90}},"17":{"start":{"line":39,"column":58},"end":{"line":39,"column":82}},"18":{"start":{"line":40,"column":38},"end":{"line":40,"column":62}},"19":{"start":{"line":41,"column":40},"end":{"line":41,"column":67}},"20":{"start":{"line":42,"column":54},"end":{"line":42,"column":69}},"21":{"start":{"line":43,"column":54},"end":{"line":43,"column":69}},"22":{"start":{"line":45,"column":22},"end":{"line":45,"column":65}},"23":{"start":{"line":48,"column":46},"end":{"line":52,"column":42}},"24":{"start":{"line":54,"column":19},"end":{"line":54,"column":47}},"25":{"start":{"line":56,"column":28},"end":{"line":56,"column":49}},"26":{"start":{"line":57,"column":17},"end":{"line":57,"column":36}},"27":{"start":{"line":59,"column":20},"end":{"line":59,"column":45}},"28":{"start":{"line":60,"column":29},"end":{"line":60,"column":63}},"29":{"start":{"line":61,"column":26},"end":{"line":61,"column":57}},"30":{"start":{"line":62,"column":23},"end":{"line":62,"column":51}},"31":{"start":{"line":63,"column":23},"end":{"line":63,"column":51}},"32":{"start":{"line":64,"column":28},"end":{"line":64,"column":61}},"33":{"start":{"line":65,"column":22},"end":{"line":65,"column":49}},"34":{"start":{"line":66,"column":26},"end":{"line":66,"column":57}},"35":{"start":{"line":69,"column":2},"end":{"line":76,"column":26}},"36":{"start":{"line":70,"column":4},"end":{"line":75,"column":5}},"37":{"start":{"line":71,"column":22},"end":{"line":73,"column":13}},"38":{"start":{"line":72,"column":8},"end":{"line":72,"column":64}},"39":{"start":{"line":74,"column":6},"end":{"line":74,"column":41}},"40":{"start":{"line":74,"column":19},"end":{"line":74,"column":40}},"41":{"start":{"line":78,"column":21},"end":{"line":78,"column":54}},"42":{"start":{"line":79,"column":26},"end":{"line":79,"column":74}},"43":{"start":{"line":80,"column":23},"end":{"line":80,"column":62}},"44":{"start":{"line":81,"column":19},"end":{"line":81,"column":47}},"45":{"start":{"line":82,"column":20},"end":{"line":82,"column":32}},"46":{"start":{"line":84,"column":25},"end":{"line":84,"column":66}},"47":{"start":{"line":85,"column":30},"end":{"line":85,"column":69}},"48":{"start":{"line":86,"column":26},"end":{"line":86,"column":63}},"49":{"start":{"line":88,"column":19},"end":{"line":139,"column":3}},"50":{"start":{"line":89,"column":22},"end":{"line":89,"column":39}},"51":{"start":{"line":90,"column":4},"end":{"line":138,"column":5}},"52":{"start":{"line":91,"column":6},"end":{"line":91,"column":32}},"53":{"start":{"line":92,"column":6},"end":{"line":92,"column":46}},"54":{"start":{"line":93,"column":6},"end":{"line":93,"column":42}},"55":{"start":{"line":94,"column":6},"end":{"line":94,"column":55}},"56":{"start":{"line":95,"column":6},"end":{"line":95,"column":44}},"57":{"start":{"line":96,"column":6},"end":{"line":96,"column":43}},"58":{"start":{"line":97,"column":6},"end":{"line":97,"column":47}},"59":{"start":{"line":98,"column":6},"end":{"line":98,"column":71}},"60":{"start":{"line":101,"column":21},"end":{"line":101,"column":51}},"61":{"start":{"line":102,"column":6},"end":{"line":102,"column":26}},"62":{"start":{"line":104,"column":6},"end":{"line":104,"column":28}},"63":{"start":{"line":106,"column":6},"end":{"line":110,"column":7}},"64":{"start":{"line":107,"column":8},"end":{"line":107,"column":34}},"65":{"start":{"line":109,"column":8},"end":{"line":109,"column":83}},"66":{"start":{"line":109,"column":47},"end":{"line":109,"column":80}},"67":{"start":{"line":109,"column":77},"end":{"line":109,"column":79}},"68":{"start":{"line":113,"column":45},"end":{"line":113,"column":67}},"69":{"start":{"line":114,"column":30},"end":{"line":114,"column":78}},"70":{"start":{"line":114,"column":50},"end":{"line":114,"column":77}},"71":{"start":{"line":114,"column":66},"end":{"line":114,"column":76}},"72":{"start":{"line":115,"column":27},"end":{"line":115,"column":91}},"73":{"start":{"line":115,"column":57},"end":{"line":115,"column":90}},"74":{"start":{"line":115,"column":87},"end":{"line":115,"column":89}},"75":{"start":{"line":117,"column":6},"end":{"line":117,"column":25}},"76":{"start":{"line":118,"column":6},"end":{"line":118,"column":39}},"77":{"start":{"line":119,"column":6},"end":{"line":119,"column":28}},"78":{"start":{"line":120,"column":6},"end":{"line":120,"column":29}},"79":{"start":{"line":121,"column":6},"end":{"line":121,"column":28}},"80":{"start":{"line":122,"column":6},"end":{"line":122,"column":21}},"81":{"start":{"line":123,"column":6},"end":{"line":123,"column":25}},"82":{"start":{"line":124,"column":6},"end":{"line":124,"column":28}},"83":{"start":{"line":125,"column":6},"end":{"line":125,"column":25}},"84":{"start":{"line":126,"column":6},"end":{"line":126,"column":37}},"85":{"start":{"line":128,"column":6},"end":{"line":136,"column":9}},"86":{"start":{"line":137,"column":6},"end":{"line":137,"column":19}},"87":{"start":{"line":141,"column":2},"end":{"line":145,"column":4}},"88":{"start":{"line":143,"column":6},"end":{"line":143,"column":17}},"89":{"start":{"line":147,"column":21},"end":{"line":160,"column":3}},"90":{"start":{"line":148,"column":4},"end":{"line":148,"column":37}},"91":{"start":{"line":148,"column":30},"end":{"line":148,"column":37}},"92":{"start":{"line":150,"column":26},"end":{"line":150,"column":53}},"93":{"start":{"line":151,"column":23},"end":{"line":151,"column":43}},"94":{"start":{"line":153,"column":4},"end":{"line":153,"column":34}},"95":{"start":{"line":154,"column":4},"end":{"line":154,"column":34}},"96":{"start":{"line":155,"column":4},"end":{"line":155,"column":27}},"97":{"start":{"line":157,"column":22},"end":{"line":157,"column":56}},"98":{"start":{"line":158,"column":4},"end":{"line":158,"column":32}},"99":{"start":{"line":159,"column":4},"end":{"line":159,"column":152}},"100":{"start":{"line":162,"column":27},"end":{"line":279,"column":3}},"101":{"start":{"line":164,"column":4},"end":{"line":167,"column":8}},"102":{"start":{"line":164,"column":23},"end":{"line":167,"column":6}},"103":{"start":{"line":165,"column":28},"end":{"line":165,"column":34}},"104":{"start":{"line":166,"column":28},"end":{"line":166,"column":46}},"105":{"start":{"line":166,"column":39},"end":{"line":166,"column":45}},"106":{"start":{"line":169,"column":21},"end":{"line":169,"column":46}},"107":{"start":{"line":169,"column":36},"end":{"line":169,"column":45}},"108":{"start":{"line":170,"column":21},"end":{"line":170,"column":46}},"109":{"start":{"line":170,"column":36},"end":{"line":170,"column":45}},"110":{"start":{"line":171,"column":4},"end":{"line":171,"column":31}},"111":{"start":{"line":173,"column":21},"end":{"line":173,"column":55}},"112":{"start":{"line":173,"column":36},"end":{"line":173,"column":54}},"113":{"start":{"line":173,"column":47},"end":{"line":173,"column":53}},"114":{"start":{"line":174,"column":4},"end":{"line":204,"column":5}},"115":{"start":{"line":175,"column":6},"end":{"line":175,"column":30}},"116":{"start":{"line":178,"column":6},"end":{"line":186,"column":7}},"117":{"start":{"line":179,"column":8},"end":{"line":185,"column":9}},"118":{"start":{"line":179,"column":21},"end":{"line":179,"column":22}},"119":{"start":{"line":180,"column":10},"end":{"line":184,"column":11}},"120":{"start":{"line":180,"column":23},"end":{"line":180,"column":24}},"121":{"start":{"line":181,"column":12},"end":{"line":183,"column":13}},"122":{"start":{"line":182,"column":14},"end":{"line":182,"column":71}},"123":{"start":{"line":182,"column":58},"end":{"line":182,"column":69}},"124":{"start":{"line":189,"column":6},"end":{"line":203,"column":7}},"125":{"start":{"line":190,"column":33},"end":{"line":190,"column":87}},"126":{"start":{"line":191,"column":8},"end":{"line":202,"column":9}},"127":{"start":{"line":192,"column":25},"end":{"line":192,"column":73}},"128":{"start":{"line":195,"column":10},"end":{"line":201,"column":11}},"129":{"start":{"line":196,"column":12},"end":{"line":200,"column":15}},"130":{"start":{"line":206,"column":22},"end":{"line":206,"column":45}},"131":{"start":{"line":208,"column":22},"end":{"line":208,"column":30}},"132":{"start":{"line":209,"column":22},"end":{"line":209,"column":30}},"133":{"start":{"line":211,"column":4},"end":{"line":236,"column":5}},"134":{"start":{"line":212,"column":24},"end":{"line":214,"column":61}},"135":{"start":{"line":214,"column":30},"end":{"line":214,"column":60}},"136":{"start":{"line":216,"column":6},"end":{"line":235,"column":7}},"137":{"start":{"line":217,"column":8},"end":{"line":217,"column":25}},"138":{"start":{"line":218,"column":8},"end":{"line":218,"column":33}},"139":{"start":{"line":220,"column":8},"end":{"line":234,"column":9}},"140":{"start":{"line":221,"column":10},"end":{"line":221,"column":29}},"141":{"start":{"line":222,"column":10},"end":{"line":222,"column":28}},"142":{"start":{"line":223,"column":10},"end":{"line":223,"column":30}},"143":{"start":{"line":224,"column":10},"end":{"line":233,"column":11}},"144":{"start":{"line":225,"column":12},"end":{"line":225,"column":42}},"145":{"start":{"line":228,"column":12},"end":{"line":228,"column":36}},"146":{"start":{"line":230,"column":12},"end":{"line":232,"column":20}},"147":{"start":{"line":231,"column":14},"end":{"line":231,"column":42}},"148":{"start":{"line":238,"column":4},"end":{"line":247,"column":7}},"149":{"start":{"line":248,"column":4},"end":{"line":248,"column":23}},"150":{"start":{"line":249,"column":4},"end":{"line":249,"column":23}},"151":{"start":{"line":250,"column":4},"end":{"line":250,"column":32}},"152":{"start":{"line":253,"column":4},"end":{"line":256,"column":5}},"153":{"start":{"line":254,"column":6},"end":{"line":254,"column":27}},"154":{"start":{"line":255,"column":6},"end":{"line":255,"column":27}},"155":{"start":{"line":258,"column":4},"end":{"line":278,"column":5}},"156":{"start":{"line":259,"column":6},"end":{"line":259,"column":24}},"157":{"start":{"line":260,"column":6},"end":{"line":277,"column":7}},"158":{"start":{"line":261,"column":8},"end":{"line":261,"column":38}},"159":{"start":{"line":262,"column":8},"end":{"line":262,"column":36}},"160":{"start":{"line":264,"column":8},"end":{"line":264,"column":41}},"161":{"start":{"line":267,"column":8},"end":{"line":276,"column":11}},"162":{"start":{"line":281,"column":27},"end":{"line":299,"column":3}},"163":{"start":{"line":283,"column":4},"end":{"line":286,"column":8}},"164":{"start":{"line":283,"column":23},"end":{"line":286,"column":6}},"165":{"start":{"line":284,"column":28},"end":{"line":284,"column":34}},"166":{"start":{"line":285,"column":28},"end":{"line":285,"column":46}},"167":{"start":{"line":285,"column":39},"end":{"line":285,"column":45}},"168":{"start":{"line":288,"column":21},"end":{"line":288,"column":55}},"169":{"start":{"line":288,"column":36},"end":{"line":288,"column":54}},"170":{"start":{"line":288,"column":47},"end":{"line":288,"column":53}},"171":{"start":{"line":289,"column":22},"end":{"line":289,"column":40}},"172":{"start":{"line":291,"column":4},"end":{"line":295,"column":5}},"173":{"start":{"line":292,"column":6},"end":{"line":292,"column":60}},"174":{"start":{"line":292,"column":49},"end":{"line":292,"column":58}},"175":{"start":{"line":294,"column":6},"end":{"line":294,"column":54}},"176":{"start":{"line":297,"column":4},"end":{"line":297,"column":23}},"177":{"start":{"line":298,"column":4},"end":{"line":298,"column":98}},"178":{"start":{"line":301,"column":27},"end":{"line":309,"column":3}},"179":{"start":{"line":302,"column":4},"end":{"line":302,"column":34}},"180":{"start":{"line":305,"column":4},"end":{"line":308,"column":5}},"181":{"start":{"line":306,"column":6},"end":{"line":306,"column":27}},"182":{"start":{"line":307,"column":6},"end":{"line":307,"column":27}},"183":{"start":{"line":311,"column":28},"end":{"line":319,"column":3}},"184":{"start":{"line":312,"column":4},"end":{"line":318,"column":5}},"185":{"start":{"line":313,"column":6},"end":{"line":317,"column":7}},"186":{"start":{"line":314,"column":8},"end":{"line":314,"column":66}},"187":{"start":{"line":316,"column":8},"end":{"line":316,"column":66}},"188":{"start":{"line":321,"column":27},"end":{"line":325,"column":3}},"189":{"start":{"line":322,"column":4},"end":{"line":324,"column":5}},"190":{"start":{"line":323,"column":6},"end":{"line":323,"column":62}},"191":{"start":{"line":327,"column":25},"end":{"line":333,"column":3}},"192":{"start":{"line":328,"column":4},"end":{"line":328,"column":31}},"193":{"start":{"line":329,"column":4},"end":{"line":332,"column":5}},"194":{"start":{"line":330,"column":6},"end":{"line":330,"column":27}},"195":{"start":{"line":331,"column":6},"end":{"line":331,"column":27}},"196":{"start":{"line":335,"column":26},"end":{"line":349,"column":3}},"197":{"start":{"line":336,"column":4},"end":{"line":348,"column":5}},"198":{"start":{"line":337,"column":6},"end":{"line":337,"column":27}},"199":{"start":{"line":338,"column":6},"end":{"line":338,"column":27}},"200":{"start":{"line":340,"column":19},"end":{"line":340,"column":57}},"201":{"start":{"line":341,"column":6},"end":{"line":347,"column":7}},"202":{"start":{"line":342,"column":8},"end":{"line":342,"column":28}},"203":{"start":{"line":343,"column":8},"end":{"line":343,"column":29}},"204":{"start":{"line":344,"column":8},"end":{"line":344,"column":58}},"205":{"start":{"line":346,"column":8},"end":{"line":346,"column":104}},"206":{"start":{"line":351,"column":2},"end":{"line":351,"column":38}},"207":{"start":{"line":351,"column":26},"end":{"line":351,"column":38}},"208":{"start":{"line":353,"column":2},"end":{"line":582,"column":4}},"209":{"start":{"line":384,"column":29},"end":{"line":384,"column":50}},"210":{"start":{"line":385,"column":29},"end":{"line":385,"column":38}},"211":{"start":{"line":386,"column":31},"end":{"line":386,"column":96}},"212":{"start":{"line":386,"column":55},"end":{"line":386,"column":95}},"213":{"start":{"line":387,"column":39},"end":{"line":387,"column":182}},"214":{"start":{"line":388,"column":28},"end":{"line":388,"column":60}},"215":{"start":{"line":390,"column":28},"end":{"line":390,"column":53}},"216":{"start":{"line":391,"column":35},"end":{"line":391,"column":65}},"217":{"start":{"line":393,"column":33},"end":{"line":393,"column":38}},"218":{"start":{"line":394,"column":33},"end":{"line":394,"column":38}},"219":{"start":{"line":395,"column":35},"end":{"line":395,"column":40}},"220":{"start":{"line":396,"column":36},"end":{"line":396,"column":41}},"221":{"start":{"line":398,"column":12},"end":{"line":409,"column":13}},"222":{"start":{"line":399,"column":61},"end":{"line":399,"column":73}},"223":{"start":{"line":400,"column":36},"end":{"line":400,"column":67}},"224":{"start":{"line":402,"column":14},"end":{"line":406,"column":15}},"225":{"start":{"line":403,"column":16},"end":{"line":403,"column":58}},"226":{"start":{"line":404,"column":16},"end":{"line":404,"column":58}},"227":{"start":{"line":405,"column":16},"end":{"line":405,"column":152}},"228":{"start":{"line":408,"column":14},"end":{"line":408,"column":80}},"229":{"start":{"line":411,"column":33},"end":{"line":411,"column":109}},"230":{"start":{"line":412,"column":39},"end":{"line":412,"column":135}},"231":{"start":{"line":412,"column":94},"end":{"line":412,"column":134}},"232":{"start":{"line":414,"column":12},"end":{"line":436,"column":14}},"233":{"start":{"line":422,"column":31},"end":{"line":422,"column":93}},"234":{"start":{"line":516,"column":28},"end":{"line":516,"column":76}},"235":{"start":{"line":516,"column":56},"end":{"line":516,"column":68}},"236":{"start":{"line":517,"column":37},"end":{"line":517,"column":48}},"237":{"start":{"line":519,"column":14},"end":{"line":521,"column":15}},"238":{"start":{"line":520,"column":16},"end":{"line":520,"column":106}},"239":{"start":{"line":523,"column":14},"end":{"line":532,"column":15}},"240":{"start":{"line":527,"column":33},"end":{"line":527,"column":55}},"241":{"start":{"line":539,"column":29},"end":{"line":539,"column":55}},"242":{"start":{"line":547,"column":29},"end":{"line":547,"column":53}},"243":{"start":{"line":562,"column":12},"end":{"line":562,"column":41}},"244":{"start":{"line":563,"column":12},"end":{"line":563,"column":37}},"245":{"start":{"line":565,"column":27},"end":{"line":565,"column":55}},"246":{"start":{"line":572,"column":12},"end":{"line":572,"column":41}},"247":{"start":{"line":573,"column":12},"end":{"line":573,"column":36}},"248":{"start":{"line":574,"column":12},"end":{"line":574,"column":37}},"249":{"start":{"line":577,"column":12},"end":{"line":577,"column":41}},"250":{"start":{"line":585,"column":15},"end":{"line":752,"column":2}}},"fnMap":{"0":{"name":"(anonymous_0)","decl":{"start":{"line":21,"column":30},"end":{"line":21,"column":31}},"loc":{"start":{"line":21,"column":36},"end":{"line":583,"column":1}},"line":21},"1":{"name":"(anonymous_1)","decl":{"start":{"line":69,"column":18},"end":{"line":69,"column":19}},"loc":{"start":{"line":69,"column":24},"end":{"line":76,"column":3}},"line":69},"2":{"name":"(anonymous_2)","decl":{"start":{"line":71,"column":33},"end":{"line":71,"column":34}},"loc":{"start":{"line":71,"column":39},"end":{"line":73,"column":7}},"line":71},"3":{"name":"(anonymous_3)","decl":{"start":{"line":74,"column":13},"end":{"line":74,"column":14}},"loc":{"start":{"line":74,"column":19},"end":{"line":74,"column":40}},"line":74},"4":{"name":"(anonymous_4)","decl":{"start":{"line":88,"column":19},"end":{"line":88,"column":20}},"loc":{"start":{"line":88,"column":31},"end":{"line":139,"column":3}},"line":88},"5":{"name":"(anonymous_5)","decl":{"start":{"line":109,"column":41},"end":{"line":109,"column":42}},"loc":{"start":{"line":109,"column":47},"end":{"line":109,"column":80}},"line":109},"6":{"name":"(anonymous_6)","decl":{"start":{"line":109,"column":71},"end":{"line":109,"column":72}},"loc":{"start":{"line":109,"column":77},"end":{"line":109,"column":79}},"line":109},"7":{"name":"(anonymous_7)","decl":{"start":{"line":114,"column":43},"end":{"line":114,"column":44}},"loc":{"start":{"line":114,"column":50},"end":{"line":114,"column":77}},"line":114},"8":{"name":"(anonymous_8)","decl":{"start":{"line":114,"column":58},"end":{"line":114,"column":59}},"loc":{"start":{"line":114,"column":66},"end":{"line":114,"column":76}},"line":114},"9":{"name":"(anonymous_9)","decl":{"start":{"line":115,"column":51},"end":{"line":115,"column":52}},"loc":{"start":{"line":115,"column":57},"end":{"line":115,"column":90}},"line":115},"10":{"name":"(anonymous_10)","decl":{"start":{"line":115,"column":81},"end":{"line":115,"column":82}},"loc":{"start":{"line":115,"column":87},"end":{"line":115,"column":89}},"line":115},"11":{"name":"(anonymous_11)","decl":{"start":{"line":142,"column":16},"end":{"line":142,"column":17}},"loc":{"start":{"line":142,"column":22},"end":{"line":144,"column":5}},"line":142},"12":{"name":"(anonymous_12)","decl":{"start":{"line":147,"column":21},"end":{"line":147,"column":22}},"loc":{"start":{"line":147,"column":27},"end":{"line":160,"column":3}},"line":147},"13":{"name":"(anonymous_13)","decl":{"start":{"line":162,"column":27},"end":{"line":162,"column":28}},"loc":{"start":{"line":162,"column":72},"end":{"line":279,"column":3}},"line":162},"14":{"name":"(anonymous_14)","decl":{"start":{"line":164,"column":15},"end":{"line":164,"column":16}},"loc":{"start":{"line":164,"column":23},"end":{"line":167,"column":6}},"line":164},"15":{"name":"(anonymous_15)","decl":{"start":{"line":165,"column":23},"end":{"line":165,"column":24}},"loc":{"start":{"line":165,"column":28},"end":{"line":165,"column":34}},"line":165},"16":{"name":"(anonymous_16)","decl":{"start":{"line":166,"column":23},"end":{"line":166,"column":24}},"loc":{"start":{"line":166,"column":28},"end":{"line":166,"column":46}},"line":166},"17":{"name":"(anonymous_17)","decl":{"start":{"line":166,"column":34},"end":{"line":166,"column":35}},"loc":{"start":{"line":166,"column":39},"end":{"line":166,"column":45}},"line":166},"18":{"name":"(anonymous_18)","decl":{"start":{"line":169,"column":31},"end":{"line":169,"column":32}},"loc":{"start":{"line":169,"column":36},"end":{"line":169,"column":45}},"line":169},"19":{"name":"(anonymous_19)","decl":{"start":{"line":170,"column":31},"end":{"line":170,"column":32}},"loc":{"start":{"line":170,"column":36},"end":{"line":170,"column":45}},"line":170},"20":{"name":"(anonymous_20)","decl":{"start":{"line":173,"column":31},"end":{"line":173,"column":32}},"loc":{"start":{"line":173,"column":36},"end":{"line":173,"column":54}},"line":173},"21":{"name":"(anonymous_21)","decl":{"start":{"line":173,"column":42},"end":{"line":173,"column":43}},"loc":{"start":{"line":173,"column":47},"end":{"line":173,"column":53}},"line":173},"22":{"name":"(anonymous_22)","decl":{"start":{"line":182,"column":53},"end":{"line":182,"column":54}},"loc":{"start":{"line":182,"column":58},"end":{"line":182,"column":69}},"line":182},"23":{"name":"(anonymous_23)","decl":{"start":{"line":214,"column":25},"end":{"line":214,"column":26}},"loc":{"start":{"line":214,"column":30},"end":{"line":214,"column":60}},"line":214},"24":{"name":"(anonymous_24)","decl":{"start":{"line":230,"column":23},"end":{"line":230,"column":24}},"loc":{"start":{"line":230,"column":29},"end":{"line":232,"column":13}},"line":230},"25":{"name":"(anonymous_25)","decl":{"start":{"line":281,"column":27},"end":{"line":281,"column":28}},"loc":{"start":{"line":281,"column":70},"end":{"line":299,"column":3}},"line":281},"26":{"name":"(anonymous_26)","decl":{"start":{"line":283,"column":15},"end":{"line":283,"column":16}},"loc":{"start":{"line":283,"column":23},"end":{"line":286,"column":6}},"line":283},"27":{"name":"(anonymous_27)","decl":{"start":{"line":284,"column":23},"end":{"line":284,"column":24}},"loc":{"start":{"line":284,"column":28},"end":{"line":284,"column":34}},"line":284},"28":{"name":"(anonymous_28)","decl":{"start":{"line":285,"column":23},"end":{"line":285,"column":24}},"loc":{"start":{"line":285,"column":28},"end":{"line":285,"column":46}},"line":285},"29":{"name":"(anonymous_29)","decl":{"start":{"line":285,"column":34},"end":{"line":285,"column":35}},"loc":{"start":{"line":285,"column":39},"end":{"line":285,"column":45}},"line":285},"30":{"name":"(anonymous_30)","decl":{"start":{"line":288,"column":31},"end":{"line":288,"column":32}},"loc":{"start":{"line":288,"column":36},"end":{"line":288,"column":54}},"line":288},"31":{"name":"(anonymous_31)","decl":{"start":{"line":288,"column":42},"end":{"line":288,"column":43}},"loc":{"start":{"line":288,"column":47},"end":{"line":288,"column":53}},"line":288},"32":{"name":"(anonymous_32)","decl":{"start":{"line":292,"column":44},"end":{"line":292,"column":45}},"loc":{"start":{"line":292,"column":49},"end":{"line":292,"column":58}},"line":292},"33":{"name":"(anonymous_33)","decl":{"start":{"line":301,"column":27},"end":{"line":301,"column":28}},"loc":{"start":{"line":301,"column":57},"end":{"line":309,"column":3}},"line":301},"34":{"name":"(anonymous_34)","decl":{"start":{"line":311,"column":28},"end":{"line":311,"column":29}},"loc":{"start":{"line":311,"column":45},"end":{"line":319,"column":3}},"line":311},"35":{"name":"(anonymous_35)","decl":{"start":{"line":321,"column":27},"end":{"line":321,"column":28}},"loc":{"start":{"line":321,"column":33},"end":{"line":325,"column":3}},"line":321},"36":{"name":"(anonymous_36)","decl":{"start":{"line":327,"column":25},"end":{"line":327,"column":26}},"loc":{"start":{"line":327,"column":31},"end":{"line":333,"column":3}},"line":327},"37":{"name":"(anonymous_37)","decl":{"start":{"line":335,"column":26},"end":{"line":335,"column":27}},"loc":{"start":{"line":335,"column":32},"end":{"line":349,"column":3}},"line":335},"38":{"name":"(anonymous_38)","decl":{"start":{"line":383,"column":28},"end":{"line":383,"column":29}},"loc":{"start":{"line":383,"column":45},"end":{"line":437,"column":11}},"line":383},"39":{"name":"(anonymous_39)","decl":{"start":{"line":386,"column":50},"end":{"line":386,"column":51}},"loc":{"start":{"line":386,"column":55},"end":{"line":386,"column":95}},"line":386},"40":{"name":"(anonymous_40)","decl":{"start":{"line":412,"column":89},"end":{"line":412,"column":90}},"loc":{"start":{"line":412,"column":94},"end":{"line":412,"column":134}},"line":412},"41":{"name":"(anonymous_41)","decl":{"start":{"line":422,"column":25},"end":{"line":422,"column":26}},"loc":{"start":{"line":422,"column":31},"end":{"line":422,"column":93}},"line":422},"42":{"name":"(anonymous_42)","decl":{"start":{"line":515,"column":45},"end":{"line":515,"column":46}},"loc":{"start":{"line":515,"column":52},"end":{"line":533,"column":13}},"line":515},"43":{"name":"(anonymous_43)","decl":{"start":{"line":516,"column":48},"end":{"line":516,"column":49}},"loc":{"start":{"line":516,"column":56},"end":{"line":516,"column":68}},"line":516},"44":{"name":"(anonymous_44)","decl":{"start":{"line":527,"column":27},"end":{"line":527,"column":28}},"loc":{"start":{"line":527,"column":33},"end":{"line":527,"column":55}},"line":527},"45":{"name":"(anonymous_45)","decl":{"start":{"line":539,"column":23},"end":{"line":539,"column":24}},"loc":{"start":{"line":539,"column":29},"end":{"line":539,"column":55}},"line":539},"46":{"name":"(anonymous_46)","decl":{"start":{"line":547,"column":23},"end":{"line":547,"column":24}},"loc":{"start":{"line":547,"column":29},"end":{"line":547,"column":53}},"line":547},"47":{"name":"(anonymous_47)","decl":{"start":{"line":561,"column":21},"end":{"line":561,"column":22}},"loc":{"start":{"line":561,"column":27},"end":{"line":564,"column":11}},"line":561},"48":{"name":"(anonymous_48)","decl":{"start":{"line":565,"column":21},"end":{"line":565,"column":22}},"loc":{"start":{"line":565,"column":27},"end":{"line":565,"column":55}},"line":565},"49":{"name":"(anonymous_49)","decl":{"start":{"line":571,"column":21},"end":{"line":571,"column":22}},"loc":{"start":{"line":571,"column":27},"end":{"line":575,"column":11}},"line":571},"50":{"name":"(anonymous_50)","decl":{"start":{"line":576,"column":21},"end":{"line":576,"column":22}},"loc":{"start":{"line":576,"column":27},"end":{"line":578,"column":11}},"line":576}},"branchMap":{"0":{"loc":{"start":{"line":70,"column":4},"end":{"line":75,"column":5}},"type":"if","locations":[{"start":{"line":70,"column":4},"end":{"line":75,"column":5}},{"start":{},"end":{}}],"line":70},"1":{"loc":{"start":{"line":78,"column":21},"end":{"line":78,"column":54}},"type":"cond-expr","locations":[{"start":{"line":78,"column":45},"end":{"line":78,"column":48}},{"start":{"line":78,"column":51},"end":{"line":78,"column":54}}],"line":78},"2":{"loc":{"start":{"line":90,"column":4},"end":{"line":138,"column":5}},"type":"if","locations":[{"start":{"line":90,"column":4},"end":{"line":138,"column":5}},{"start":{"line":111,"column":11},"end":{"line":138,"column":5}}],"line":90},"3":{"loc":{"start":{"line":90,"column":8},"end":{"line":90,"column":86}},"type":"binary-expr","locations":[{"start":{"line":90,"column":8},"end":{"line":90,"column":17}},{"start":{"line":90,"column":21},"end":{"line":90,"column":36}},{"start":{"line":90,"column":40},"end":{"line":90,"column":62}},{"start":{"line":90,"column":66},"end":{"line":90,"column":86}}],"line":90},"4":{"loc":{"start":{"line":95,"column":18},"end":{"line":95,"column":42}},"type":"binary-expr","locations":[{"start":{"line":95,"column":18},"end":{"line":95,"column":36}},{"start":{"line":95,"column":40},"end":{"line":95,"column":42}}],"line":95},"5":{"loc":{"start":{"line":96,"column":18},"end":{"line":96,"column":41}},"type":"binary-expr","locations":[{"start":{"line":96,"column":18},"end":{"line":96,"column":36}},{"start":{"line":96,"column":40},"end":{"line":96,"column":41}}],"line":96},"6":{"loc":{"start":{"line":97,"column":18},"end":{"line":97,"column":45}},"type":"binary-expr","locations":[{"start":{"line":97,"column":18},"end":{"line":97,"column":36}},{"start":{"line":97,"column":40},"end":{"line":97,"column":45}}],"line":97},"7":{"loc":{"start":{"line":98,"column":30},"end":{"line":98,"column":69}},"type":"binary-expr","locations":[{"start":{"line":98,"column":30},"end":{"line":98,"column":60}},{"start":{"line":98,"column":64},"end":{"line":98,"column":69}}],"line":98},"8":{"loc":{"start":{"line":106,"column":6},"end":{"line":110,"column":7}},"type":"if","locations":[{"start":{"line":106,"column":6},"end":{"line":110,"column":7}},{"start":{"line":108,"column":13},"end":{"line":110,"column":7}}],"line":106},"9":{"loc":{"start":{"line":148,"column":4},"end":{"line":148,"column":37}},"type":"if","locations":[{"start":{"line":148,"column":4},"end":{"line":148,"column":37}},{"start":{},"end":{}}],"line":148},"10":{"loc":{"start":{"line":174,"column":4},"end":{"line":204,"column":5}},"type":"if","locations":[{"start":{"line":174,"column":4},"end":{"line":204,"column":5}},{"start":{},"end":{}}],"line":174},"11":{"loc":{"start":{"line":178,"column":6},"end":{"line":186,"column":7}},"type":"if","locations":[{"start":{"line":178,"column":6},"end":{"line":186,"column":7}},{"start":{},"end":{}}],"line":178},"12":{"loc":{"start":{"line":181,"column":12},"end":{"line":183,"column":13}},"type":"if","locations":[{"start":{"line":181,"column":12},"end":{"line":183,"column":13}},{"start":{},"end":{}}],"line":181},"13":{"loc":{"start":{"line":181,"column":16},"end":{"line":181,"column":130}},"type":"binary-expr","locations":[{"start":{"line":181,"column":16},"end":{"line":181,"column":25}},{"start":{"line":181,"column":29},"end":{"line":181,"column":38}},{"start":{"line":181,"column":43},"end":{"line":181,"column":84}},{"start":{"line":181,"column":88},"end":{"line":181,"column":129}}],"line":181},"14":{"loc":{"start":{"line":189,"column":6},"end":{"line":203,"column":7}},"type":"if","locations":[{"start":{"line":189,"column":6},"end":{"line":203,"column":7}},{"start":{},"end":{}}],"line":189},"15":{"loc":{"start":{"line":191,"column":8},"end":{"line":202,"column":9}},"type":"if","locations":[{"start":{"line":191,"column":8},"end":{"line":202,"column":9}},{"start":{},"end":{}}],"line":191},"16":{"loc":{"start":{"line":195,"column":10},"end":{"line":201,"column":11}},"type":"if","locations":[{"start":{"line":195,"column":10},"end":{"line":201,"column":11}},{"start":{},"end":{}}],"line":195},"17":{"loc":{"start":{"line":211,"column":4},"end":{"line":236,"column":5}},"type":"if","locations":[{"start":{"line":211,"column":4},"end":{"line":236,"column":5}},{"start":{},"end":{}}],"line":211},"18":{"loc":{"start":{"line":212,"column":24},"end":{"line":214,"column":61}},"type":"cond-expr","locations":[{"start":{"line":213,"column":11},"end":{"line":213,"column":62}},{"start":{"line":214,"column":10},"end":{"line":214,"column":61}}],"line":212},"19":{"loc":{"start":{"line":213,"column":11},"end":{"line":213,"column":62}},"type":"binary-expr","locations":[{"start":{"line":213,"column":11},"end":{"line":213,"column":30}},{"start":{"line":213,"column":34},"end":{"line":213,"column":62}}],"line":213},"20":{"loc":{"start":{"line":214,"column":30},"end":{"line":214,"column":60}},"type":"binary-expr","locations":[{"start":{"line":214,"column":30},"end":{"line":214,"column":43}},{"start":{"line":214,"column":47},"end":{"line":214,"column":60}}],"line":214},"21":{"loc":{"start":{"line":216,"column":6},"end":{"line":235,"column":7}},"type":"if","locations":[{"start":{"line":216,"column":6},"end":{"line":235,"column":7}},{"start":{},"end":{}}],"line":216},"22":{"loc":{"start":{"line":220,"column":8},"end":{"line":234,"column":9}},"type":"if","locations":[{"start":{"line":220,"column":8},"end":{"line":234,"column":9}},{"start":{},"end":{}}],"line":220},"23":{"loc":{"start":{"line":220,"column":12},"end":{"line":220,"column":61}},"type":"binary-expr","locations":[{"start":{"line":220,"column":12},"end":{"line":220,"column":31}},{"start":{"line":220,"column":35},"end":{"line":220,"column":61}}],"line":220},"24":{"loc":{"start":{"line":224,"column":10},"end":{"line":233,"column":11}},"type":"if","locations":[{"start":{"line":224,"column":10},"end":{"line":233,"column":11}},{"start":{},"end":{}}],"line":224},"25":{"loc":{"start":{"line":246,"column":28},"end":{"line":246,"column":103}},"type":"binary-expr","locations":[{"start":{"line":246,"column":29},"end":{"line":246,"column":48}},{"start":{"line":246,"column":52},"end":{"line":246,"column":78}},{"start":{"line":246,"column":83},"end":{"line":246,"column":103}}],"line":246},"26":{"loc":{"start":{"line":253,"column":4},"end":{"line":256,"column":5}},"type":"if","locations":[{"start":{"line":253,"column":4},"end":{"line":256,"column":5}},{"start":{},"end":{}}],"line":253},"27":{"loc":{"start":{"line":258,"column":4},"end":{"line":278,"column":5}},"type":"if","locations":[{"start":{"line":258,"column":4},"end":{"line":278,"column":5}},{"start":{},"end":{}}],"line":258},"28":{"loc":{"start":{"line":258,"column":8},"end":{"line":258,"column":72}},"type":"binary-expr","locations":[{"start":{"line":258,"column":8},"end":{"line":258,"column":19}},{"start":{"line":258,"column":23},"end":{"line":258,"column":45}},{"start":{"line":258,"column":49},"end":{"line":258,"column":72}}],"line":258},"29":{"loc":{"start":{"line":260,"column":6},"end":{"line":277,"column":7}},"type":"if","locations":[{"start":{"line":260,"column":6},"end":{"line":277,"column":7}},{"start":{},"end":{}}],"line":260},"30":{"loc":{"start":{"line":291,"column":4},"end":{"line":295,"column":5}},"type":"if","locations":[{"start":{"line":291,"column":4},"end":{"line":295,"column":5}},{"start":{"line":293,"column":11},"end":{"line":295,"column":5}}],"line":291},"31":{"loc":{"start":{"line":305,"column":4},"end":{"line":308,"column":5}},"type":"if","locations":[{"start":{"line":305,"column":4},"end":{"line":308,"column":5}},{"start":{},"end":{}}],"line":305},"32":{"loc":{"start":{"line":312,"column":4},"end":{"line":318,"column":5}},"type":"if","locations":[{"start":{"line":312,"column":4},"end":{"line":318,"column":5}},{"start":{},"end":{}}],"line":312},"33":{"loc":{"start":{"line":312,"column":8},"end":{"line":312,"column":75}},"type":"binary-expr","locations":[{"start":{"line":312,"column":8},"end":{"line":312,"column":20}},{"start":{"line":312,"column":24},"end":{"line":312,"column":75}}],"line":312},"34":{"loc":{"start":{"line":313,"column":6},"end":{"line":317,"column":7}},"type":"if","locations":[{"start":{"line":313,"column":6},"end":{"line":317,"column":7}},{"start":{"line":315,"column":13},"end":{"line":317,"column":7}}],"line":313},"35":{"loc":{"start":{"line":322,"column":4},"end":{"line":324,"column":5}},"type":"if","locations":[{"start":{"line":322,"column":4},"end":{"line":324,"column":5}},{"start":{},"end":{}}],"line":322},"36":{"loc":{"start":{"line":322,"column":8},"end":{"line":322,"column":75}},"type":"binary-expr","locations":[{"start":{"line":322,"column":8},"end":{"line":322,"column":20}},{"start":{"line":322,"column":24},"end":{"line":322,"column":75}}],"line":322},"37":{"loc":{"start":{"line":329,"column":4},"end":{"line":332,"column":5}},"type":"if","locations":[{"start":{"line":329,"column":4},"end":{"line":332,"column":5}},{"start":{},"end":{}}],"line":329},"38":{"loc":{"start":{"line":336,"column":4},"end":{"line":348,"c
[...]
{"start":{"line":358,"column":21},"end":{"line":358,"column":22}},"203":{"start":{"line":359,"column":12},"end":{"line":359,"column":52}},"204":{"start":{"line":359,"column":39},"end":{"line":359,"column":52}},"205":{"start":{"line":361,"column":8},"end":{"line":361,"column":31}},"206":{"start":{"line":365,"column":8},"end":{"line":365,"column":45}},"207":{"start":{"line":366,"column":8},"end":{"line":366,"column":66}},"208":{"start":{"line":374,"column":29},"end":{"line":374,"column":51}},"209":{"start":{"line":374,"column":44},"end":{"line":374,"column":50}},"210":{"start":{"line":375,"column":20},"end":{"line":375,"column":21}},"211":{"start":{"line":377,"column":22},"end":{"line":399,"column":9}},"212":{"start":{"line":378,"column":12},"end":{"line":381,"column":13}},"213":{"start":{"line":379,"column":16},"end":{"line":379,"column":24}},"214":{"start":{"line":380,"column":16},"end":{"line":380,"column":23}},"215":{"start":{"line":383,"column":26},"end":{"line":383,"column":45}},"216":{"start":{"line":384,"column":26},"end":{"line":384,"column":45}},"217":{"start":{"line":386,"column":12},"end":{"line":389,"column":13}},"218":{"start":{"line":387,"column":16},"end":{"line":387,"column":36}},"219":{"start":{"line":388,"column":16},"end":{"line":388,"column":23}},"220":{"start":{"line":391,"column":12},"end":{"line":398,"column":13}},"221":{"start":{"line":391,"column":27},"end":{"line":391,"column":28}},"222":{"start":{"line":392,"column":16},"end":{"line":397,"column":17}},"223":{"start":{"line":393,"column":20},"end":{"line":393,"column":45}},"224":{"start":{"line":394,"column":20},"end":{"line":394,"column":40}},"225":{"start":{"line":395,"column":20},"end":{"line":395,"column":43}},"226":{"start":{"line":396,"column":20},"end":{"line":396,"column":47}},"227":{"start":{"line":396,"column":40},"end":{"line":396,"column":47}},"228":{"start":{"line":401,"column":8},"end":{"line":401,"column":20}},"229":{"start":{"line":402,"column":8},"end":{"line":402,"column":21}},"230":{"start":{"line":406,"column":8},"end":{"line":408,"column":9}},"231":{"start":{"line":406,"column":21},"end":{"line":406,"column":22}},"232":{"start":{"line":407,"column":12},"end":{"line":407,"column":77}},"233":{"start":{"line":407,"column":64},"end":{"line":407,"column":77}},"234":{"start":{"line":409,"column":25},"end":{"line":409,"column":48}},"235":{"start":{"line":410,"column":25},"end":{"line":410,"column":48}},"236":{"start":{"line":411,"column":8},"end":{"line":415,"column":9}},"237":{"start":{"line":411,"column":21},"end":{"line":411,"column":29}},"238":{"start":{"line":412,"column":12},"end":{"line":414,"column":13}},"239":{"start":{"line":412,"column":25},"end":{"line":412,"column":33}},"240":{"start":{"line":413,"column":16},"end":{"line":413,"column":54}},"241":{"start":{"line":413,"column":41},"end":{"line":413,"column":54}},"242":{"start":{"line":416,"column":8},"end":{"line":416,"column":20}}},"fnMap":{"0":{"name":"(anonymous_0)","decl":{"start":{"line":20,"column":4},"end":{"line":20,"column":5}},"loc":{"start":{"line":20,"column":67},"end":{"line":31,"column":5}},"line":20},"1":{"name":"(anonymous_1)","decl":{"start":{"line":21,"column":64},"end":{"line":21,"column":65}},"loc":{"start":{"line":21,"column":70},"end":{"line":21,"column":90}},"line":21},"2":{"name":"(anonymous_2)","decl":{"start":{"line":36,"column":4},"end":{"line":36,"column":5}},"loc":{"start":{"line":36,"column":89},"end":{"line":52,"column":5}},"line":36},"3":{"name":"(anonymous_3)","decl":{"start":{"line":58,"column":4},"end":{"line":58,"column":5}},"loc":{"start":{"line":58,"column":83},"end":{"line":109,"column":5}},"line":58},"4":{"name":"(anonymous_4)","decl":{"start":{"line":59,"column":39},"end":{"line":59,"column":40}},"loc":{"start":{"line":59,"column":44},"end":{"line":59,"column":50}},"line":59},"5":{"name":"(anonymous_5)","decl":{"start":{"line":107,"column":42},"end":{"line":107,"column":43}},"loc":{"start":{"line":107,"column":49},"end":{"line":107,"column":78}},"line":107},"6":{"name":"(anonymous_6)","decl":{"start":{"line":107,"column":59},"end":{"line":107,"column":60}},"loc":{"start":{"line":107,"column":67},"end":{"line":107,"column":77}},"line":107},"7":{"name":"(anonymous_7)","decl":{"start":{"line":111,"column":4},"end":{"line":111,"column":5}},"loc":{"start":{"line":111,"column":82},"end":{"line":129,"column":5}},"line":111},"8":{"name":"(anonymous_8)","decl":{"start":{"line":131,"column":4},"end":{"line":131,"column":5}},"loc":{"start":{"line":131,"column":83},"end":{"line":219,"column":5}},"line":131},"9":{"name":"(anonymous_9)","decl":{"start":{"line":221,"column":4},"end":{"line":221,"column":5}},"loc":{"start":{"line":221,"column":90},"end":{"line":285,"column":5}},"line":221},"10":{"name":"(anonymous_10)","decl":{"start":{"line":259,"column":62},"end":{"line":259,"column":63}},"loc":{"start":{"line":259,"column":68},"end":{"line":259,"column":113}},"line":259},"11":{"name":"(anonymous_11)","decl":{"start":{"line":277,"column":62},"end":{"line":277,"column":63}},"loc":{"start":{"line":277,"column":68},"end":{"line":277,"column":113}},"line":277},"12":{"name":"(anonymous_12)","decl":{"start":{"line":287,"column":4},"end":{"line":287,"column":5}},"loc":{"start":{"line":287,"column":81},"end":{"line":316,"column":5}},"line":287},"13":{"name":"(anonymous_13)","decl":{"start":{"line":318,"column":4},"end":{"line":318,"column":5}},"loc":{"start":{"line":318,"column":92},"end":{"line":344,"column":5}},"line":318},"14":{"name":"(anonymous_14)","decl":{"start":{"line":326,"column":54},"end":{"line":326,"column":55}},"loc":{"start":{"line":326,"column":62},"end":{"line":326,"column":82}},"line":326},"15":{"name":"(anonymous_15)","decl":{"start":{"line":346,"column":4},"end":{"line":346,"column":5}},"loc":{"start":{"line":346,"column":64},"end":{"line":354,"column":5}},"line":346},"16":{"name":"(anonymous_16)","decl":{"start":{"line":356,"column":4},"end":{"line":356,"column":5}},"loc":{"start":{"line":356,"column":53},"end":{"line":362,"column":5}},"line":356},"17":{"name":"(anonymous_17)","decl":{"start":{"line":364,"column":4},"end":{"line":364,"column":5}},"loc":{"start":{"line":364,"column":94},"end":{"line":367,"column":5}},"line":364},"18":{"name":"(anonymous_18)","decl":{"start":{"line":373,"column":4},"end":{"line":373,"column":5}},"loc":{"start":{"line":373,"column":72},"end":{"line":403,"column":5}},"line":373},"19":{"name":"(anonymous_19)","decl":{"start":{"line":374,"column":39},"end":{"line":374,"column":40}},"loc":{"start":{"line":374,"column":44},"end":{"line":374,"column":50}},"line":374},"20":{"name":"(anonymous_20)","decl":{"start":{"line":377,"column":22},"end":{"line":377,"column":23}},"loc":{"start":{"line":377,"column":48},"end":{"line":399,"column":9}},"line":377},"21":{"name":"(anonymous_21)","decl":{"start":{"line":405,"column":4},"end":{"line":405,"column":5}},"loc":{"start":{"line":405,"column":93},"end":{"line":417,"column":5}},"line":405}},"branchMap":{"0":{"loc":{"start":{"line":25,"column":16},"end":{"line":27,"column":17}},"type":"if","locations":[{"start":{"line":25,"column":16},"end":{"line":27,"column":17}},{"start":{},"end":{}}],"line":25},"1":{"loc":{"start":{"line":69,"column":12},"end":{"line":74,"column":13}},"type":"if","locations":[{"start":{"line":69,"column":12},"end":{"line":74,"column":13}},{"start":{},"end":{}}],"line":69},"2":{"loc":{"start":{"line":78,"column":12},"end":{"line":83,"column":13}},"type":"if","locations":[{"start":{"line":78,"column":12},"end":{"line":83,"column":13}},{"start":{},"end":{}}],"line":78},"3":{"loc":{"start":{"line":87,"column":12},"end":{"line":94,"column":13}},"type":"if","locations":[{"start":{"line":87,"column":12},"end":{"line":94,"column":13}},{"start":{},"end":{}}],"line":87},"4":{"loc":{"start":{"line":89,"column":16},"end":{"line":93,"column":17}},"type":"if","locations":[{"start":{"line":89,"column":16},"end":{"line":93,"column":17}},{"start":{},"end":{}}],"line":89},"5":{"loc":{"start":{"line":98,"column":12},"end":{"line":104,"column":13}},"type":"if","locations":[{"start":{"line":98,"column":12},"end":{"line":104,"column":13}},{"start":{},"end":{}}],"line":98},"6":{"loc":{"start":{"line":99,"column":16},"end":{"line":103,"column":17}},"type":"if","locations":[{"start":{"line":99,"column":16},"end":{"line":103,"column":17}},{"start":{},"end":{}}],"line":99},"7":{"loc":{"start":{"line":115,"column":16},"end":{"line":125,"column":17}},"type":"if","locations":[{"start":{"line":115,"column":16},"end":{"line":125,"column":17}},{"start":{},"end":{}}],"line":115},"8":{"loc":{"start":{"line":115,"column":20},"end":{"line":115,"column":59}},"type":"binary-expr","locations":[{"start":{"line":115,"column":20},"end":{"line":115,"column":30}},{"start":{"line":115,"column":34},"end":{"line":115,"column":59}}],"line":115},"9":{"loc":{"start":{"line":139,"column":20},"end":{"line":142,"column":21}},"type":"if","locations":[{"start":{"line":139,"column":20},"end":{"line":142,"column":21}},{"start":{},"end":{}}],"line":139},"10":{"loc":{"start":{"line":146,"column":16},"end":{"line":155,"column":17}},"type":"if","locations":[{"start":{"line":146,"column":16},"end":{"line":155,"column":17}},{"start":{},"end":{}}],"line":146},"11":{"loc":{"start":{"line":166,"column":20},"end":{"line":169,"column":21}},"type":"if","locations":[{"start":{"line":166,"column":20},"end":{"line":169,"column":21}},{"start":{},"end":{}}],"line":166},"12":{"loc":{"start":{"line":173,"column":16},"end":{"line":182,"column":17}},"type":"if","locations":[{"start":{"line":173,"column":16},"end":{"line":182,"column":17}},{"start":{},"end":{}}],"line":173},"13":{"loc":{"start":{"line":197,"column":24},"end":{"line":201,"column":25}},"type":"if","locations":[{"start":{"line":197,"column":24},"end":{"line":201,"column":25}},{"start":{},"end":{}}],"line":197},"14":{"loc":{"start":{"line":206,"column":16},"end":{"line":215,"column":17}},"type":"if","locations":[{"start":{"line":206,"column":16},"end":{"line":215,"column":17}},{"start":{},"end":{}}],"line":206},"15":{"loc":{"start":{"line":236,"column":24},"end":{"line":240,"column":25}},"type":"if","locations":[{"start":{"line":236,"column":24},"end":{"line":240,"column":25}},{"start":{},"end":{}}],"line":236},"16":{"loc":{"start":{"line":244,"column":16},"end":{"line":281,"column":17}},"type":"if","locations":[{"start":{"line":244,"column":16},"end":{"line":281,"column":17}},{"start":{},"end":{}}],"line":244},"17":{"loc":{"start":{"line":244,"column":20},"end":{"line":244,"column":58}},"type":"binary-expr","locations":[{"start":{"line":244,"column":20},"end":{"line":244,"column":37}},{"start":{"line":244,"column":41},"end":{"line":244,"column":58}}],"line":244},"18":{"loc":{"start":{"line":245,"column":20},"end":{"line":262,"column":21}},"type":"if","locations":[{"start":{"line":245,"column":20},"end":{"line":262,"column":21}},{"start":{},"end":{}}],"line":245},"19":{"loc":{"start":{"line":250,"column":28},"end":{"line":252,"column":29}},"type":"if","locations":[{"start":{"line":250,"column":28},"end":{"line":252,"column":29}},{"start":{},"end":{}}],"line":250},"20":{"loc":{"start":{"line":250,"column":32},"end":{"line":250,"column":92}},"type":"binary-expr","locations":[{"start":{"line":250,"column":33},"end":{"line":250,"column":43}},{"start":{"line":250,"column":47},"end":{"line":250,"column":62}},{"start":{"line":250,"column":68},"end":{"line":250,"column":91}}],"line":250},"21":{"loc":{"start":{"line":254,"column":24},"end":{"line":261,"column":25}},"type":"if","locations":[{"start":{"line":254,"column":24},"end":{"line":261,"column":25}},{"start":{},"end":{}}],"line":254},"22":{"loc":{"start":{"line":263,"column":20},"end":{"line":280,"column":21}},"type":"if","locations":[{"start":{"line":263,"column":20},"end":{"line":280,"column":21}},{"start":{},"end":{}}],"line":263},"23":{"loc":{"start":{"line":268,"column":28},"end":{"line":270,"column":29}},"type":"if","locations":[{"start":{"line":268,"column":28},"end":{"line":270,"column":29}},{"start":{},"end":{}}],"line":268},"24":{"loc":{"start":{"line":268,"column":32},"end":{"line":268,"column":92}},"type":"binary-expr","locations":[{"start":{"line":268,"column":33},"end":{"line":268,"column":43}},{"start":{"line":268,"column":47},"end":{"line":268,"column":62}},{"start":{"line":268,"column":68},"end":{"line":268,"column":91}}],"line":268},"25":{"loc":{"start":{"line":272,"column":24},"end":{"line":279,"column":25}},"type":"if","locations":[{"start":{"line":272,"column":24},"end":{"line":279,"column":25}},{"start":{},"end":{}}],"line":272},"26":{"loc":{"start":{"line":292,"column":16},"end":{"line":312,"column":17}},"type":"if","locations":[{"start":{"line":292,"column":16},"end":{"line":312,"column":17}},{"start":{},"end":{}}],"line":292},"27":{"loc":{"start":{"line":294,"column":24},"end":{"line":310,"column":25}},"type":"if","locations":[{"start":{"line":294,"column":24},"end":{"line":310,"column":25}},{"start":{},"end":{}}],"line":294},"28":{"loc":{"start":{"line":298,"column":32},"end":{"line":300,"column":33}},"type":"if","locations":[{"start":{"line":298,"column":32},"end":{"line":300,"column":33}},{"start":{},"end":{}}],"line":298},"29":{"loc":{"start":{"line":298,"column":36},"end":{"line":298,"column":85}},"type":"binary-expr","locations":[{"start":{"line":298,"column":36},"end":{"line":298,"column":44}},{"start":{"line":298,"column":48},"end":{"line":298,"column":56}},{"start":{"line":298,"column":61},"end":{"line":298,"column":84}}],"line":298},"30":{"loc":{"start":{"line":302,"column":28},"end":{"line":309,"column":29}},"type":"if","locations":[{"start":{"line":302,"column":28},"end":{"line":309,"column":29}},{"start":{},"end":{}}],"line":302},"31":{"loc":{"start":{"line":322,"column":8},"end":{"line":334,"column":9}},"type":"if","locations":[{"start":{"line":322,"column":8},"end":{"line":334,"column":9}},{"start":{"line":328,"column":15},"end":{"line":334,"column":9}}],"line":322},"32":{"loc":{"start":{"line":327,"column":30},"end":{"line":327,"column":83}},"type":"cond-expr","locations":[{"start":{"line":327,"column":41},"end":{"line":327,"column":79}},{"start":{"line":327,"column":82},"end":{"line":327,"column":83}}],"line":327},"33":{"loc":{"start":{"line":328,"column":15},"end":{"line":334,"column":9}},"type":"if","locations":[{"start":{"line":328,"column":15},"end":{"line":334,"column":9}},{"start":{"line":331,"column":15},"end":{"line":334,"column":9}}],"line":328},"34":{"loc":{"start":{"line":337,"column":12},"end":{"line":341,"column":13}},"type":"if","locations":[{"start":{"line":337,"column":12},"end":{"line":341,"column":13}},{"start":{},"end":{}}],"line":337},"35":{"loc":{"start":{"line":340,"column":16},"end":{"line":340,"column":75}},"type":"if","locations":[{"start":{"line":340,"column":16},"end":{"line":340,"column":75}},{"start":{},"end":{}}],"line":340},"36":{"loc":{"start":{"line":350,"column":12},"end":{"line":350,"column":31}},"type":"if","locations":[{"start":{"line":350,"column":12},"end":{"line":350,"column":31}},{"start":{},"end":{}}],"line":350},"37":{"loc":{"start":{"line":359,"column":12},"end":{"line":359,"column":52}},"type":"if","locations":[{"start":{"line":359,"column":12},"end":{"line":359,"column":52}},{"start":{},"end":{}}],"line":359},"38":{"loc":{"start":{"line":373,"column":45},"end":{"line":373,"column":62}},"type":"default-arg","locations":[{"start":{"line":373,"column":61},"end":{"line":373,"column":62}}],"line":373},"39":{"loc":{"start":{"line":378,"column":12},"end":{"line":381,"column":13}},"type":"if","locations":[{"start":{"line":378,"column":12},"end":{"line":381,"column":13}},{"start":{},"end":{}}],"line":378},"40":{"loc":{"start":{"line":383,"column":26},"end":{"line":383,"column":45}},"type":"cond-expr","locations":[{"start":{"line":383,"column":36},"end":{"line":383,"column":41}},{"start":{"line":383,"column":44},"end":{"line":383,"column":45}}],"line":383},"41":{"loc":{"start":{"line":384,"column":26},"end":{"line":384,"column":45}},"type":"cond-expr","locations":[{"start":{"line":384,"column":36},"end":{"line":384,"column":37}},{"start":{"line":384,"column":40},"end":{"line":384,"column":45}}],"line":384},"42":{"loc":{"start":{"line":386,"column":12},"end":{"line":389,"column":13}},"type":"if","locations":[{"start":{"line":386,"column":12},"end":{"line":389,"column":13}},{"start":{},"end":{}}],"line":386},"43":{"loc":{"start":{"line":392,"column":16},"end":{"line":397,"column":17}},"type":"if","locations":[{"start":{"line":392,"column":16},"end":{"line":397,"column":17}},{"start":{},"end":{}}],"line":392},"44":{"loc":{"start":{"line":396,"column":20},"end":{"line":396,"column":47}},"type":"if","locations":[{"start":{"line":396,"column":20},"end":{"line":396,"column":47}},{"start":{},"end":{}}],"line":396},"45":{"loc":{"start":{"line":407,"column":12},"end":{"line":407,"column":77}},"type":"if","locations":[{"start":{"line":407,"column":12},"end":{"line":407,"column":77}},{"start":{},"end":{}}],"line":407},"46":{"loc":{"start":{"line":407,"column":16},"end":{"line":407,"column":62}},"type":"binary-expr","locations":[{"start":{"line":407,"column":16},"end":{"line":407,"column":37}},{"start":{"line":407,"column":41},"end":{"line":407,"column":62}}],"line":407},"47":{"loc":{"start":{"line":413,"column":16},"end":{"line":413,"column":54}},"type":"if","locations":[{"start":{"line":413,"column":16},"end":{"line":413,"column":54}},{"start":{},"end":{}}],"line":413}},"s":{"0":0,"1":0,"2":0,"3":0,"4":0,"5":0,"6":0,"7":0,"8":0,"9":0,"10":0,"11":0,"12":0,"13":0,"14":0,"15":0,"16":0,"17":0,"18":0,"19":0,"20":0,"21":0,"22":0,"23":0,"24":0,"25":0,"26":0,"27":0,"28":0,"29":0,"30":0,"31":0,"32":0,"33":0,"34":0,"35":0,"36":0,"37":0,"38":0,"39":0,"40":0,"41":0,"42":0,"43":0,"44":0,"45":0,"46":0,"47":0,"48":0,"49":0,"50":0,"51":0,"52":0,"53":0,"54":0,"55":0,"56":0,"57":0,"58":0,"59":0,"60":0,"61":0,"62":0,"63":0,"64":0,"65":0,"66":0,"67":0,"68":0,"69":0,"70":0,"71":0,"72":0,"73":0,"74":0,"75":0,"76":0,"77":0,"78":0,"79":0,"80":0,"81":0,"82":0,"83":0,"84":0,"85":0,"86":0,"87":0,"88":0,"89":0,"90":0,"91":0,"92":0,"93":0,"94":0,"95":0,"96":0,"97":0,"98":0,"99":0,"100":0,"101":0,"102":0,"103":0,"104":0,"105":0,"106":0,"107":0,"108":0,"109":0,"110":0,"111":0,"112":0,"113":0,"114":0,"115":0,"116":0,"117":0,"118":0,"119":0,"120":0,"121":0,"122":0,"123":0,"124":0,"125":0,"126":0,"127":0,"128":0,"129":0,"130":0,"131":0,"132":0,"133":0,"134":0,"135":0,"136":0,"137":0,"138":0,"139":0,"140":0,"141":0,"142":0,"143":0,"144":0,"145":0,"146":0,"147":0,"148":0,"149":0,"150":0,"151":0,"152":0,"153":0,"154":0,"155":0,"156":0,"157":0,"158":0,"159":0,"160":0,"161":0,"162":0,"163":0,"164":0,"165":0,"166":0,"167":0,"168":0,"169":0,"170":0,"171":0,"172":0,"173":0,"174":0,"175":0,"176":0,"177":0,"178":0,"179":0,"180":0,"181":0,"182":0,"183":0,"184":0,"185":0,"186":0,"187":0,"188":0,"189":0,"190":0,"191":0,"192":0,"193":0,"194":0,"195":0,"196":0,"197":0,"198":0,"199":0,"200":0,"201":0,"202":0,"203":0,"204":0,"205":0,"206":0,"207":0,"208":0,"209":0,"210":0,"211":0,"212":0,"213":0,"214":0,"215":0,"216":0,"217":0,"218":0,"219":0,"220":0,"221":0,"222":0,"223":0,"224":0,"225":0,"226":0,"227":0,"228":0,"229":0,"230":0,"231":0,"232":0,"233":0,"234":0,"235":0,"236":0,"237":0,"238":0,"239":0,"240":0,"241":0,"242":0},"f":{"0":0,"1":0,"2":0,"3":0,"4":0,"5":0,"6":0,"7":0,"8":0,"9":0,"10":0,"11":0,"12":0,"13":0,"14":0,"15":0,"16":0,"17":0,"18":0,"19":0,"20":0,"21":0},"b":{"0":[0,0],"1":[0,0],"2":[0,0],"3":[0,0],"4":[0,0],"5":[0,0],"6":[0,0],"7":[0,0],"8":[0,0],"9":[0,0],"10":[0,0],"11":[0,0],"12":[0,0],"13":[0,0],"14":[0,0],"15":[0,0],"16":[0,0],"17":[0,0],"18":[0,0],"19":[0,0],"20":[0,0,0],"21":[0,0],"22":[0,0],"23":[0,0],"24":[0,0,0],"25":[0,0],"26":[0,0],"27":[0,0],"28":[0,0],"29":[0,0,0],"30":[0,0],"31":[0,0],"32":[0,0],"33":[0,0],"34":[0,0],"35":[0,0],"36":[0,0],"37":[0,0],"38":[0],"39":[0,0],"40":[0,0],"41":[0,0],"42":[0,0],"43":[0,0],"44":[0,0],"45":[0,0],"46":[0,0],"47":[0,0]}}
}
