TN:
SF:expo-env.d.ts
FNF:0
FNH:0
LF:0
LH:0
BRF:0
BRH:0
end_of_record
TN:
SF:repro_hang.ts
FNF:0
FNH:0
DA:4,0
DA:5,0
DA:6,0
DA:7,0
DA:9,0
LF:5
LH:0
BRF:0
BRH:0
end_of_record
TN:
SF:repro_perf.ts
FN:4,(anonymous_0)
FNF:1
FNH:0
FNDA:0,(anonymous_0)
DA:4,0
DA:5,0
DA:6,0
DA:7,0
DA:8,0
DA:9,0
DA:13,0
DA:14,0
DA:15,0
DA:17,0
DA:18,0
LF:11
LH:0
BRF:0
BRH:0
end_of_record
TN:
SF:.expo\types\router.d.ts
FNF:0
FNH:0
LF:0
LH:0
BRF:0
BRH:0
end_of_record
TN:
SF:app\+not-found.tsx
FN:5,NotFoundScreen
FNF:1
FNH:0
FNDA:0,NotFoundScreen
DA:6,0
DA:19,0
LF:2
LH:0
BRF:0
BRH:0
end_of_record
TN:
SF:app\_layout.tsx
FN:25,RootLayout
FN:35,RootLayoutContent
FN:44,(anonymous_2)
FNF:3
FNH:0
FNDA:0,RootLayout
FNDA:0,RootLayoutContent
FNDA:0,(anonymous_2)
DA:19,0
DA:21,0
DA:26,0
DA:36,0
DA:37,0
DA:40,0
DA:41,0
DA:42,0
DA:44,0
DA:45,0
DA:48,0
DA:50,0
DA:131,0
LF:13
LH:0
BRDA:48,0,0,0
BRDA:48,0,1,0
BRDA:52,1,0,0
BRDA:52,1,1,0
BRF:4
BRH:0
end_of_record
TN:
SF:app\donate.tsx
FN:6,DonateScreen
FN:7,(anonymous_1)
FNF:2
FNH:0
FNDA:0,DonateScreen
FNDA:0,(anonymous_1)
DA:7,0
DA:8,0
DA:11,0
DA:34,0
LF:4
LH:0
BRF:0
BRH:0
end_of_record
TN:
SF:app\modal.tsx
FN:7,ModalScreen
FNF:1
FNH:0
FNDA:0,ModalScreen
DA:8,0
DA:18,0
LF:2
LH:0
BRF:0
BRH:0
end_of_record
TN:
SF:app\new-game.tsx
FN:8,NewGameScreen
FN:17,(anonymous_1)
FN:20,(anonymous_2)
FN:24,(anonymous_3)
FN:24,(anonymous_4)
FN:49,(anonymous_5)
FN:53,(anonymous_6)
FNF:7
FNH:0
FNDA:0,NewGameScreen
FNDA:0,(anonymous_1)
FNDA:0,(anonymous_2)
FNDA:0,(anonymous_3)
FNDA:0,(anonymous_4)
FNDA:0,(anonymous_5)
FNDA:0,(anonymous_6)
DA:9,0
DA:10,0
DA:12,0
DA:13,0
DA:14,0
DA:15,0
DA:17,0
DA:18,0
DA:20,0
DA:21,0
DA:22,0
DA:24,0
DA:26,0
DA:34,0
DA:37,0
DA:39,0
DA:40,0
DA:45,0
DA:50,0
DA:53,0
DA:65,0
LF:21
LH:0
BRDA:52,0,0,0
BRDA:52,0,1,0
BRDA:60,1,0,0
BRDA:60,1,1,0
BRF:4
BRH:0
end_of_record
TN:
SF:app\settings.tsx
FN:8,SettingsScreen
FN:157,(anonymous_1)
FN:164,(anonymous_2)
FNF:3
FNH:0
FNDA:0,SettingsScreen
FNDA:0,(anonymous_1)
FNDA:0,(anonymous_2)
DA:26,0
DA:28,0
DA:29,0
DA:30,0
DA:31,0
DA:32,0
DA:34,0
DA:157,0
DA:164,0
DA:196,0
LF:10
LH:0
BRDA:146,0,0,0
BRDA:146,0,1,0
BRF:2
BRH:0
end_of_record
TN:
SF:app\statistics.tsx
FN:8,StatisticsScreen
FN:46,(anonymous_1)
FN:58,(anonymous_2)
FNF:3
FNH:0
FNDA:0,StatisticsScreen
FNDA:0,(anonymous_1)
FNDA:0,(anonymous_2)
DA:9,0
DA:11,0
DA:12,0
DA:13,0
DA:14,0
DA:15,0
DA:16,0
DA:17,0
DA:20,0
DA:27,0
DA:47,0
DA:58,0
DA:68,0
LF:13
LH:0
BRF:0
BRH:0
end_of_record
TN:
SF:app\(tabs)\_layout.tsx
FN:10,TabLayout
FN:49,(anonymous_1)
FN:61,(anonymous_2)
FN:62,(anonymous_3)
FNF:4
FNH:0
FNDA:0,TabLayout
FNDA:0,(anonymous_1)
FNDA:0,(anonymous_2)
FNDA:0,(anonymous_3)
DA:11,0
DA:12,0
DA:13,0
DA:14,0
DA:15,0
DA:16,0
DA:18,0
DA:50,0
DA:61,0
DA:62,0
LF:10
LH:0
BRDA:14,0,0,0
BRDA:14,0,1,0
BRF:2
BRH:0
end_of_record
TN:
SF:app\(tabs)\index.tsx
FN:5,HomeScreen
FNF:1
FNH:0
FNDA:0,HomeScreen
DA:6,0
DA:11,0
LF:2
LH:0
BRF:0
BRH:0
end_of_record
TN:
SF:components\Button.tsx
FN:10,(anonymous_0)
FNF:1
FNH:0
FNDA:0,(anonymous_0)
DA:10,0
DA:11,0
DA:18,0
LF:3
LH:0
BRF:0
BRH:0
end_of_record
TN:
SF:components\Cell.tsx
FN:27,(anonymous_0)
FN:64,(anonymous_1)
FN:99,(anonymous_2)
FN:105,(anonymous_3)
FN:119,(anonymous_4)
FN:206,(anonymous_5)
FN:208,(anonymous_6)
FNF:7
FNH:0
FNDA:0,(anonymous_0)
FNDA:0,(anonymous_1)
FNDA:0,(anonymous_2)
FNDA:0,(anonymous_3)
FNDA:0,(anonymous_4)
FNDA:0,(anonymous_5)
FNDA:0,(anonymous_6)
DA:27,0
DA:48,0
DA:49,0
DA:51,0
DA:52,0
DA:53,0
DA:54,0
DA:55,0
DA:56,0
DA:57,0
DA:58,0
DA:59,0
DA:60,0
DA:61,0
DA:62,0
DA:64,0
DA:65,0
DA:67,0
DA:68,0
DA:70,0
DA:71,0
DA:72,0
DA:73,0
DA:76,0
DA:80,0
DA:81,0
DA:89,0
DA:98,0
DA:99,0
DA:101,0
DA:102,0
DA:105,0
DA:106,0
DA:108,0
DA:109,0
DA:114,0
DA:115,0
DA:116,0
DA:117,0
DA:119,0
DA:120,0
DA:121,0
DA:122,0
DA:123,0
DA:124,0
DA:125,0
DA:126,0
DA:130,0
DA:131,0
DA:132,0
DA:133,0
DA:136,0
DA:141,0
DA:207,0
DA:209,0
DA:210,0
DA:230,0
LF:57
LH:0
BRDA:43,0,0,0
BRDA:65,1,0,0
BRDA:65,1,1,0
BRDA:65,2,0,0
BRDA:65,2,1,0
BRDA:70,3,0,0
BRDA:70,3,1,0
BRDA:71,4,0,0
BRDA:71,4,1,0
BRDA:73,5,0,0
BRDA:73,5,1,0
BRDA:77,6,0,0
BRDA:77,6,1,0
BRDA:80,7,0,0
BRDA:80,7,1,0
BRDA:114,8,0,0
BRDA:114,8,1,0
BRDA:114,9,0,0
BRDA:114,9,1,0
BRDA:115,10,0,0
BRDA:115,10,1,0
BRDA:115,11,0,0
BRDA:115,11,1,0
BRDA:116,12,0,0
BRDA:116,12,1,0
BRDA:116,13,0,0
BRDA:116,13,1,0
BRDA:117,14,0,0
BRDA:117,14,1,0
BRDA:117,15,0,0
BRDA:117,15,1,0
BRDA:120,16,0,0
BRDA:120,16,1,0
BRDA:121,17,0,0
BRDA:121,17,1,0
BRDA:122,18,0,0
BRDA:122,18,1,0
BRDA:123,19,0,0
BRDA:123,19,1,0
BRDA:124,20,0,0
BRDA:124,20,1,0
BRDA:125,21,0,0
BRDA:125,21,1,0
BRDA:125,22,0,0
BRDA:125,22,1,0
BRDA:125,22,2,0
BRDA:130,23,0,0
BRDA:130,23,1,0
BRDA:131,24,0,0
BRDA:131,24,1,0
BRDA:132,25,0,0
BRDA:132,25,1,0
BRDA:133,26,0,0
BRDA:133,26,1,0
BRDA:144,27,0,0
BRDA:144,27,1,0
BRDA:177,28,0,0
BRDA:177,28,1,0
BRDA:190,29,0,0
BRDA:190,29,1,0
BRDA:196,30,0,0
BRDA:196,30,1,0
BRDA:197,31,0,0
BRDA:197,31,1,0
BRDA:199,32,0,0
BRDA:199,32,1,0
BRDA:212,33,0,0
BRDA:212,33,1,0
BRDA:212,33,2,0
BRF:69
BRH:0
end_of_record
TN:
SF:components\ConfettiRain.tsx
FN:22,(anonymous_0)
FN:28,(anonymous_1)
FN:42,(anonymous_2)
FN:50,(anonymous_3)
FN:76,(anonymous_4)
FN:83,(anonymous_5)
FN:84,(anonymous_6)
FN:97,(anonymous_7)
FNF:8
FNH:0
FNDA:0,(anonymous_0)
FNDA:0,(anonymous_1)
FNDA:0,(anonymous_2)
FNDA:0,(anonymous_3)
FNDA:0,(anonymous_4)
FNDA:0,(anonymous_5)
FNDA:0,(anonymous_6)
FNDA:0,(anonymous_7)
DA:22,0
DA:23,0
DA:24,0
DA:25,0
DA:26,0
DA:28,0
DA:30,0
DA:38,0
DA:39,0
DA:40,0
DA:42,0
DA:43,0
DA:44,0
DA:45,0
DA:46,0
DA:50,0
DA:60,0
DA:76,0
DA:80,0
DA:81,0
DA:83,0
DA:84,0
DA:92,0
DA:95,0
DA:98,0
DA:112,0
LF:26
LH:0
BRDA:77,0,0,0
BRDA:78,1,0,0
BRF:2
BRH:0
end_of_record
TN:
SF:components\FailureOverlay.tsx
FN:45,(anonymous_0)
FN:52,(anonymous_1)
FN:65,(anonymous_2)
FN:82,(anonymous_3)
FN:86,(anonymous_4)
FN:91,(anonymous_5)
FN:96,(anonymous_6)
FNF:7
FNH:0
FNDA:0,(anonymous_0)
FNDA:0,(anonymous_1)
FNDA:0,(anonymous_2)
FNDA:0,(anonymous_3)
FNDA:0,(anonymous_4)
FNDA:0,(anonymous_5)
FNDA:0,(anonymous_6)
DA:20,0
DA:22,0
DA:45,0
DA:46,0
DA:47,0
DA:48,0
DA:49,0
DA:52,0
DA:53,0
DA:57,0
DA:58,0
DA:59,0
DA:60,0
DA:61,0
DA:62,0
DA:63,0
DA:65,0
DA:67,0
DA:70,0
DA:71,0
DA:74,0
DA:75,0
DA:78,0
DA:79,0
DA:82,0
DA:86,0
DA:91,0
DA:96,0
DA:101,0
DA:149,0
LF:30
LH:0
BRF:0
BRH:0
end_of_record
TN:
SF:components\HamburgerMenu.tsx
FN:8,(anonymous_0)
FN:17,(anonymous_1)
FN:24,(anonymous_2)
FN:32,(anonymous_3)
FN:34,(anonymous_4)
FN:40,(anonymous_5)
FN:48,(anonymous_6)
FNF:7
FNH:0
FNDA:0,(anonymous_0)
FNDA:0,(anonymous_1)
FNDA:0,(anonymous_2)
FNDA:0,(anonymous_3)
FNDA:0,(anonymous_4)
FNDA:0,(anonymous_5)
FNDA:0,(anonymous_6)
DA:8,0
DA:9,0
DA:10,0
DA:12,0
DA:13,0
DA:14,0
DA:15,0
DA:17,0
DA:18,0
DA:19,0
DA:22,0
DA:24,0
DA:32,0
DA:34,0
DA:40,0
DA:48,0
DA:62,0
LF:17
LH:0
BRF:0
BRH:0
end_of_record
TN:
SF:components\Header.tsx
FN:9,(anonymous_0)
FNF:1
FNH:0
FNDA:0,(anonymous_0)
DA:9,0
DA:10,0
DA:12,0
DA:21,0
LF:4
LH:0
BRDA:30,0,0,0
BRDA:30,0,1,0
BRDA:35,1,0,0
BRDA:35,1,1,0
BRF:4
BRH:0
end_of_record
TN:
SF:components\SudokuBoard.tsx
FN:21,(anonymous_0)
FN:69,(anonymous_1)
FN:71,(anonymous_2)
FN:74,(anonymous_3)
FN:88,(anonymous_4)
FN:109,(anonymous_5)
FN:109,(anonymous_6)
FN:114,(anonymous_7)
FN:114,(anonymous_8)
FN:115,(anonymous_9)
FN:115,(anonymous_10)
FN:142,(anonymous_11)
FN:147,(anonymous_12)
FN:162,(anonymous_13)
FN:164,(anonymous_14)
FN:165,(anonymous_15)
FN:166,(anonymous_16)
FN:166,(anonymous_17)
FN:169,(anonymous_18)
FN:170,(anonymous_19)
FN:173,(anonymous_20)
FN:173,(anonymous_21)
FN:182,(anonymous_22)
FN:214,(anonymous_23)
FN:230,(anonymous_24)
FN:281,(anonymous_25)
FN:283,(anonymous_26)
FN:284,(anonymous_27)
FN:285,(anonymous_28)
FN:285,(anonymous_29)
FN:288,(anonymous_30)
FN:288,(anonymous_31)
FN:292,(anonymous_32)
FN:301,(anonymous_33)
FN:311,(anonymous_34)
FN:321,(anonymous_35)
FN:327,(anonymous_36)
FN:335,(anonymous_37)
FN:383,(anonymous_38)
FN:386,(anonymous_39)
FN:412,(anonymous_40)
FN:422,(anonymous_41)
FN:515,(anonymous_42)
FN:516,(anonymous_43)
FN:527,(anonymous_44)
FN:539,(anonymous_45)
FN:547,(anonymous_46)
FN:561,(anonymous_47)
FN:565,(anonymous_48)
FN:571,(anonymous_49)
FN:576,(anonymous_50)
FNF:51
FNH:0
FNDA:0,(anonymous_0)
FNDA:0,(anonymous_1)
FNDA:0,(anonymous_2)
FNDA:0,(anonymous_3)
FNDA:0,(anonymous_4)
FNDA:0,(anonymous_5)
FNDA:0,(anonymous_6)
FNDA:0,(anonymous_7)
FNDA:0,(anonymous_8)
FNDA:0,(anonymous_9)
FNDA:0,(anonymous_10)
FNDA:0,(anonymous_11)
FNDA:0,(anonymous_12)
FNDA:0,(anonymous_13)
FNDA:0,(anonymous_14)
FNDA:0,(anonymous_15)
FNDA:0,(anonymous_16)
FNDA:0,(anonymous_17)
FNDA:0,(anonymous_18)
FNDA:0,(anonymous_19)
FNDA:0,(anonymous_20)
FNDA:0,(anonymous_21)
FNDA:0,(anonymous_22)
FNDA:0,(anonymous_23)
FNDA:0,(anonymous_24)
FNDA:0,(anonymous_25)
FNDA:0,(anonymous_26)
FNDA:0,(anonymous_27)
FNDA:0,(anonymous_28)
FNDA:0,(anonymous_29)
FNDA:0,(anonymous_30)
FNDA:0,(anonymous_31)
FNDA:0,(anonymous_32)
FNDA:0,(anonymous_33)
FNDA:0,(anonymous_34)
FNDA:0,(anonymous_35)
FNDA:0,(anonymous_36)
FNDA:0,(anonymous_37)
FNDA:0,(anonymous_38)
FNDA:0,(anonymous_39)
FNDA:0,(anonymous_40)
FNDA:0,(anonymous_41)
FNDA:0,(anonymous_42)
FNDA:0,(anonymous_43)
FNDA:0,(anonymous_44)
FNDA:0,(anonymous_45)
FNDA:0,(anonymous_46)
FNDA:0,(anonymous_47)
FNDA:0,(anonymous_48)
FNDA:0,(anonymous_49)
FNDA:0,(anonymous_50)
DA:21,0
DA:22,0
DA:23,0
DA:24,0
DA:25,0
DA:26,0
DA:27,0
DA:28,0
DA:29,0
DA:30,0
DA:31,0
DA:32,0
DA:33,0
DA:34,0
DA:36,0
DA:37,0
DA:38,0
DA:39,0
DA:40,0
DA:41,0
DA:42,0
DA:43,0
DA:45,0
DA:48,0
DA:54,0
DA:56,0
DA:57,0
DA:59,0
DA:60,0
DA:61,0
DA:62,0
DA:63,0
DA:64,0
DA:65,0
DA:66,0
DA:69,0
DA:70,0
DA:71,0
DA:72,0
DA:74,0
DA:78,0
DA:79,0
DA:80,0
DA:81,0
DA:82,0
DA:84,0
DA:85,0
DA:86,0
DA:88,0
DA:89,0
DA:90,0
DA:91,0
DA:92,0
DA:93,0
DA:94,0
DA:95,0
DA:96,0
DA:97,0
DA:98,0
DA:101,0
DA:102,0
DA:104,0
DA:106,0
DA:107,0
DA:109,0
DA:113,0
DA:114,0
DA:115,0
DA:117,0
DA:118,0
DA:119,0
DA:120,0
DA:121,0
DA:122,0
DA:123,0
DA:124,0
DA:125,0
DA:126,0
DA:128,0
DA:137,0
DA:141,0
DA:143,0
DA:147,0
DA:148,0
DA:150,0
DA:151,0
DA:153,0
DA:154,0
DA:155,0
DA:157,0
DA:158,0
DA:159,0
DA:162,0
DA:164,0
DA:165,0
DA:166,0
DA:169,0
DA:170,0
DA:171,0
DA:173,0
DA:174,0
DA:175,0
DA:178,0
DA:179,0
DA:180,0
DA:181,0
DA:182,0
DA:189,0
DA:190,0
DA:191,0
DA:192,0
DA:195,0
DA:196,0
DA:206,0
DA:208,0
DA:209,0
DA:211,0
DA:212,0
DA:214,0
DA:216,0
DA:217,0
DA:218,0
DA:220,0
DA:221,0
DA:222,0
DA:223,0
DA:224,0
DA:225,0
DA:228,0
DA:230,0
DA:231,0
DA:238,0
DA:248,0
DA:249,0
DA:250,0
DA:253,0
DA:254,0
DA:255,0
DA:258,0
DA:259,0
DA:260,0
DA:261,0
DA:262,0
DA:264,0
DA:267,0
DA:281,0
DA:283,0
DA:284,0
DA:285,0
DA:288,0
DA:289,0
DA:291,0
DA:292,0
DA:294,0
DA:297,0
DA:298,0
DA:301,0
DA:302,0
DA:305,0
DA:306,0
DA:307,0
DA:311,0
DA:312,0
DA:313,0
DA:314,0
DA:316,0
DA:321,0
DA:322,0
DA:323,0
DA:327,0
DA:328,0
DA:329,0
DA:330,0
DA:331,0
DA:335,0
DA:336,0
DA:337,0
DA:338,0
DA:340,0
DA:341,0
DA:342,0
DA:343,0
DA:344,0
DA:346,0
DA:351,0
DA:353,0
DA:384,0
DA:385,0
DA:386,0
DA:387,0
DA:388,0
DA:390,0
DA:391,0
DA:393,0
DA:394,0
DA:395,0
DA:396,0
DA:398,0
DA:399,0
DA:400,0
DA:402,0
DA:403,0
DA:404,0
DA:405,0
DA:408,0
DA:411,0
DA:412,0
DA:414,0
DA:422,0
DA:516,0
DA:517,0
DA:519,0
DA:520,0
DA:523,0
DA:527,0
DA:539,0
DA:547,0
DA:562,0
DA:563,0
DA:565,0
DA:572,0
DA:573,0
DA:574,0
DA:577,0
DA:585,0
LF:225
LH:0
BRDA:70,0,0,0
BRDA:70,0,1,0
BRDA:78,1,0,0
BRDA:78,1,1,0
BRDA:90,2,0,0
BRDA:90,2,1,0
BRDA:90,3,0,0
BRDA:90,3,1,0
BRDA:90,3,2,0
BRDA:90,3,3,0
BRDA:95,4,0,0
BRDA:95,4,1,0
BRDA:96,5,0,0
BRDA:96,5,1,0
BRDA:97,6,0,0
BRDA:97,6,1,0
BRDA:98,7,0,0
BRDA:98,7,1,0
BRDA:106,8,0,0
BRDA:106,8,1,0
BRDA:148,9,0,0
BRDA:148,9,1,0
BRDA:174,10,0,0
BRDA:174,10,1,0
BRDA:178,11,0,0
BRDA:178,11,1,0
BRDA:181,12,0,0
BRDA:181,12,1,0
BRDA:181,13,0,0
BRDA:181,13,1,0
BRDA:181,13,2,0
BRDA:181,13,3,0
BRDA:189,14,0,0
BRDA:189,14,1,0
BRDA:191,15,0,0
BRDA:191,15,1,0
BRDA:195,16,0,0
BRDA:195,16,1,0
BRDA:211,17,0,0
BRDA:211,17,1,0
BRDA:212,18,0,0
BRDA:212,18,1,0
BRDA:213,19,0,0
BRDA:213,19,1,0
BRDA:214,20,0,0
BRDA:214,20,1,0
BRDA:216,21,0,0
BRDA:216,21,1,0
BRDA:220,22,0,0
BRDA:220,22,1,0
BRDA:220,23,0,0
BRDA:220,23,1,0
BRDA:224,24,0,0
BRDA:224,24,1,0
BRDA:246,25,0,0
BRDA:246,25,1,0
BRDA:246,25,2,0
BRDA:253,26,0,0
BRDA:253,26,1,0
BRDA:258,27,0,0
BRDA:258,27,1,0
BRDA:258,28,0,0
BRDA:258,28,1,0
BRDA:258,28,2,0
BRDA:260,29,0,0
BRDA:260,29,1,0
BRDA:291,30,0,0
BRDA:291,30,1,0
BRDA:305,31,0,0
BRDA:305,31,1,0
BRDA:312,32,0,0
BRDA:312,32,1,0
BRDA:312,33,0,0
BRDA:312,33,1,0
BRDA:313,34,0,0
BRDA:313,34,1,0
BRDA:322,35,0,0
BRDA:322,35,1,0
BRDA:322,36,0,0
BRDA:322,36,1,0
BRDA:329,37,0,0
BRDA:329,37,1,0
BRDA:336,38,0,0
BRDA:336,38,1,0
BRDA:341,39,0,0
BRDA:341,39,1,0
BRDA:351,40,0,0
BRDA:351,40,1,0
BRDA:363,41,0,0
BRDA:363,41,1,0
BRDA:364,42,0,0
BRDA:364,42,1,0
BRDA:365,43,0,0
BRDA:365,43,1,0
BRDA:386,44,0,0
BRDA:386,44,1,0
BRDA:387,45,0,0
BRDA:387,45,1,0
BRDA:387,45,2,0
BRDA:387,45,3,0
BRDA:388,46,0,0
BRDA:388,46,1,0
BRDA:398,47,0,0
BRDA:398,47,1,0
BRDA:402,48,0,0
BRDA:402,48,1,0
BRDA:405,49,0,0
BRDA:405,49,1,0
BRDA:408,50,0,0
BRDA:408,50,1,0
BRDA:411,51,0,0
BRDA:411,51,1,0
BRDA:411,51,2,0
BRDA:412,52,0,0
BRDA:412,52,1,0
BRDA:412,53,0,0
BRDA:412,53,1,0
BRDA:420,54,0,0
BRDA:420,54,1,0
BRDA:421,55,0,0
BRDA:421,55,1,0
BRDA:422,56,0,0
BRDA:422,56,1,0
BRDA:422,56,2,0
BRDA:432,57,0,0
BRDA:432,57,1,0
BRDA:442,58,0,0
BRDA:442,58,1,0
BRDA:442,59,0,0
BRDA:442,59,1,0
BRDA:455,60,0,0
BRDA:455,60,1,0
BRDA:455,60,2,0
BRDA:457,61,0,0
BRDA:457,61,1,0
BRDA:461,62,0,0
BRDA:461,62,1,0
BRDA:463,63,0,0
BRDA:463,63,1,0
BRDA:465,64,0,0
BRDA:465,64,1,0
BRDA:466,65,0,0
BRDA:466,65,1,0
BRDA:469,66,0,0
BRDA:469,66,1,0
BRDA:475,67,0,0
BRDA:475,67,1,0
BRDA:475,67,2,0
BRDA:475,67,3,0
BRDA:477,68,0,0
BRDA:477,68,1,0
BRDA:477,68,2,0
BRDA:486,69,0,0
BRDA:486,69,1,0
BRDA:486,69,2,0
BRDA:488,70,0,0
BRDA:488,70,1,0
BRDA:499,71,0,0
BRDA:499,71,1,0
BRDA:499,71,2,0
BRDA:501,72,0,0
BRDA:501,72,1,0
BRDA:505,73,0,0
BRDA:505,73,1,0
BRDA:507,74,0,0
BRDA:507,74,1,0
BRDA:510,75,0,0
BRDA:510,75,1,0
BRDA:519,76,0,0
BRDA:519,76,1,0
BRDA:519,77,0,0
BRDA:519,77,1,0
BRDA:526,78,0,0
BRDA:526,78,1,0
BRDA:526,78,2,0
BRDA:528,79,0,0
BRDA:528,79,1,0
BRDA:556,80,0,0
BRDA:556,80,1,0
BRDA:558,81,0,0
BRDA:558,81,1,0
BRDA:569,82,0,0
BRDA:569,82,1,0
BRF:183
BRH:0
end_of_record
TN:
SF:components\Timer.tsx
FN:17,(anonymous_0)
FN:23,(anonymous_1)
FN:24,(anonymous_2)
FN:27,(anonymous_3)
FN:33,(anonymous_4)
FN:34,(anonymous_5)
FN:45,(anonymous_6)
FN:50,(anonymous_7)
FN:54,(anonymous_8)
FN:55,(anonymous_9)
FN:59,(anonymous_10)
FN:66,(anonymous_11)
FN:67,(anonymous_12)
FN:75,(anonymous_13)
FN:76,(anonymous_14)
FN:85,(anonymous_15)
FNF:16
FNH:0
FNDA:0,(anonymous_0)
FNDA:0,(anonymous_1)
FNDA:0,(anonymous_2)
FNDA:0,(anonymous_3)
FNDA:0,(anonymous_4)
FNDA:0,(anonymous_5)
FNDA:0,(anonymous_6)
FNDA:0,(anonymous_7)
FNDA:0,(anonymous_8)
FNDA:0,(anonymous_9)
FNDA:0,(anonymous_10)
FNDA:0,(anonymous_11)
FNDA:0,(anonymous_12)
FNDA:0,(anonymous_13)
FNDA:0,(anonymous_14)
FNDA:0,(anonymous_15)
DA:17,0
DA:18,0
DA:19,0
DA:20,0
DA:21,0
DA:23,0
DA:24,0
DA:27,0
DA:28,0
DA:29,0
DA:33,0
DA:34,0
DA:35,0
DA:36,0
DA:38,0
DA:40,0
DA:43,0
DA:45,0
DA:46,0
DA:50,0
DA:53,0
DA:54,0
DA:55,0
DA:59,0
DA:60,0
DA:61,0
DA:66,0
DA:67,0
DA:68,0
DA:69,0
DA:72,0
DA:75,0
DA:76,0
DA:77,0
DA:78,0
DA:79,0
DA:82,0
DA:85,0
DA:86,0
DA:87,0
DA:91,0
DA:101,0
LF:42
LH:0
BRDA:28,0,0,0
BRDA:28,0,1,0
BRDA:28,1,0,0
BRDA:28,1,1,0
BRDA:35,2,0,0
BRDA:35,2,1,0
BRDA:35,3,0,0
BRDA:35,3,1,0
BRDA:35,3,2,0
BRDA:35,3,3,0
BRDA:53,4,0,0
BRDA:53,4,1,0
BRDA:53,5,0,0
BRDA:53,5,1,0
BRDA:53,5,2,0
BRDA:60,6,0,0
BRDA:60,6,1,0
BRDA:68,7,0,0
BRDA:68,7,1,0
BRDA:78,8,0,0
BRDA:78,8,1,0
BRDA:86,9,0,0
BRDA:86,9,1,0
BRDA:86,10,0,0
BRDA:86,10,1,0
BRDA:94,11,0,0
BRDA:94,11,1,0
BRDA:94,11,2,0
BRDA:94,12,0,0
BRDA:94,12,1,0
BRDA:95,13,0,0
BRDA:95,13,1,0
BRF:32
BRH:0
end_of_record
TN:
SF:components\VictoryOverlay.tsx
FN:26,(anonymous_0)
FN:41,(anonymous_1)
FN:58,(anonymous_2)
FN:62,(anonymous_3)
FN:67,(anonymous_4)
FN:72,(anonymous_5)
FNF:6
FNH:0
FNDA:0,(anonymous_0)
FNDA:0,(anonymous_1)
FNDA:0,(anonymous_2)
FNDA:0,(anonymous_3)
FNDA:0,(anonymous_4)
FNDA:0,(anonymous_5)
DA:22,0
DA:26,0
DA:27,0
DA:28,0
DA:29,0
DA:30,0
DA:33,0
DA:34,0
DA:35,0
DA:36,0
DA:37,0
DA:38,0
DA:39,0
DA:41,0
DA:43,0
DA:46,0
DA:47,0
DA:50,0
DA:51,0
DA:54,0
DA:55,0
DA:58,0
DA:62,0
DA:67,0
DA:72,0
DA:77,0
DA:140,0
LF:27
LH:0
BRDA:105,0,0,0
BRDA:105,0,1,0
BRF:2
BRH:0
end_of_record
TN:
SF:components\external-link.tsx
FN:7,ExternalLink
FN:13,(anonymous_1)
FNF:2
FNH:0
FNDA:0,ExternalLink
FNDA:0,(anonymous_1)
DA:8,0
DA:14,0
DA:16,0
DA:18,0
LF:4
LH:0
BRDA:14,0,0,0
BRDA:14,0,1,0
BRF:2
BRH:0
end_of_record
TN:
SF:components\haptic-tab.tsx
FN:5,HapticTab
FN:9,(anonymous_1)
FNF:2
FNH:0
FNDA:0,HapticTab
FNDA:0,(anonymous_1)
DA:6,0
DA:10,0
DA:12,0
DA:14,0
LF:4
LH:0
BRDA:10,0,0,0
BRDA:10,0,1,0
BRF:2
BRH:0
end_of_record
TN:
SF:components\hello-wave.tsx
FN:3,HelloWave
FNF:1
FNH:0
FNDA:0,HelloWave
DA:4,0
LF:1
LH:0
BRF:0
BRH:0
end_of_record
TN:
SF:components\parallax-scroll-view.tsx
FN:21,ParallaxScrollView
FN:30,(anonymous_1)
FNF:2
FNH:0
FNDA:0,ParallaxScrollView
FNDA:0,(anonymous_1)
DA:14,0
DA:26,0
DA:27,0
DA:28,0
DA:29,0
DA:30,0
DA:31,0
DA:47,0
DA:65,0
LF:9
LH:0
BRDA:27,0,0,0
BRDA:27,0,1,0
BRF:2
BRH:0
end_of_record
TN:
SF:components\themed-text.tsx
FN:11,ThemedText
FNF:1
FNH:0
FNDA:0,ThemedText
DA:18,0
DA:20,0
DA:36,0
LF:3
LH:0
BRDA:15,0,0,0
BRDA:24,1,0,0
BRDA:24,1,1,0
BRDA:25,2,0,0
BRDA:25,2,1,0
BRDA:26,3,0,0
BRDA:26,3,1,0
BRDA:27,4,0,0
BRDA:27,4,1,0
BRDA:28,5,0,0
BRDA:28,5,1,0
BRF:11
BRH:0
end_of_record
TN:
SF:components\themed-view.tsx
FN:10,ThemedView
FNF:1
FNH:0
FNDA:0,ThemedView
DA:11,0
DA:13,0
LF:2
LH:0
BRF:0
BRH:0
end_of_record
TN:
SF:components\ui\collapsible.tsx
FN:10,Collapsible
FN:18,(anonymous_1)
FN:18,(anonymous_2)
FNF:3
FNH:0
FNDA:0,Collapsible
FNDA:0,(anonymous_1)
FNDA:0,(anonymous_2)
DA:11,0
DA:12,0
DA:14,0
DA:18,0
DA:35,0
LF:5
LH:0
BRDA:12,0,0,0
BRDA:12,0,1,0
BRDA:24,1,0,0
BRDA:24,1,1,0
BRDA:25,2,0,0
BRDA:25,2,1,0
BRDA:30,3,0,0
BRDA:30,3,1,0
BRF:8
BRH:0
end_of_record
TN:
SF:components\ui\icon-symbol.ios.tsx
FN:4,IconSymbol
FNF:1
FNH:0
FNDA:0,IconSymbol
DA:17,0
LF:1
LH:0
BRDA:6,0,0,0
BRDA:9,1,0,0
BRF:2
BRH:0
end_of_record
TN:
SF:components\ui\icon-symbol.tsx
FN:34,IconSymbol
FNF:1
FNH:0
FNDA:0,IconSymbol
DA:17,0
DA:46,0
LF:2
LH:0
BRDA:36,0,0,0
BRF:1
BRH:0
end_of_record
TN:
SF:constants\theme.ts
FNF:0
FNH:0
DA:1,0
DA:20,0
DA:28,0
DA:35,0
DA:52,0
DA:95,0
LF:6
LH:0
BRF:0
BRH:0
end_of_record
TN:
SF:context\SettingsContext.tsx
FN:25,(anonymous_0)
FN:35,(anonymous_1)
FN:39,(anonymous_2)
FN:78,(anonymous_3)
FN:88,(anonymous_4)
FN:98,(anonymous_5)
FN:108,(anonymous_6)
FN:118,(anonymous_7)
FN:128,(anonymous_8)
FN:138,(anonymous_9)
FN:147,(anonymous_10)
FN:181,(anonymous_11)
FNF:12
FNH:0
FNDA:0,(anonymous_0)
FNDA:0,(anonymous_1)
FNDA:0,(anonymous_2)
FNDA:0,(anonymous_3)
FNDA:0,(anonymous_4)
FNDA:0,(anonymous_5)
FNDA:0,(anonymous_6)
FNDA:0,(anonymous_7)
FNDA:0,(anonymous_8)
FNDA:0,(anonymous_9)
FNDA:0,(anonymous_10)
FNDA:0,(anonymous_11)
DA:23,0
DA:25,0
DA:26,0
DA:27,0
DA:28,0
DA:29,0
DA:30,0
DA:31,0
DA:32,0
DA:33,0
DA:35,0
DA:36,0
DA:39,0
DA:40,0
DA:41,0
DA:42,0
DA:43,0
DA:45,0
DA:46,0
DA:47,0
DA:49,0
DA:50,0
DA:51,0
DA:53,0
DA:54,0
DA:55,0
DA:57,0
DA:58,0
DA:59,0
DA:61,0
DA:62,0
DA:63,0
DA:65,0
DA:66,0
DA:67,0
DA:69,0
DA:70,0
DA:71,0
DA:74,0
DA:78,0
DA:79,0
DA:80,0
DA:81,0
DA:82,0
DA:84,0
DA:88,0
DA:89,0
DA:90,0
DA:91,0
DA:92,0
DA:94,0
DA:98,0
DA:99,0
DA:100,0
DA:101,0
DA:102,0
DA:104,0
DA:108,0
DA:109,0
DA:110,0
DA:111,0
DA:112,0
DA:114,0
DA:118,0
DA:119,0
DA:120,0
DA:121,0
DA:122,0
DA:124,0
DA:128,0
DA:129,0
DA:130,0
DA:131,0
DA:132,0
DA:134,0
DA:138,0
DA:139,0
DA:140,0
DA:141,0
DA:143,0
DA:147,0
DA:148,0
DA:149,0
DA:150,0
DA:151,0
DA:153,0
DA:157,0
DA:181,0
DA:182,0
DA:183,0
DA:184,0
DA:186,0
LF:92
LH:0
BRDA:42,0,0,0
BRDA:42,0,1,0
BRDA:46,1,0,0
BRDA:46,1,1,0
BRDA:50,2,0,0
BRDA:50,2,1,0
BRDA:54,3,0,0
BRDA:54,3,1,0
BRDA:58,4,0,0
BRDA:58,4,1,0
BRDA:62,5,0,0
BRDA:62,5,1,0
BRDA:66,6,0,0
BRDA:66,6,1,0
BRDA:70,7,0,0
BRDA:70,7,1,0
BRDA:183,8,0,0
BRDA:183,8,1,0
BRF:18
BRH:0
end_of_record
TN:
SF:context\StatsContext.tsx
FN:38,(anonymous_0)
FN:42,(anonymous_1)
FN:46,(anonymous_2)
FN:58,(anonymous_3)
FN:79,(anonymous_4)
FN:87,(anonymous_5)
FN:99,(anonymous_6)
FN:115,(anonymous_7)
FNF:8
FNH:0
FNDA:0,(anonymous_0)
FNDA:0,(anonymous_1)
FNDA:0,(anonymous_2)
FNDA:0,(anonymous_3)
FNDA:0,(anonymous_4)
FNDA:0,(anonymous_5)
FNDA:0,(anonymous_6)
FNDA:0,(anonymous_7)
DA:24,0
DA:26,0
DA:38,0
DA:39,0
DA:40,0
DA:42,0
DA:43,0
DA:46,0
DA:47,0
DA:48,0
DA:49,0
DA:50,0
DA:51,0
DA:54,0
DA:58,0
DA:59,0
DA:60,0
DA:61,0
DA:64,0
DA:67,0
DA:68,0
DA:70,0
DA:71,0
DA:73,0
DA:76,0
DA:77,0
DA:79,0
DA:80,0
DA:82,0
DA:83,0
DA:87,0
DA:88,0
DA:89,0
DA:91,0
DA:92,0
DA:93,0
DA:95,0
DA:99,0
DA:100,0
DA:101,0
DA:102,0
DA:104,0
DA:108,0
DA:115,0
DA:116,0
DA:117,0
DA:118,0
DA:120,0
LF:48
LH:0
BRDA:49,0,0,0
BRDA:49,0,1,0
BRDA:67,1,0,0
BRDA:67,1,1,0
BRDA:70,2,0,0
BRDA:70,2,1,0
BRDA:89,3,0,0
BRDA:89,3,1,0
BRDA:117,4,0,0
BRDA:117,4,1,0
BRF:10
BRH:0
end_of_record
TN:
SF:hooks\use-color-scheme.ts
FNF:0
FNH:0
LF:0
LH:0
BRF:0
BRH:0
end_of_record
TN:
SF:hooks\use-color-scheme.web.ts
FN:7,useColorScheme
FN:10,(anonymous_1)
FNF:2
FNH:0
FNDA:0,useColorScheme
FNDA:0,(anonymous_1)
DA:8,0
DA:10,0
DA:11,0
DA:14,0
DA:16,0
DA:17,0
DA:20,0
LF:7
LH:0
BRDA:16,0,0,0
BRDA:16,0,1,0
BRF:2
BRH:0
end_of_record
TN:
SF:hooks\use-theme-color.ts
FN:9,useThemeColor
FNF:1
FNH:0
FNDA:0,useThemeColor
DA:13,0
DA:14,0
DA:16,0
DA:17,0
DA:19,0
LF:5
LH:0
BRDA:13,0,0,0
BRDA:13,0,1,0
BRDA:16,1,0,0
BRDA:16,1,1,0
BRF:4
BRH:0
end_of_record
TN:
SF:utils\completionUtils.ts
FN:14,(anonymous_0)
FN:28,(anonymous_1)
FN:44,(anonymous_2)
FN:63,(anonymous_3)
FN:74,(anonymous_4)
FN:87,(anonymous_5)
FN:103,(anonymous_6)
FN:116,(anonymous_7)
FN:132,(anonymous_8)
FN:185,(anonymous_9)
FN:195,(anonymous_10)
FN:196,(anonymous_11)
FN:202,(anonymous_12)
FNF:13
FNH:0
FNDA:0,(anonymous_0)
FNDA:0,(anonymous_1)
FNDA:0,(anonymous_2)
FNDA:0,(anonymous_3)
FNDA:0,(anonymous_4)
FNDA:0,(anonymous_5)
FNDA:0,(anonymous_6)
FNDA:0,(anonymous_7)
FNDA:0,(anonymous_8)
FNDA:0,(anonymous_9)
FNDA:0,(anonymous_10)
FNDA:0,(anonymous_11)
FNDA:0,(anonymous_12)
DA:14,0
DA:15,0
DA:16,0
DA:17,0
DA:18,0
DA:19,0
DA:20,0
DA:22,0
DA:28,0
DA:29,0
DA:30,0
DA:31,0
DA:32,0
DA:33,0
DA:34,0
DA:36,0
DA:44,0
DA:45,0
DA:46,0
DA:47,0
DA:49,0
DA:50,0
DA:51,0
DA:52,0
DA:53,0
DA:54,0
DA:57,0
DA:63,0
DA:64,0
DA:65,0
DA:66,0
DA:68,0
DA:74,0
DA:75,0
DA:76,0
DA:77,0
DA:79,0
DA:87,0
DA:88,0
DA:89,0
DA:90,0
DA:92,0
DA:93,0
DA:94,0
DA:97,0
DA:103,0
DA:104,0
DA:105,0
DA:106,0
DA:107,0
DA:110,0
DA:116,0
DA:117,0
DA:118,0
DA:119,0
DA:120,0
DA:121,0
DA:125,0
DA:132,0
DA:138,0
DA:139,0
DA:142,0
DA:143,0
DA:151,0
DA:152,0
DA:160,0
DA:161,0
DA:162,0
DA:163,0
DA:171,0
DA:172,0
DA:179,0
DA:185,0
DA:190,0
DA:191,0
DA:194,0
DA:195,0
DA:196,0
DA:197,0
DA:202,0
DA:203,0
DA:204,0
DA:207,0
LF:83
LH:0
BRDA:18,0,0,0
BRDA:18,0,1,0
BRDA:19,1,0,0
BRDA:19,1,1,0
BRDA:32,2,0,0
BRDA:32,2,1,0
BRDA:33,3,0,0
BRDA:33,3,1,0
BRDA:52,4,0,0
BRDA:52,4,1,0
BRDA:53,5,0,0
BRDA:53,5,1,0
BRDA:107,6,0,0
BRDA:107,6,1,0
BRDA:120,7,0,0
BRDA:120,7,1,0
BRDA:142,8,0,0
BRDA:142,8,1,0
BRDA:142,9,0,0
BRDA:142,9,1,0
BRDA:151,10,0,0
BRDA:151,10,1,0
BRDA:151,11,0,0
BRDA:151,11,1,0
BRDA:162,12,0,0
BRDA:162,12,1,0
BRDA:162,13,0,0
BRDA:162,13,1,0
BRDA:171,14,0,0
BRDA:171,14,1,0
BRDA:171,15,0,0
BRDA:171,15,1,0
BRDA:171,15,2,0
BRF:33
BRH:0
end_of_record
TN:
SF:utils\storage.ts
FN:4,(anonymous_0)
FN:13,(anonymous_1)
FN:22,(anonymous_2)
FN:30,(anonymous_3)
FNF:4
FNH:0
FNDA:0,(anonymous_0)
FNDA:0,(anonymous_1)
FNDA:0,(anonymous_2)
FNDA:0,(anonymous_3)
DA:4,0
DA:5,0
DA:6,0
DA:7,0
DA:9,0
DA:13,0
DA:14,0
DA:15,0
DA:16,0
DA:18,0
DA:22,0
DA:23,0
DA:24,0
DA:26,0
DA:30,0
DA:31,0
DA:32,0
DA:33,0
DA:35,0
LF:19
LH:0
BRDA:16,0,0,0
BRDA:16,0,1,0
BRDA:33,1,0,0
BRDA:33,1,1,0
BRF:4
BRH:0
end_of_record
TN:
SF:utils\sudoku.ts
FN:24,(anonymous_0)
FN:29,(anonymous_1)
FN:33,(anonymous_2)
FN:78,(anonymous_3)
FN:79,(anonymous_4)
FN:144,(anonymous_5)
FN:165,(anonymous_6)
FN:174,(anonymous_7)
FN:214,(anonymous_8)
FN:236,(anonymous_9)
FN:247,(anonymous_10)
FN:261,(anonymous_11)
FN:274,(anonymous_12)
FN:275,(anonymous_13)
FN:275,(anonymous_14)
FN:290,(anonymous_15)
FN:304,(anonymous_16)
FN:323,(anonymous_17)
FN:354,(anonymous_18)
FN:374,(anonymous_19)
FN:406,(anonymous_20)
FN:415,(anonymous_21)
FN:423,(anonymous_22)
FN:439,(anonymous_23)
FN:452,(anonymous_24)
FN:466,(anonymous_25)
FN:483,(anonymous_26)
FN:487,(anonymous_27)
FN:493,(anonymous_28)
FN:670,(anonymous_29)
FN:672,(anonymous_30)
FN:702,(anonymous_31)
FN:726,(anonymous_32)
FN:734,(anonymous_33)
FN:741,(anonymous_34)
FN:750,(anonymous_35)
FN:756,(anonymous_36)
FN:763,(anonymous_37)
FN:775,(anonymous_38)
FN:794,(anonymous_39)
FN:835,(anonymous_40)
FN:854,(anonymous_41)
FN:873,(anonymous_42)
FN:887,(anonymous_43)
FN:898,(anonymous_44)
FN:904,(anonymous_45)
FN:911,(anonymous_46)
FN:938,(anonymous_47)
FN:941,(anonymous_48)
FN:950,(anonymous_49)
FN:950,(anonymous_50)
FN:966,(anonymous_51)
FN:992,(anonymous_52)
FN:1001,(anonymous_53)
FN:1001,(anonymous_54)
FN:1015,(anonymous_55)
FN:1042,(anonymous_56)
FN:1061,(anonymous_57)
FN:1088,(anonymous_58)
FN:1103,(anonymous_59)
FN:1107,(anonymous_60)
FN:1130,(anonymous_61)
FN:1191,(anonymous_62)
FN:1217,(anonymous_63)
FNF:64
FNH:0
FNDA:0,(anonymous_0)
FNDA:0,(anonymous_1)
FNDA:0,(anonymous_2)
FNDA:0,(anonymous_3)
FNDA:0,(anonymous_4)
FNDA:0,(anonymous_5)
FNDA:0,(anonymous_6)
FNDA:0,(anonymous_7)
FNDA:0,(anonymous_8)
FNDA:0,(anonymous_9)
FNDA:0,(anonymous_10)
FNDA:0,(anonymous_11)
FNDA:0,(anonymous_12)
FNDA:0,(anonymous_13)
FNDA:0,(anonymous_14)
FNDA:0,(anonymous_15)
FNDA:0,(anonymous_16)
FNDA:0,(anonymous_17)
FNDA:0,(anonymous_18)
FNDA:0,(anonymous_19)
FNDA:0,(anonymous_20)
FNDA:0,(anonymous_21)
FNDA:0,(anonymous_22)
FNDA:0,(anonymous_23)
FNDA:0,(anonymous_24)
FNDA:0,(anonymous_25)
FNDA:0,(anonymous_26)
FNDA:0,(anonymous_27)
FNDA:0,(anonymous_28)
FNDA:0,(anonymous_29)
FNDA:0,(anonymous_30)
FNDA:0,(anonymous_31)
FNDA:0,(anonymous_32)
FNDA:0,(anonymous_33)
FNDA:0,(anonymous_34)
FNDA:0,(anonymous_35)
FNDA:0,(anonymous_36)
FNDA:0,(anonymous_37)
FNDA:0,(anonymous_38)
FNDA:0,(anonymous_39)
FNDA:0,(anonymous_40)
FNDA:0,(anonymous_41)
FNDA:0,(anonymous_42)
FNDA:0,(anonymous_43)
FNDA:0,(anonymous_44)
FNDA:0,(anonymous_45)
FNDA:0,(anonymous_46)
FNDA:0,(anonymous_47)
FNDA:0,(anonymous_48)
FNDA:0,(anonymous_49)
FNDA:0,(anonymous_50)
FNDA:0,(anonymous_51)
FNDA:0,(anonymous_52)
FNDA:0,(anonymous_53)
FNDA:0,(anonymous_54)
FNDA:0,(anonymous_55)
FNDA:0,(anonymous_56)
FNDA:0,(anonymous_57)
FNDA:0,(anonymous_58)
FNDA:0,(anonymous_59)
FNDA:0,(anonymous_60)
FNDA:0,(anonymous_61)
FNDA:0,(anonymous_62)
FNDA:0,(anonymous_63)
DA:7,0
DA:24,0
DA:25,0
DA:27,0
DA:29,0
DA:30,0
DA:33,0
DA:34,0
DA:35,0
DA:36,0
DA:37,0
DA:40,0
DA:43,0
DA:44,0
DA:45,0
DA:46,0
DA:47,0
DA:50,0
DA:51,0
DA:53,0
DA:54,0
DA:56,0
DA:57,0
DA:59,0
DA:64,0
DA:66,0
DA:67,0
DA:70,0
DA:73,0
DA:74,0
DA:78,0
DA:79,0
DA:80,0
DA:82,0
DA:84,0
DA:85,0
DA:86,0
DA:89,0
DA:90,0
DA:91,0
DA:92,0
DA:93,0
DA:94,0
DA:95,0
DA:99,0
DA:102,0
DA:103,0
DA:104,0
DA:105,0
DA:106,0
DA:107,0
DA:111,0
DA:112,0
DA:113,0
DA:114,0
DA:118,0
DA:124,0
DA:125,0
DA:126,0
DA:127,0
DA:128,0
DA:129,0
DA:133,0
DA:134,0
DA:135,0
DA:136,0
DA:137,0
DA:138,0
DA:140,0
DA:144,0
DA:145,0
DA:146,0
DA:148,0
DA:149,0
DA:151,0
DA:152,0
DA:154,0
DA:155,0
DA:156,0
DA:157,0
DA:158,0
DA:159,0
DA:160,0
DA:165,0
DA:166,0
DA:167,0
DA:168,0
DA:169,0
DA:171,0
DA:174,0
DA:176,0
DA:177,0
DA:178,0
DA:179,0
DA:180,0
DA:181,0
DA:186,0
DA:187,0
DA:188,0
DA:189,0
DA:190,0
DA:191,0
DA:196,0
DA:197,0
DA:198,0
DA:199,0
DA:200,0
DA:201,0
DA:202,0
DA:203,0
DA:204,0
DA:209,0
DA:214,0
DA:215,0
DA:217,0
DA:218,0
DA:219,0
DA:220,0
DA:222,0
DA:223,0
DA:224,0
DA:225,0
DA:226,0
DA:227,0
DA:232,0
DA:235,0
DA:236,0
DA:238,0
DA:240,0
DA:241,0
DA:246,0
DA:247,0
DA:249,0
DA:251,0
DA:252,0
DA:258,0
DA:261,0
DA:262,0
DA:263,0
DA:264,0
DA:265,0
DA:266,0
DA:267,0
DA:271,0
DA:274,0
DA:275,0
DA:276,0
DA:277,0
DA:278,0
DA:279,0
DA:280,0
DA:281,0
DA:287,0
DA:290,0
DA:291,0
DA:292,0
DA:294,0
DA:295,0
DA:296,0
DA:297,0
DA:298,0
DA:301,0
DA:304,0
DA:305,0
DA:306,0
DA:307,0
DA:308,0
DA:310,0
DA:311,0
DA:312,0
DA:313,0
DA:315,0
DA:316,0
DA:317,0
DA:318,0
DA:323,0
DA:324,0
DA:326,0
DA:327,0
DA:328,0
DA:330,0
DA:332,0
DA:333,0
DA:334,0
DA:335,0
DA:336,0
DA:337,0
DA:338,0
DA:340,0
DA:342,0
DA:343,0
DA:344,0
DA:345,0
DA:348,0
DA:351,0
DA:354,0
DA:355,0
DA:356,0
DA:357,0
DA:358,0
DA:360,0
DA:361,0
DA:362,0
DA:363,0
DA:365,0
DA:366,0
DA:367,0
DA:368,0
DA:373,0
DA:374,0
DA:375,0
DA:376,0
DA:377,0
DA:380,0
DA:381,0
DA:382,0
DA:384,0
DA:385,0
DA:386,0
DA:387,0
DA:388,0
DA:389,0
DA:391,0
DA:393,0
DA:394,0
DA:395,0
DA:397,0
DA:402,0
DA:403,0
DA:406,0
DA:407,0
DA:408,0
DA:409,0
DA:412,0
DA:415,0
DA:416,0
DA:417,0
DA:418,0
DA:420,0
DA:423,0
DA:424,0
DA:425,0
DA:426,0
DA:427,0
DA:428,0
DA:429,0
DA:430,0
DA:431,0
DA:433,0
DA:436,0
DA:439,0
DA:440,0
DA:442,0
DA:443,0
DA:444,0
DA:445,0
DA:446,0
DA:447,0
DA:448,0
DA:451,0
DA:452,0
DA:456,0
DA:457,0
DA:458,0
DA:459,0
DA:460,0
DA:461,0
DA:462,0
DA:465,0
DA:466,0
DA:470,0
DA:471,0
DA:472,0
DA:473,0
DA:474,0
DA:475,0
DA:476,0
DA:477,0
DA:478,0
DA:482,0
DA:483,0
DA:487,0
DA:488,0
DA:489,0
DA:493,0
DA:494,0
DA:497,0
DA:498,0
DA:499,0
DA:502,0
DA:503,0
DA:504,0
DA:515,0
DA:516,0
DA:517,0
DA:518,0
DA:519,0
DA:531,0
DA:532,0
DA:533,0
DA:534,0
DA:535,0
DA:547,0
DA:548,0
DA:549,0
DA:550,0
DA:551,0
DA:552,0
DA:553,0
DA:566,0
DA:567,0
DA:568,0
DA:569,0
DA:570,0
DA:583,0
DA:584,0
DA:586,0
DA:587,0
DA:588,0
DA:589,0
DA:590,0
DA:592,0
DA:593,0
DA:594,0
DA:595,0
DA:598,0
DA:599,0
DA:600,0
DA:601,0
DA:614,0
DA:615,0
DA:616,0
DA:620,0
DA:621,0
DA:622,0
DA:626,0
DA:627,0
DA:628,0
DA:632,0
DA:633,0
DA:634,0
DA:638,0
DA:639,0
DA:640,0
DA:644,0
DA:645,0
DA:646,0
DA:651,0
DA:652,0
DA:653,0
DA:654,0
DA:655,0
DA:667,0
DA:670,0
DA:671,0
DA:672,0
DA:675,0
DA:676,0
DA:678,0
DA:679,0
DA:681,0
DA:683,0
DA:684,0
DA:686,0
DA:688,0
DA:689,0
DA:690,0
DA:691,0
DA:692,0
DA:693,0
DA:694,0
DA:696,0
DA:699,0
DA:702,0
DA:707,0
DA:708,0
DA:709,0
DA:710,0
DA:712,0
DA:713,0
DA:714,0
DA:715,0
DA:716,0
DA:717,0
DA:722,0
DA:725,0
DA:726,0
DA:729,0
DA:730,0
DA:731,0
DA:733,0
DA:734,0
DA:735,0
DA:741,0
DA:749,0
DA:750,0
DA:752,0
DA:753,0
DA:754,0
DA:755,0
DA:756,0
DA:757,0
DA:763,0
DA:772,0
DA:775,0
DA:777,0
DA:778,0
DA:779,0
DA:782,0
DA:783,0
DA:784,0
DA:787,0
DA:788,0
DA:789,0
DA:791,0
DA:794,0
DA:795,0
DA:796,0
DA:797,0
DA:798,0
DA:799,0
DA:801,0
DA:802,0
DA:803,0
DA:804,0
DA:808,0
DA:809,0
DA:810,0
DA:811,0
DA:812,0
DA:813,0
DA:814,0
DA:815,0
DA:816,0
DA:817,0
DA:818,0
DA:825,0
DA:827,0
DA:828,0
DA:829,0
DA:831,0
DA:832,0
DA:834,0
DA:835,0
DA:836,0
DA:837,0
DA:851,0
DA:854,0
DA:856,0
DA:857,0
DA:858,0
DA:861,0
DA:862,0
DA:863,0
DA:866,0
DA:867,0
DA:868,0
DA:870,0
DA:873,0
DA:874,0
DA:875,0
DA:876,0
DA:877,0
DA:878,0
DA:880,0
DA:881,0
DA:882,0
DA:883,0
DA:887,0
DA:889,0
DA:891,0
DA:892,0
DA:893,0
DA:894,0
DA:895,0
DA:896,0
DA:898,0
DA:900,0
DA:903,0
DA:904,0
DA:905,0
DA:907,0
DA:908,0
DA:910,0
DA:911,0
DA:912,0
DA:913,0
DA:935,0
DA:938,0
DA:940,0
DA:941,0
DA:942,0
DA:943,0
DA:944,0
DA:945,0
DA:950,0
DA:952,0
DA:953,0
DA:954,0
DA:955,0
DA:957,0
DA:959,0
DA:960,0
DA:961,0
DA:962,0
DA:963,0
DA:965,0
DA:966,0
DA:967,0
DA:991,0
DA:992,0
DA:993,0
DA:994,0
DA:995,0
DA:996,0
DA:1001,0
DA:1003,0
DA:1004,0
DA:1005,0
DA:1006,0
DA:1008,0
DA:1009,0
DA:1010,0
DA:1011,0
DA:1012,0
DA:1013,0
DA:1014,0
DA:1015,0
DA:1016,0
DA:1039,0
DA:1042,0
DA:1044,0
DA:1045,0
DA:1046,0
DA:1049,0
DA:1050,0
DA:1051,0
DA:1054,0
DA:1055,0
DA:1056,0
DA:1058,0
DA:1061,0
DA:1062,0
DA:1063,0
DA:1064,0
DA:1065,0
DA:1066,0
DA:1068,0
DA:1069,0
DA:1070,0
DA:1071,0
DA:1076,0
DA:1077,0
DA:1079,0
DA:1080,0
DA:1081,0
DA:1082,0
DA:1088,0
DA:1090,0
DA:1091,0
DA:1092,0
DA:1093,0
DA:1094,0
DA:1095,0
DA:1097,0
DA:1102,0
DA:1103,0
DA:1104,0
DA:1106,0
DA:1107,0
DA:1108,0
DA:1109,0
DA:1127,0
DA:1130,0
DA:1132,0
DA:1133,0
DA:1134,0
DA:1135,0
DA:1136,0
DA:1141,0
DA:1143,0
DA:1144,0
DA:1147,0
DA:1148,0
DA:1149,0
DA:1151,0
DA:1154,0
DA:1155,0
DA:1156,0
DA:1157,0
DA:1158,0
DA:1159,0
DA:1165,0
DA:1166,0
DA:1167,0
DA:1168,0
DA:1171,0
DA:1174,0
DA:1175,0
DA:1178,0
DA:1179,0
DA:1180,0
DA:1181,0
DA:1183,0
DA:1185,0
DA:1188,0
DA:1190,0
DA:1191,0
DA:1192,0
DA:1214,0
DA:1217,0
DA:1218,0
DA:1219,0
DA:1220,0
DA:1228,0
DA:1229,0
DA:1230,0
DA:1231,0
DA:1232,0
DA:1234,0
DA:1235,0
DA:1236,0
DA:1237,0
DA:1238,0
DA:1243,0
DA:1245,0
DA:1247,0
DA:1248,0
DA:1250,0
DA:1252,0
DA:1253,0
DA:1255,0
DA:1257,0
DA:1258,0
DA:1259,0
DA:1260,0
DA:1261,0
DA:1263,0
DA:1267,0
LF:639
LH:0
BRDA:44,0,0,0
BRDA:44,0,1,0
BRDA:45,1,0,0
BRDA:45,1,1,0
BRDA:46,2,0,0
BRDA:46,2,1,0
BRDA:47,3,0,0
BRDA:47,3,1,0
BRDA:51,4,0,0
BRDA:51,4,1,0
BRDA:56,5,0,0
BRDA:56,5,1,0
BRDA:66,6,0,0
BRDA:66,6,1,0
BRDA:91,7,0,0
BRDA:91,7,1,0
BRDA:91,8,0,0
BRDA:91,8,1,0
BRDA:99,9,0,0
BRDA:99,9,1,0
BRDA:103,10,0,0
BRDA:103,10,1,0
BRDA:111,11,0,0
BRDA:111,11,1,0
BRDA:118,12,0,0
BRDA:118,12,1,0
BRDA:118,12,2,0
BRDA:118,12,3,0
BRDA:118,12,4,0
BRDA:124,13,0,0
BRDA:124,13,1,0
BRDA:133,14,0,0
BRDA:133,14,1,0
BRDA:134,15,0,0
BRDA:134,15,1,0
BRDA:135,16,0,0
BRDA:135,16,1,0
BRDA:136,17,0,0
BRDA:136,17,1,0
BRDA:137,18,0,0
BRDA:137,18,1,0
BRDA:149,19,0,0
BRDA:149,19,1,0
BRDA:152,20,0,0
BRDA:152,20,1,0
BRDA:160,21,0,0
BRDA:160,21,1,0
BRDA:160,22,0,0
BRDA:160,22,1,0
BRDA:167,23,0,0
BRDA:167,23,1,0
BRDA:179,24,0,0
BRDA:179,24,1,0
BRDA:181,25,0,0
BRDA:181,25,1,0
BRDA:189,26,0,0
BRDA:189,26,1,0
BRDA:191,27,0,0
BRDA:191,27,1,0
BRDA:202,28,0,0
BRDA:202,28,1,0
BRDA:204,29,0,0
BRDA:204,29,1,0
BRDA:226,30,0,0
BRDA:226,30,1,0
BRDA:232,31,0,0
BRDA:232,31,1,0
BRDA:236,32,0,0
BRDA:236,32,1,0
BRDA:240,33,0,0
BRDA:240,33,1,0
BRDA:240,34,0,0
BRDA:240,34,1,0
BRDA:241,35,0,0
BRDA:241,35,1,0
BRDA:247,36,0,0
BRDA:247,36,1,0
BRDA:251,37,0,0
BRDA:251,37,1,0
BRDA:251,38,0,0
BRDA:251,38,1,0
BRDA:252,39,0,0
BRDA:252,39,1,0
BRDA:266,40,0,0
BRDA:266,40,1,0
BRDA:278,41,0,0
BRDA:278,41,1,0
BRDA:280,42,0,0
BRDA:280,42,1,0
BRDA:292,43,0,0
BRDA:292,43,1,0
BRDA:292,44,0,0
BRDA:292,44,1,0
BRDA:298,45,0,0
BRDA:298,45,1,0
BRDA:312,46,0,0
BRDA:312,46,1,0
BRDA:324,47,0,0
BRDA:324,47,1,0
BRDA:334,48,0,0
BRDA:334,48,1,0
BRDA:340,49,0,0
BRDA:340,49,1,0
BRDA:354,50,0,0
BRDA:362,51,0,0
BRDA:362,51,1,0
BRDA:375,52,0,0
BRDA:375,52,1,0
BRDA:386,53,0,0
BRDA:386,53,1,0
BRDA:397,54,0,0
BRDA:397,54,1,0
BRDA:409,55,0,0
BRDA:409,55,1,0
BRDA:426,56,0,0
BRDA:426,56,1,0
BRDA:429,57,0,0
BRDA:429,57,1,0
BRDA:446,58,0,0
BRDA:446,58,1,0
BRDA:447,59,0,0
BRDA:447,59,1,0
BRDA:452,60,0,0
BRDA:452,60,1,0
BRDA:460,61,0,0
BRDA:460,61,1,0
BRDA:461,62,0,0
BRDA:461,62,1,0
BRDA:466,63,0,0
BRDA:466,63,1,0
BRDA:476,64,0,0
BRDA:476,64,1,0
BRDA:477,65,0,0
BRDA:477,65,1,0
BRDA:483,66,0,0
BRDA:483,66,1,0
BRDA:497,67,0,0
BRDA:497,67,1,0
BRDA:497,68,0,0
BRDA:497,68,1,0
BRDA:502,69,0,0
BRDA:502,69,1,0
BRDA:518,70,0,0
BRDA:518,70,1,0
BRDA:518,71,0,0
BRDA:518,71,1,0
BRDA:518,71,2,0
BRDA:534,72,0,0
BRDA:534,72,1,0
BRDA:534,73,0,0
BRDA:534,73,1,0
BRDA:534,73,2,0
BRDA:552,74,0,0
BRDA:552,74,1,0
BRDA:552,75,0,0
BRDA:552,75,1,0
BRDA:552,75,2,0
BRDA:568,76,0,0
BRDA:568,76,1,0
BRDA:568,77,0,0
BRDA:568,77,1,0
BRDA:584,78,0,0
BRDA:584,78,1,0
BRDA:589,79,0,0
BRDA:589,79,1,0
BRDA:590,80,0,0
BRDA:590,80,1,0
BRDA:599,81,0,0
BRDA:599,81,1,0
BRDA:600,82,0,0
BRDA:600,82,1,0
BRDA:600,83,0,0
BRDA:600,83,1,0
BRDA:615,84,0,0
BRDA:615,84,1,0
BRDA:621,85,0,0
BRDA:621,85,1,0
BRDA:627,86,0,0
BRDA:627,86,1,0
BRDA:633,87,0,0
BRDA:633,87,1,0
BRDA:639,88,0,0
BRDA:639,88,1,0
BRDA:645,89,0,0
BRDA:645,89,1,0
BRDA:653,90,0,0
BRDA:653,90,1,0
BRDA:679,91,0,0
BRDA:679,91,1,0
BRDA:681,92,0,0
BRDA:681,92,1,0
BRDA:684,93,0,0
BRDA:684,93,1,0
BRDA:686,94,0,0
BRDA:686,94,1,0
BRDA:694,95,0,0
BRDA:694,95,1,0
BRDA:696,96,0,0
BRDA:696,96,1,0
BRDA:716,97,0,0
BRDA:716,97,1,0
BRDA:722,98,0,0
BRDA:722,98,1,0
BRDA:722,99,0,0
BRDA:722,99,1,0
BRDA:726,100,0,0
BRDA:726,100,1,0
BRDA:730,101,0,0
BRDA:730,101,1,0
BRDA:730,102,0,0
BRDA:730,102,1,0
BRDA:731,103,0,0
BRDA:731,103,1,0
BRDA:733,104,0,0
BRDA:733,104,1,0
BRDA:750,105,0,0
BRDA:750,105,1,0
BRDA:753,106,0,0
BRDA:753,106,1,0
BRDA:753,107,0,0
BRDA:753,107,1,0
BRDA:754,108,0,0
BRDA:754,108,1,0
BRDA:755,109,0,0
BRDA:755,109,1,0
BRDA:779,110,0,0
BRDA:779,110,1,0
BRDA:784,111,0,0
BRDA:784,111,1,0
BRDA:789,112,0,0
BRDA:789,112,1,0
BRDA:796,113,0,0
BRDA:796,113,1,0
BRDA:798,114,0,0
BRDA:798,114,1,0
BRDA:811,115,0,0
BRDA:811,115,1,0
BRDA:811,116,0,0
BRDA:811,116,1,0
BRDA:814,117,0,0
BRDA:814,117,1,0
BRDA:814,118,0,0
BRDA:814,118,1,0
BRDA:817,119,0,0
BRDA:817,119,1,0
BRDA:817,120,0,0
BRDA:817,120,1,0
BRDA:828,121,0,0
BRDA:828,121,1,0
BRDA:828,122,0,0
BRDA:828,122,1,0
BRDA:828,122,2,0
BRDA:828,122,3,0
BRDA:829,123,0,0
BRDA:829,123,1,0
BRDA:832,124,0,0
BRDA:832,124,1,0
BRDA:834,125,0,0
BRDA:834,125,1,0
BRDA:836,126,0,0
BRDA:836,126,1,0
BRDA:836,127,0,0
BRDA:836,127,1,0
BRDA:858,128,0,0
BRDA:858,128,1,0
BRDA:863,129,0,0
BRDA:863,129,1,0
BRDA:868,130,0,0
BRDA:868,130,1,0
BRDA:875,131,0,0
BRDA:875,131,1,0
BRDA:877,132,0,0
BRDA:877,132,1,0
BRDA:887,133,0,0
BRDA:887,133,1,0
BRDA:887,133,2,0
BRDA:889,134,0,0
BRDA:889,134,1,0
BRDA:900,135,0,0
BRDA:900,135,1,0
BRDA:904,136,0,0
BRDA:904,136,1,0
BRDA:904,137,0,0
BRDA:904,137,1,0
BRDA:905,138,0,0
BRDA:905,138,1,0
BRDA:908,139,0,0
BRDA:908,139,1,0
BRDA:910,140,0,0
BRDA:910,140,1,0
BRDA:912,141,0,0
BRDA:912,141,1,0
BRDA:912,142,0,0
BRDA:912,142,1,0
BRDA:944,143,0,0
BRDA:944,143,1,0
BRDA:944,144,0,0
BRDA:944,144,1,0
BRDA:957,145,0,0
BRDA:957,145,1,0
BRDA:957,146,0,0
BRDA:957,146,1,0
BRDA:962,147,0,0
BRDA:962,147,1,0
BRDA:962,148,0,0
BRDA:962,148,1,0
BRDA:963,149,0,0
BRDA:963,149,1,0
BRDA:963,150,0,0
BRDA:963,150,1,0
BRDA:965,151,0,0
BRDA:965,151,1,0
BRDA:995,152,0,0
BRDA:995,152,1,0
BRDA:995,153,0,0
BRDA:995,153,1,0
BRDA:1008,154,0,0
BRDA:1008,154,1,0
BRDA:1008,155,0,0
BRDA:1008,155,1,0
BRDA:1012,156,0,0
BRDA:1012,156,1,0
BRDA:1012,157,0,0
BRDA:1012,157,1,0
BRDA:1013,158,0,0
BRDA:1013,158,1,0
BRDA:1013,159,0,0
BRDA:1013,159,1,0
BRDA:1014,160,0,0
BRDA:1014,160,1,0
BRDA:1046,161,0,0
BRDA:1046,161,1,0
BRDA:1051,162,0,0
BRDA:1051,162,1,0
BRDA:1056,163,0,0
BRDA:1056,163,1,0
BRDA:1063,164,0,0
BRDA:1063,164,1,0
BRDA:1065,165,0,0
BRDA:1065,165,1,0
BRDA:1080,166,0,0
BRDA:1080,166,1,0
BRDA:1097,167,0,0
BRDA:1097,167,1,0
BRDA:1097,168,0,0
BRDA:1097,168,1,0
BRDA:1097,168,2,0
BRDA:1097,168,3,0
BRDA:1103,169,0,0
BRDA:1103,169,1,0
BRDA:1104,170,0,0
BRDA:1104,170,1,0
BRDA:1106,171,0,0
BRDA:1106,171,1,0
BRDA:1107,172,0,0
BRDA:1107,172,1,0
BRDA:1108,173,0,0
BRDA:1108,173,1,0
BRDA:1108,174,0,0
BRDA:1108,174,1,0
BRDA:1135,175,0,0
BRDA:1135,175,1,0
BRDA:1135,176,0,0
BRDA:1135,176,1,0
BRDA:1141,177,0,0
BRDA:1141,177,1,0
BRDA:1149,178,0,0
BRDA:1149,178,1,0
BRDA:1149,179,0,0
BRDA:1149,179,1,0
BRDA:1151,180,0,0
BRDA:1151,180,1,0
BRDA:1151,180,2,0
BRDA:1151,180,3,0
BRDA:1154,181,0,0
BRDA:1154,181,1,0
BRDA:1156,182,0,0
BRDA:1156,182,1,0
BRDA:1156,183,0,0
BRDA:1156,183,1,0
BRDA:1156,183,2,0
BRDA:1156,183,3,0
BRDA:1157,184,0,0
BRDA:1157,184,1,0
BRDA:1158,185,0,0
BRDA:1158,185,1,0
BRDA:1158,186,0,0
BRDA:1158,186,1,0
BRDA:1158,186,2,0
BRDA:1158,186,3,0
BRDA:1159,187,0,0
BRDA:1159,187,1,0
BRDA:1171,188,0,0
BRDA:1171,188,1,0
BRDA:1174,189,0,0
BRDA:1174,189,1,0
BRDA:1180,190,0,0
BRDA:1180,190,1,0
BRDA:1181,191,0,0
BRDA:1181,191,1,0
BRDA:1181,192,0,0
BRDA:1181,192,1,0
BRDA:1181,192,2,0
BRDA:1181,192,3,0
BRDA:1181,192,4,0
BRDA:1181,192,5,0
BRDA:1183,193,0,0
BRDA:1183,193,1,0
BRDA:1183,193,2,0
BRDA:1183,193,3,0
BRDA:1185,194,0,0
BRDA:1185,194,1,0
BRDA:1185,194,2,0
BRDA:1185,194,3,0
BRDA:1188,195,0,0
BRDA:1188,195,1,0
BRDA:1188,196,0,0
BRDA:1188,196,1,0
BRDA:1188,196,2,0
BRDA:1190,197,0,0
BRDA:1190,197,1,0
BRDA:1229,198,0,0
BRDA:1229,198,1,0
BRDA:1230,199,0,0
BRDA:1230,199,1,0
BRDA:1230,200,0,0
BRDA:1230,200,1,0
BRDA:1231,201,0,0
BRDA:1231,201,1,0
BRDA:1232,202,0,0
BRDA:1232,202,1,0
BRDA:1232,203,0,0
BRDA:1232,203,1,0
BRDA:1238,204,0,0
BRDA:1238,204,1,0
BRDA:1238,205,0,0
BRDA:1238,205,1,0
BRDA:1238,205,2,0
BRDA:1248,206,0,0
BRDA:1248,206,1,0
BRDA:1250,207,0,0
BRDA:1250,207,1,0
BRDA:1253,208,0,0
BRDA:1253,208,1,0
BRDA:1255,209,0,0
BRDA:1255,209,1,0
BRDA:1261,210,0,0
BRDA:1261,210,1,0
BRDA:1263,211,0,0
BRDA:1263,211,1,0
BRF:450
BRH:0
end_of_record
TN:
SF:utils\timeUtils.ts
FN:6,(anonymous_0)
FNF:1
FNH:0
FNDA:0,(anonymous_0)
DA:6,0
DA:7,0
DA:8,0
DA:9,0
LF:4
LH:0
BRF:0
BRH:0
end_of_record
TN:
SF:utils\v2\generator.ts
FN:9,(anonymous_0)
FN:13,(anonymous_1)
FN:35,(anonymous_2)
FN:36,(anonymous_3)
FN:40,(anonymous_4)
FN:40,(anonymous_5)
FN:50,(anonymous_6)
FN:55,(anonymous_7)
FN:57,(anonymous_8)
FN:66,(anonymous_9)
FNF:10
FNH:0
FNDA:0,(anonymous_0)
FNDA:0,(anonymous_1)
FNDA:0,(anonymous_2)
FNDA:0,(anonymous_3)
FNDA:0,(anonymous_4)
FNDA:0,(anonymous_5)
FNDA:0,(anonymous_6)
FNDA:0,(anonymous_7)
FNDA:0,(anonymous_8)
FNDA:0,(anonymous_9)
DA:10,0
DA:11,0
DA:13,0
DA:14,0
DA:15,0
DA:16,0
DA:17,0
DA:20,0
DA:22,0
DA:23,0
DA:24,0
DA:26,0
DA:27,0
DA:32,0
DA:36,0
DA:39,0
DA:40,0
DA:43,0
DA:44,0
DA:45,0
DA:49,0
DA:50,0
DA:52,0
DA:56,0
DA:57,0
DA:58,0
DA:59,0
DA:60,0
DA:63,0
DA:67,0
DA:68,0
DA:69,0
DA:71,0
LF:33
LH:0
BRDA:26,0,0,0
BRDA:26,0,1,0
BRDA:49,1,0,0
BRDA:49,1,1,0
BRDA:50,2,0,0
BRDA:50,2,1,0
BRF:6
BRH:0
end_of_record
TN:
SF:utils\v2\seeds.ts
FNF:0
FNH:0
DA:4,0
LF:1
LH:0
BRF:0
BRH:0
end_of_record
TN:
SF:utils\v2\solver.ts
FN:20,(anonymous_0)
FN:21,(anonymous_1)
FN:36,(anonymous_2)
FN:58,(anonymous_3)
FN:59,(anonymous_4)
FN:107,(anonymous_5)
FN:107,(anonymous_6)
FN:111,(anonymous_7)
FN:131,(anonymous_8)
FN:221,(anonymous_9)
FN:259,(anonymous_10)
FN:277,(anonymous_11)
FN:287,(anonymous_12)
FN:318,(anonymous_13)
FN:326,(anonymous_14)
FN:346,(anonymous_15)
FN:356,(anonymous_16)
FN:364,(anonymous_17)
FN:373,(anonymous_18)
FN:374,(anonymous_19)
FN:377,(anonymous_20)
FN:405,(anonymous_21)
FNF:22
FNH:0
FNDA:0,(anonymous_0)
FNDA:0,(anonymous_1)
FNDA:0,(anonymous_2)
FNDA:0,(anonymous_3)
FNDA:0,(anonymous_4)
FNDA:0,(anonymous_5)
FNDA:0,(anonymous_6)
FNDA:0,(anonymous_7)
FNDA:0,(anonymous_8)
FNDA:0,(anonymous_9)
FNDA:0,(anonymous_10)
FNDA:0,(anonymous_11)
FNDA:0,(anonymous_12)
FNDA:0,(anonymous_13)
FNDA:0,(anonymous_14)
FNDA:0,(anonymous_15)
FNDA:0,(anonymous_16)
FNDA:0,(anonymous_17)
FNDA:0,(anonymous_18)
FNDA:0,(anonymous_19)
FNDA:0,(anonymous_20)
FNDA:0,(anonymous_21)
DA:21,0
DA:23,0
DA:24,0
DA:25,0
DA:26,0
DA:30,0
DA:37,0
DA:38,0
DA:40,0
DA:41,0
DA:42,0
DA:45,0
DA:46,0
DA:47,0
DA:48,0
DA:49,0
DA:59,0
DA:60,0
DA:61,0
DA:62,0
DA:64,0
DA:65,0
DA:68,0
DA:69,0
DA:70,0
DA:71,0
DA:72,0
DA:73,0
DA:77,0
DA:78,0
DA:79,0
DA:80,0
DA:81,0
DA:82,0
DA:86,0
DA:87,0
DA:89,0
DA:90,0
DA:91,0
DA:92,0
DA:97,0
DA:98,0
DA:99,0
DA:100,0
DA:101,0
DA:102,0
DA:107,0
DA:108,0
DA:112,0
DA:113,0
DA:114,0
DA:115,0
DA:116,0
DA:117,0
DA:128,0
DA:133,0
DA:134,0
DA:135,0
DA:136,0
DA:137,0
DA:138,0
DA:139,0
DA:140,0
DA:141,0
DA:145,0
DA:146,0
DA:147,0
DA:160,0
DA:161,0
DA:162,0
DA:163,0
DA:164,0
DA:165,0
DA:166,0
DA:167,0
DA:168,0
DA:172,0
DA:173,0
DA:174,0
DA:187,0
DA:188,0
DA:189,0
DA:190,0
DA:191,0
DA:192,0
DA:193,0
DA:194,0
DA:195,0
DA:196,0
DA:197,0
DA:198,0
DA:199,0
DA:200,0
DA:205,0
DA:206,0
DA:207,0
DA:218,0
DA:224,0
DA:225,0
DA:226,0
DA:228,0
DA:229,0
DA:230,0
DA:231,0
DA:232,0
DA:234,0
DA:235,0
DA:236,0
DA:237,0
DA:238,0
DA:239,0
DA:244,0
DA:245,0
DA:246,0
DA:248,0
DA:249,0
DA:250,0
DA:251,0
DA:254,0
DA:255,0
DA:259,0
DA:263,0
DA:264,0
DA:266,0
DA:267,0
DA:268,0
DA:269,0
DA:272,0
DA:273,0
DA:277,0
DA:284,0
DA:289,0
DA:290,0
DA:291,0
DA:292,0
DA:293,0
DA:294,0
DA:296,0
DA:297,0
DA:298,0
DA:299,0
DA:302,0
DA:303,0
DA:315,0
DA:319,0
DA:322,0
DA:326,0
DA:327,0
DA:328,0
DA:330,0
DA:333,0
DA:336,0
DA:337,0
DA:338,0
DA:339,0
DA:340,0
DA:343,0
DA:347,0
DA:348,0
DA:349,0
DA:350,0
DA:351,0
DA:353,0
DA:357,0
DA:358,0
DA:359,0
DA:361,0
DA:365,0
DA:366,0
DA:374,0
DA:375,0
DA:377,0
DA:378,0
DA:379,0
DA:380,0
DA:383,0
DA:384,0
DA:386,0
DA:387,0
DA:388,0
DA:391,0
DA:392,0
DA:393,0
DA:394,0
DA:395,0
DA:396,0
DA:401,0
DA:402,0
DA:406,0
DA:407,0
DA:409,0
DA:410,0
DA:411,0
DA:412,0
DA:413,0
DA:416,0
LF:196
LH:0
BRDA:25,0,0,0
BRDA:25,0,1,0
BRDA:69,1,0,0
BRDA:69,1,1,0
BRDA:78,2,0,0
BRDA:78,2,1,0
BRDA:87,3,0,0
BRDA:87,3,1,0
BRDA:89,4,0,0
BRDA:89,4,1,0
BRDA:98,5,0,0
BRDA:98,5,1,0
BRDA:99,6,0,0
BRDA:99,6,1,0
BRDA:115,7,0,0
BRDA:115,7,1,0
BRDA:115,8,0,0
BRDA:115,8,1,0
BRDA:139,9,0,0
BRDA:139,9,1,0
BRDA:146,10,0,0
BRDA:146,10,1,0
BRDA:166,11,0,0
BRDA:166,11,1,0
BRDA:173,12,0,0
BRDA:173,12,1,0
BRDA:197,13,0,0
BRDA:197,13,1,0
BRDA:206,14,0,0
BRDA:206,14,1,0
BRDA:236,15,0,0
BRDA:236,15,1,0
BRDA:244,16,0,0
BRDA:244,16,1,0
BRDA:244,17,0,0
BRDA:244,17,1,0
BRDA:245,18,0,0
BRDA:245,18,1,0
BRDA:250,19,0,0
BRDA:250,19,1,0
BRDA:250,20,0,0
BRDA:250,20,1,0
BRDA:250,20,2,0
BRDA:254,21,0,0
BRDA:254,21,1,0
BRDA:263,22,0,0
BRDA:263,22,1,0
BRDA:268,23,0,0
BRDA:268,23,1,0
BRDA:268,24,0,0
BRDA:268,24,1,0
BRDA:268,24,2,0
BRDA:272,25,0,0
BRDA:272,25,1,0
BRDA:292,26,0,0
BRDA:292,26,1,0
BRDA:294,27,0,0
BRDA:294,27,1,0
BRDA:298,28,0,0
BRDA:298,28,1,0
BRDA:298,29,0,0
BRDA:298,29,1,0
BRDA:298,29,2,0
BRDA:302,30,0,0
BRDA:302,30,1,0
BRDA:322,31,0,0
BRDA:322,31,1,0
BRDA:327,32,0,0
BRDA:327,32,1,0
BRDA:328,33,0,0
BRDA:328,33,1,0
BRDA:337,34,0,0
BRDA:337,34,1,0
BRDA:340,35,0,0
BRDA:340,35,1,0
BRDA:350,36,0,0
BRDA:350,36,1,0
BRDA:359,37,0,0
BRDA:359,37,1,0
BRDA:373,38,0,0
BRDA:378,39,0,0
BRDA:378,39,1,0
BRDA:383,40,0,0
BRDA:383,40,1,0
BRDA:384,41,0,0
BRDA:384,41,1,0
BRDA:386,42,0,0
BRDA:386,42,1,0
BRDA:392,43,0,0
BRDA:392,43,1,0
BRDA:396,44,0,0
BRDA:396,44,1,0
BRDA:407,45,0,0
BRDA:407,45,1,0
BRDA:407,46,0,0
BRDA:407,46,1,0
BRDA:413,47,0,0
BRDA:413,47,1,0
BRF:98
BRH:0
end_of_record
